Log file open, 04/03/17 16:14:30
LogInit:Display: Running engine for game: Game
LogPlatformFile: Not using cached read wrapper
LogInit:Display: RandInit(-638414132) SRandInit(-638414132).
LogTaskGraph: Started task graph with 5 named threads and 8 total threads with 1 sets of task threads.
LogStats: Stats thread started at 0.098097
LogPluginManager: Loaded Plugin Paper2D, From D:/Epic Games/4.14/Engine/Plugins/2D/Paper2D/Paper2D.uplugin
LogPluginManager: Loaded Plugin LightPropagationVolume, From D:/Epic Games/4.14/Engine/Plugins/Blendables/LightPropagationVolume/LightPropagationVolume.uplugin
LogPluginManager: Loaded Plugin BlankPlugin, From D:/Epic Games/4.14/Engine/Plugins/Developer/BlankPlugin/BlankPlugin.uplugin
LogPluginManager: Loaded Plugin CodeLiteSourceCodeAccess, From D:/Epic Games/4.14/Engine/Plugins/Developer/CodeLiteSourceCodeAccess/CodeLiteSourceCodeAccess.uplugin
LogPluginManager: Loaded Plugin GitSourceControl, From D:/Epic Games/4.14/Engine/Plugins/Developer/GitSourceControl/GitSourceControl.uplugin
LogPluginManager: Loaded Plugin KDevelopSourceCodeAccess, From D:/Epic Games/4.14/Engine/Plugins/Developer/KDevelopSourceCodeAccess/KDevelopSourceCodeAccess.uplugin
LogPluginManager: Loaded Plugin NullSourceCodeAccess, From D:/Epic Games/4.14/Engine/Plugins/Developer/NullSourceCodeAccess/NullSourceCodeAccess.uplugin
LogPluginManager: Loaded Plugin OneSkyLocalizationService, From D:/Epic Games/4.14/Engine/Plugins/Developer/OneSkyLocalizationService/OneSkyLocalizationService.uplugin
LogPluginManager: Loaded Plugin PerforceSourceControl, From D:/Epic Games/4.14/Engine/Plugins/Developer/PerforceSourceControl/PerforceSourceControl.uplugin
LogPluginManager: Loaded Plugin SubversionSourceControl, From D:/Epic Games/4.14/Engine/Plugins/Developer/SubversionSourceControl/SubversionSourceControl.uplugin
LogPluginManager: Loaded Plugin UObjectPlugin, From D:/Epic Games/4.14/Engine/Plugins/Developer/UObjectPlugin/UObjectPlugin.uplugin
LogPluginManager: Loaded Plugin VisualStudioSourceCodeAccess, From D:/Epic Games/4.14/Engine/Plugins/Developer/VisualStudioSourceCodeAccess/VisualStudioSourceCodeAccess.uplugin
LogPluginManager: Loaded Plugin XCodeSourceCodeAccess, From D:/Epic Games/4.14/Engine/Plugins/Developer/XCodeSourceCodeAccess/XCodeSourceCodeAccess.uplugin
LogPluginManager: Loaded Plugin AudioCapture, From D:/Epic Games/4.14/Engine/Plugins/Editor/AudioCapture/AudioCapture.uplugin
LogPluginManager: Loaded Plugin EpicSurvey, From D:/Epic Games/4.14/Engine/Plugins/Editor/EpicSurvey/EpicSurvey.uplugin
LogPluginManager: Loaded Plugin MacGraphicsSwitching, From D:/Epic Games/4.14/Engine/Plugins/Editor/MacGraphicsSwitching/MacGraphicsSwitching.uplugin
LogPluginManager: Loaded Plugin MobileLauncherProfileWizard, From D:/Epic Games/4.14/Engine/Plugins/Editor/MobileLauncherProfileWizard/MobileLauncherProfileWizard.uplugin
LogPluginManager: Loaded Plugin PluginBrowser, From D:/Epic Games/4.14/Engine/Plugins/Editor/PluginBrowser/PluginBrowser.uplugin
LogPluginManager: Loaded Plugin SpeedTreeImporter, From D:/Epic Games/4.14/Engine/Plugins/Editor/SpeedTreeImporter/SpeedTreeImporter.uplugin
LogPluginManager: Loaded Plugin SuperSearchEditor, From D:/Epic Games/4.14/Engine/Plugins/Editor/SuperSearchEditor/SuperSearchEditor.uplugin
LogPluginManager: Loaded Plugin AlembicImporter, From D:/Epic Games/4.14/Engine/Plugins/Experimental/AlembicImporter/AlembicImporter.uplugin
LogPluginManager: Loaded Plugin BlueprintStats, From D:/Epic Games/4.14/Engine/Plugins/Experimental/BlueprintStats/BlueprintStats.uplugin
LogPluginManager: Loaded Plugin CharacterAI, From D:/Epic Games/4.14/Engine/Plugins/Experimental/CharacterAI/CharacterAI.uplugin
LogPluginManager: Loaded Plugin CodeEditor, From D:/Epic Games/4.14/Engine/Plugins/Experimental/CodeEditor/CodeEditor.uplugin
LogPluginManager: Loaded Plugin CodeView, From D:/Epic Games/4.14/Engine/Plugins/Experimental/CodeView/CodeView.uplugin
LogPluginManager: Loaded Plugin HTML5Networking, From D:/Epic Games/4.14/Engine/Plugins/Experimental/HTML5Networking/HTML5Networking.uplugin
LogPluginManager: Loaded Plugin OSVR, From D:/Epic Games/4.14/Engine/Plugins/Experimental/OSVR/OSVR.uplugin
LogPluginManager: Loaded Plugin Phya, From D:/Epic Games/4.14/Engine/Plugins/Experimental/Phya/Phya.uplugin
LogPluginManager: Loaded Plugin SignificanceManager, From D:/Epic Games/4.14/Engine/Plugins/Experimental/SignificanceManager/SignificanceManager.uplugin
LogPluginManager: Loaded Plugin SimpleHMD, From D:/Epic Games/4.14/Engine/Plugins/Experimental/SimpleHMD/SimpleHMD.uplugin
LogPluginManager: Loaded Plugin StereoPanorama, From D:/Epic Games/4.14/Engine/Plugins/Experimental/StereoPanorama/StereoPanorama.uplugin
LogPluginManager: Loaded Plugin StructBox, From D:/Epic Games/4.14/Engine/Plugins/Experimental/StructBox/StructBox.uplugin
LogPluginManager: Loaded Plugin AndroidMedia, From D:/Epic Games/4.14/Engine/Plugins/Media/AndroidMedia/AndroidMedia.uplugin
LogPluginManager: Loaded Plugin AvfMedia, From D:/Epic Games/4.14/Engine/Plugins/Media/AvfMedia/AvfMedia.uplugin
LogPluginManager: Loaded Plugin MediaPlayerEditor, From D:/Epic Games/4.14/Engine/Plugins/Media/MediaPlayerEditor/MediaPlayerEditor.uplugin
LogPluginManager: Loaded Plugin WmfMedia, From D:/Epic Games/4.14/Engine/Plugins/Media/WmfMedia/WmfMedia.uplugin
LogPluginManager: Loaded Plugin MessagingDebugger, From D:/Epic Games/4.14/Engine/Plugins/Messaging/MessagingDebugger/MessagingDebugger.uplugin
LogPluginManager: Loaded Plugin TcpMessaging, From D:/Epic Games/4.14/Engine/Plugins/Messaging/TcpMessaging/TcpMessaging.uplugin
LogPluginManager: Loaded Plugin UdpMessaging, From D:/Epic Games/4.14/Engine/Plugins/Messaging/UdpMessaging/UdpMessaging.uplugin
LogPluginManager: Loaded Plugin LevelSequenceEditor, From D:/Epic Games/4.14/Engine/Plugins/MovieScene/LevelSequenceEditor/LevelSequenceEditor.uplugin
LogPluginManager: Loaded Plugin MatineeToLevelSequence, From D:/Epic Games/4.14/Engine/Plugins/MovieScene/MatineeToLevelSequence/MatineeToLevelSequence.uplugin
LogPluginManager: Loaded Plugin NetcodeUnitTest, From D:/Epic Games/4.14/Engine/Plugins/NetcodeUnitTest/NetcodeUnitTest/NetcodeUnitTest.uplugin
LogPluginManager: Loaded Plugin NUTUnrealEngine4, From D:/Epic Games/4.14/Engine/Plugins/NetcodeUnitTest/NUTUnrealEngine4/NUTUnrealEngine4.uplugin
LogPluginManager: Loaded Plugin OnlineSubsystemGameCircle, From D:/Epic Games/4.14/Engine/Plugins/Online/Android/OnlineSubsystemGameCircle/OnlineSubsystemGameCircle.uplugin
LogPluginManager: Loaded Plugin OnlineSubsystemGooglePlay, From D:/Epic Games/4.14/Engine/Plugins/Online/Android/OnlineSubsystemGooglePlay/OnlineSubsystemGooglePlay.uplugin
LogPluginManager: Loaded Plugin OnlineSubsystemIOS, From D:/Epic Games/4.14/Engine/Plugins/Online/IOS/OnlineSubsystemIOS/OnlineSubsystemIOS.uplugin
LogPluginManager: Loaded Plugin OnlineFramework, From D:/Epic Games/4.14/Engine/Plugins/Online/OnlineFramework/OnlineFramework.uplugin
LogPluginManager: Loaded Plugin OnlineSubsystem, From D:/Epic Games/4.14/Engine/Plugins/Online/OnlineSubsystem/OnlineSubsystem.uplugin
LogPluginManager: Loaded Plugin OnlineSubsystemAmazon, From D:/Epic Games/4.14/Engine/Plugins/Online/OnlineSubsystemAmazon/OnlineSubsystemAmazon.uplugin
LogPluginManager: Loaded Plugin OnlineSubsystemFacebook, From D:/Epic Games/4.14/Engine/Plugins/Online/OnlineSubsystemFacebook/OnlineSubsystemFacebook.uplugin
LogPluginManager: Loaded Plugin OnlineSubsystemNull, From D:/Epic Games/4.14/Engine/Plugins/Online/OnlineSubsystemNull/OnlineSubsystemNull.uplugin
LogPluginManager: Loaded Plugin OnlineSubsystemOculus, From D:/Epic Games/4.14/Engine/Plugins/Online/OnlineSubsystemOculus/OnlineSubsystemOculus.uplugin
LogPluginManager: Loaded Plugin OnlineSubsystemSteam, From D:/Epic Games/4.14/Engine/Plugins/Online/OnlineSubsystemSteam/OnlineSubsystemSteam.uplugin
LogPluginManager: Loaded Plugin OnlineSubsystemUtils, From D:/Epic Games/4.14/Engine/Plugins/Online/OnlineSubsystemUtils/OnlineSubsystemUtils.uplugin
LogPluginManager: Loaded Plugin IOSTapJoy, From D:/Epic Games/4.14/Engine/Plugins/Runtime/Advertising/IOSTapJoy/IOSTapJoy.uplugin
LogPluginManager: Loaded Plugin AnalyticsBlueprintLibrary, From D:/Epic Games/4.14/Engine/Plugins/Runtime/Analytics/AnalyticsBlueprintLibrary/AnalyticsBlueprintLibrary.uplugin
LogPluginManager: Loaded Plugin AnalyticsMulticast, From D:/Epic Games/4.14/Engine/Plugins/Runtime/Analytics/AnalyticsMulticast/AnalyticsMulticast.uplugin
LogPluginManager: Loaded Plugin Apsalar, From D:/Epic Games/4.14/Engine/Plugins/Runtime/Analytics/Apsalar/Apsalar.uplugin
LogPluginManager: Loaded Plugin FileLogging, From D:/Epic Games/4.14/Engine/Plugins/Runtime/Analytics/FileLogging/FileLogging.uplugin
LogPluginManager: Loaded Plugin Flurry, From D:/Epic Games/4.14/Engine/Plugins/Runtime/Analytics/Flurry/Flurry.uplugin
LogPluginManager: Loaded Plugin AndroidDeviceProfileSelector, From D:/Epic Games/4.14/Engine/Plugins/Runtime/AndroidDeviceProfileSelector/AndroidDeviceProfileSelector.uplugin
LogPluginManager: Loaded Plugin AndroidMoviePlayer, From D:/Epic Games/4.14/Engine/Plugins/Runtime/AndroidMoviePlayer/AndroidMoviePlayer.uplugin
LogPluginManager: Loaded Plugin AppleMoviePlayer, From D:/Epic Games/4.14/Engine/Plugins/Runtime/AppleMoviePlayer/AppleMoviePlayer.uplugin
LogPluginManager: Loaded Plugin ArchVisCharacter, From D:/Epic Games/4.14/Engine/Plugins/Runtime/ArchVisCharacter/ArchVisCharacter.uplugin
LogPluginManager: Loaded Plugin CableComponent, From D:/Epic Games/4.14/Engine/Plugins/Runtime/CableComponent/CableComponent.uplugin
LogPluginManager: Loaded Plugin CustomMeshComponent, From D:/Epic Games/4.14/Engine/Plugins/Runtime/CustomMeshComponent/CustomMeshComponent.uplugin
LogPluginManager: Loaded Plugin ExampleDeviceProfileSelector, From D:/Epic Games/4.14/Engine/Plugins/Runtime/ExampleDeviceProfileSelector/ExampleDeviceProfileSelector.uplugin
LogPluginManager: Loaded Plugin GearVR, From D:/Epic Games/4.14/Engine/Plugins/Runtime/GearVR/GearVR.uplugin
LogPluginManager: Loaded Plugin GoogleVRController, From D:/Epic Games/4.14/Engine/Plugins/Runtime/GoogleVR/GoogleVRController/GoogleVRController.uplugin
LogPluginManager: Loaded Plugin GoogleVRHMD, From D:/Epic Games/4.14/Engine/Plugins/Runtime/GoogleVR/GoogleVRHMD/GoogleVRHMD.uplugin
LogPluginManager: Loaded Plugin IOSDeviceProfileSelector, From D:/Epic Games/4.14/Engine/Plugins/Runtime/IOSDeviceProfileSelector/IOSDeviceProfileSelector.uplugin
LogPluginManager: Loaded Plugin LeapMotion, From D:/Epic Games/4.14/Engine/Plugins/Runtime/LeapMotion/LeapMotion.uplugin
LogPluginManager: Loaded Plugin LinuxDeviceProfileSelector, From D:/Epic Games/4.14/Engine/Plugins/Runtime/LinuxDeviceProfileSelector/LinuxDeviceProfileSelector.uplugin
LogPluginManager: Loaded Plugin MIDIDevice, From D:/Epic Games/4.14/Engine/Plugins/Runtime/MIDIDevice/MIDIDevice.uplugin
LogPluginManager: Loaded Plugin MobilePatchingUtils, From D:/Epic Games/4.14/Engine/Plugins/Runtime/MobilePatchingUtils/MobilePatchingUtils.uplugin
LogPluginManager: Loaded Plugin Ansel, From D:/Epic Games/4.14/Engine/Plugins/Runtime/Nvidia/Ansel/Ansel.uplugin
LogPluginManager: Loaded Plugin OculusAudio, From D:/Epic Games/4.14/Engine/Plugins/Runtime/OculusAudio/OculusAudio.uplugin
LogPluginManager: Loaded Plugin OculusInput, From D:/Epic Games/4.14/Engine/Plugins/Runtime/OculusInput/OculusInput.uplugin
LogPluginManager: Loaded Plugin OculusLibrary, From D:/Epic Games/4.14/Engine/Plugins/Runtime/OculusLibrary/OculusLibrary.uplugin
LogPluginManager: Loaded Plugin OculusRift, From D:/Epic Games/4.14/Engine/Plugins/Runtime/OculusRift/OculusRift.uplugin
LogPluginManager: Loaded Plugin Oodle, From D:/Epic Games/4.14/Engine/Plugins/Runtime/PacketHandlers/CompressionComponents/Oodle/Oodle.uplugin
LogPluginManager: Loaded Plugin ProceduralMeshComponent, From D:/Epic Games/4.14/Engine/Plugins/Runtime/ProceduralMeshComponent/ProceduralMeshComponent.uplugin
LogPluginManager: Loaded Plugin SoundMod, From D:/Epic Games/4.14/Engine/Plugins/Runtime/SoundMod/SoundMod.uplugin
LogPluginManager: Loaded Plugin SoundVisualizations, From D:/Epic Games/4.14/Engine/Plugins/Runtime/SoundVisualizations/SoundVisualizations.uplugin
LogPluginManager: Loaded Plugin SteamController, From D:/Epic Games/4.14/Engine/Plugins/Runtime/Steam/SteamController/SteamController.uplugin
LogPluginManager: Loaded Plugin SteamVR, From D:/Epic Games/4.14/Engine/Plugins/Runtime/Steam/SteamVR/SteamVR.uplugin
LogPluginManager: Loaded Plugin WebBrowserWidget, From D:/Epic Games/4.14/Engine/Plugins/Runtime/WebBrowserWidget/WebBrowserWidget.uplugin
LogPluginManager: Loaded Plugin WindowsDeviceProfileSelector, From D:/Epic Games/4.14/Engine/Plugins/Runtime/WindowsDeviceProfileSelector/WindowsDeviceProfileSelector.uplugin
LogPluginManager: Loaded Plugin WindowsMoviePlayer, From D:/Epic Games/4.14/Engine/Plugins/Runtime/WindowsMoviePlayer/WindowsMoviePlayer.uplugin
LogPluginManager: Loaded Plugin ScriptPlugin, From D:/Epic Games/4.14/Engine/Plugins/ScriptPlugin/ScriptPlugin.uplugin
LogPluginManager: Loaded Plugin SlateRemote, From D:/Epic Games/4.14/Engine/Plugins/Slate/SlateRemote/SlateRemote.uplugin
LogPluginManager: Loaded Plugin EditorTests, From D:/Epic Games/4.14/Engine/Plugins/Tests/EditorTests/EditorTests.uplugin
LogPluginManager: Loaded Plugin FbxAutomationTestBuilder, From D:/Epic Games/4.14/Engine/Plugins/Tests/FbxAutomationTestBuilder/FbxAutomationTestBuilder.uplugin
LogPluginManager: Loaded Plugin FunctionalTestingEditor, From D:/Epic Games/4.14/Engine/Plugins/Tests/FunctionalTestingEditor/FunctionalTestingEditor.uplugin
LogPluginManager: Loaded Plugin RuntimeTests, From D:/Epic Games/4.14/Engine/Plugins/Tests/RuntimeTests/RuntimeTests.uplugin
LogPluginManager: Loaded Plugin ScreenshotTools, From D:/Epic Games/4.14/Engine/Plugins/Tests/ScreenshotTools/ScreenshotTools.uplugin
LogInit: Using libcurl 7.47.1
LogInit:  - built for x86_64-pc-win32
LogInit:  - supports SSL with OpenSSL/1.0.2g
LogInit:  - supports HTTP deflate (compression) using libz 1.2.8
LogInit:  - other features:
LogInit:      CURL_VERSION_SSL
LogInit:      CURL_VERSION_LIBZ
LogInit:      CURL_VERSION_IPV6
LogInit:      CURL_VERSION_ASYNCHDNS
LogInit:      CURL_VERSION_LARGEFILE
LogInit:      CURL_VERSION_IDN
LogInit:  CurlRequestOptions (configurable via config and command line):
LogInit:  - bVerifyPeer = false  - Libcurl will NOT verify peer certificate
LogInit:  - bUseHttpProxy = false  - Libcurl will NOT use HTTP proxy
LogInit:  - bDontReuseConnections = false  - Libcurl will reuse connections
LogInit:  - CertBundlePath = nullptr  - Libcurl will use whatever was configured at build time.
LogInit: Build: ++UE4+Release-4.14-CL-3249277
LogInit: Engine Version: 4.14.3-3249277+++UE4+Release-4.14
LogInit: Compatible Engine Version: 4.14.0-3195953+++UE4+Release-4.14
LogInit: Net CL: 3195953
LogDevObjectVersion: Number of dev versions registered: 13
LogDevObjectVersion:   Dev-Blueprints (B0D832E4-1F89-4F0D-ACCF-7EB736FD4AA2): 7
LogDevObjectVersion:   Dev-Build (E1C64328-A22C-4D53-A36C-8E866417BD8C): 0
LogDevObjectVersion:   Dev-Core (375EC13C-06E4-48FB-B500-84F0262A717E): 1
LogDevObjectVersion:   Dev-Editor (E4B068ED-F494-42E9-A231-DA0B2E46BB41): 8
LogDevObjectVersion:   Dev-Framework (CFFC743F-43B0-4480-9391-14DF171D2073): 17
LogDevObjectVersion:   Dev-Mobile (B02B49B5-BB20-44E9-A304-32B752E40360): 0
LogDevObjectVersion:   Dev-Networking (A4E4105C-59A1-49B5-A7C5-40C4547EDFEE): 0
LogDevObjectVersion:   Dev-Online (39C831C9-5AE6-47DC-9A44-9C173E1C8E7C): 0
LogDevObjectVersion:   Dev-Physics (78F01B33-EBEA-4F98-B9B4-84EACCB95AA2): 0
LogDevObjectVersion:   Dev-Platform (6631380F-2D4D-43E0-8009-CF276956A95A): 0
LogDevObjectVersion:   Dev-Rendering (12F88B9F-8875-4AFC-A67C-D90C383ABD29): 12
LogDevObjectVersion:   Dev-Sequencer (7B5AE74C-D270-4C10-A958-57980B212A5A): 1
LogDevObjectVersion:   Dev-VR (D7296918-1DD6-4BDD-9DE2-64A83CC13884): 0
LogInit: Compiled (64-bit): Jan  6 2017 10:49:43
LogInit: Compiled with Visual C++: 19.00.23026.00
LogInit: Build Configuration: Development
LogInit: Branch Name: ++UE4+Release-4.14
LogInit: Command line: 
LogInit: Base directory: D:/Epic Games/4.14/Engine/Binaries/Win64/
LogInit: Installed Engine Build: 1
LogInit: Presizing for max 8388607 objects, including 0 objects not considered by GC, pre-allocating 0 bytes for permanent pool.
LogInit: Object subsystem initialized
[2017.04.03-14.14.31:049][  0]LogInit: Selected Device Profile: [Windows]
[2017.04.03-14.14.31:049][  0]LogInit: Applying CVar settings loaded from the selected device profile: [Windows]
[2017.04.03-14.14.31:062][  0]LogInit: Computer: DESKTOP-D7VAKT2
[2017.04.03-14.14.31:062][  0]LogInit: User: olej
[2017.04.03-14.14.31:062][  0]LogInit: CPU Page size=65536, Cores=4
[2017.04.03-14.14.31:062][  0]LogInit: High frequency timer resolution =2.531247 MHz
[2017.04.03-14.14.31:062][  0]LogMemory: Memory total: Physical=15.9GB (16GB approx)
[2017.04.03-14.14.31:062][  0]LogMemory: Platform Memory Stats for Windows
[2017.04.03-14.14.31:062][  0]LogMemory: Process Physical Memory: 264.61 MB used, 264.61 MB peak
[2017.04.03-14.14.31:062][  0]LogMemory: Process Virtual Memory: 262.80 MB used, 262.80 MB peak
[2017.04.03-14.14.31:062][  0]LogMemory: Physical Memory: 7957.11 MB used,  8365.25 MB free, 16322.36 MB total
[2017.04.03-14.14.31:062][  0]LogMemory: Virtual Memory: 676.65 MB used,  8365.25 MB free, 134217728.00 MB total
[2017.04.03-14.14.31:607][  0]LogTextLocalizationManager: No translations for ('nb-NO') exist, falling back to 'en' for localization and internationalization data.
[2017.04.03-14.14.32:617][  0]LogD3D11RHI: D3D11 adapters:
[2017.04.03-14.14.32:643][  0]LogD3D11RHI:    0. 'NVIDIA GeForce GTX 980M' (Feature Level 11_0)
[2017.04.03-14.14.32:643][  0]LogD3D11RHI:       4061/0/8161 MB DedicatedVideo/DedicatedSystem/SharedSystem, Outputs:1, VendorId:0x10de
[2017.04.03-14.14.32:645][  0]LogD3D11RHI:    1. 'Microsoft Basic Render Driver' (Feature Level 11_0)
[2017.04.03-14.14.32:645][  0]LogD3D11RHI:       0/0/8161 MB DedicatedVideo/DedicatedSystem/SharedSystem, Outputs:0, VendorId:0x1414
[2017.04.03-14.14.32:645][  0]LogD3D11RHI: Chosen D3D11 Adapter: 0
[2017.04.03-14.14.32:650][  0]LogD3D11RHI: Creating new Direct3DDevice
[2017.04.03-14.14.32:650][  0]LogD3D11RHI:     GPU DeviceId: 0x1617 (for the marketing name, search the web for "GPU Device Id")
[2017.04.03-14.14.32:650][  0]LogWindows: EnumDisplayDevices:
[2017.04.03-14.14.32:650][  0]LogWindows:    0. 'NVIDIA GeForce GTX 980M' (P:1 D:1)
[2017.04.03-14.14.32:651][  0]LogWindows:    1. 'NVIDIA GeForce GTX 980M' (P:0 D:0)
[2017.04.03-14.14.32:651][  0]LogWindows:    2. 'NVIDIA GeForce GTX 980M' (P:0 D:0)
[2017.04.03-14.14.32:651][  0]LogWindows:    3. 'NVIDIA GeForce GTX 980M' (P:0 D:0)
[2017.04.03-14.14.32:651][  0]LogWindows: DebugString: FoundDriverCount:4 
[2017.04.03-14.14.32:651][  0]LogD3D11RHI:     Adapter Name: NVIDIA GeForce GTX 980M
[2017.04.03-14.14.32:651][  0]LogD3D11RHI:   Driver Version: 376.33 (internal:21.21.13.7633, unified:376.33)
[2017.04.03-14.14.32:651][  0]LogD3D11RHI:      Driver Date: 12-11-2016
[2017.04.03-14.14.32:651][  0]LogRHI: Texture pool is 1361 MB (70% of 1945 MB)
[2017.04.03-14.14.32:666][  0]LogD3D11RHI: Async texture creation enabled
[2017.04.03-14.14.32:676][  0]LogD3D11RHI: GPU Timing Frequency: 1000.000000 (Debug: 2 1)
[2017.04.03-14.14.32:677][  0]LogShaderCompilers: Guid format shader working directory is -9 characters bigger than the processId version (C:/Users/ole_j/OneDrive/Documents/Unreal Projects/Game/Intermediate/Shaders/WorkingDirectory/13444/).
[2017.04.03-14.14.32:677][  0]LogShaderCompilers: Cleaned the shader compiler working directory 'C:/Users/ole_j/AppData/Local/Temp/UnrealShaderWorkingDir/9C6183974FCFB45299DD94A5BB74FC55/'.
[2017.04.03-14.14.32:677][  0]LogShaderCompilers:Display: Using Local Shader Compiler.
[2017.04.03-14.14.33:946][  0]LogTemp:Display: Loaded TP AllDesktopTargetPlatform
[2017.04.03-14.14.34:017][  0]LogTemp:Display: Loaded TP MacClientTargetPlatform
[2017.04.03-14.14.34:090][  0]LogTemp:Display: Loaded TP MacNoEditorTargetPlatform
[2017.04.03-14.14.34:163][  0]LogTemp:Display: Loaded TP MacServerTargetPlatform
[2017.04.03-14.14.34:228][  0]LogTemp:Display: Loaded TP MacTargetPlatform
[2017.04.03-14.14.34:289][  0]LogTemp:Display: Loaded TP WindowsClientTargetPlatform
[2017.04.03-14.14.34:362][  0]LogTemp:Display: Loaded TP WindowsNoEditorTargetPlatform
[2017.04.03-14.14.34:437][  0]LogTemp:Display: Loaded TP WindowsServerTargetPlatform
[2017.04.03-14.14.34:494][  0]LogTemp:Display: Loaded TP WindowsTargetPlatform
[2017.04.03-14.14.34:566][  0]LogTemp:Display: Loaded TP AndroidTargetPlatform
[2017.04.03-14.14.34:639][  0]LogTemp:Display: Loaded TP Android_ASTCTargetPlatform
[2017.04.03-14.14.34:715][  0]LogTemp:Display: Loaded TP Android_ATCTargetPlatform
[2017.04.03-14.14.34:784][  0]LogTemp:Display: Loaded TP Android_DXTTargetPlatform
[2017.04.03-14.14.34:850][  0]LogTemp:Display: Loaded TP Android_ETC1TargetPlatform
[2017.04.03-14.14.34:912][  0]LogTemp:Display: Loaded TP Android_ETC2TargetPlatform
[2017.04.03-14.14.35:040][  0]LogTemp:Display: Loaded TP Android_MultiTargetPlatform
[2017.04.03-14.14.35:040][  0]LogTemp:Display: Loaded TP Android_PVRTCTargetPlatform
[2017.04.03-14.14.35:085][  0]LogTemp:Display: Loaded TP HTML5TargetPlatform
[2017.04.03-14.14.35:183][  0]LogTemp:Display: Loaded TP IOSTargetPlatform
[2017.04.03-14.14.35:216][  0]LogTemp:Display: Loaded TP TVOSTargetPlatform
[2017.04.03-14.14.35:280][  0]LogTemp:Display: Loaded TP LinuxClientTargetPlatform
[2017.04.03-14.14.35:334][  0]LogTemp:Display: Loaded TP LinuxNoEditorTargetPlatform
[2017.04.03-14.14.35:400][  0]LogTemp:Display: Loaded TP LinuxServerTargetPlatform
[2017.04.03-14.14.35:451][  0]LogTemp:Display: Loaded TP LinuxTargetPlatform
[2017.04.03-14.14.35:451][  0]LogTargetPlatformManager:Display: Building Assets For Windows
[2017.04.03-14.14.35:822][  0]LogDerivedDataCache:Display: Max Cache Size: 512 MB
[2017.04.03-14.14.35:881][  0]LogDerivedDataCache: Loaded boot cache 0.06s 51MB C:/Users/ole_j/AppData/Local/UnrealEngine/4.14/DerivedDataCache/Boot.ddc.
[2017.04.03-14.14.35:881][  0]LogDerivedDataCache:Display: Loaded Boot cache: C:/Users/ole_j/AppData/Local/UnrealEngine/4.14/DerivedDataCache/Boot.ddc
[2017.04.03-14.14.35:881][  0]LogDerivedDataCache: FDerivedDataBackendGraph:  Pak pak cache file C:/Users/ole_j/OneDrive/Documents/Unreal Projects/Game/DerivedDataCache/DDC.ddp not found, will not use a pak cache.
[2017.04.03-14.14.35:881][  0]LogDerivedDataCache: Unable to find inner node Pak for hierarchical cache Hierarchy.
[2017.04.03-14.14.35:881][  0]LogDerivedDataCache: FDerivedDataBackendGraph:  CompressedPak pak cache file C:/Users/ole_j/OneDrive/Documents/Unreal Projects/Game/DerivedDataCache/Compressed.ddp not found, will not use a pak cache.
[2017.04.03-14.14.35:881][  0]LogDerivedDataCache: Unable to find inner node CompressedPak for hierarchical cache Hierarchy.
[2017.04.03-14.14.35:902][  0]LogDerivedDataCache:Display: Pak cache opened for reading ../../../Engine/DerivedDataCache/Compressed.ddp.
[2017.04.03-14.14.35:915][  0]LogDerivedDataCache: Using Local data cache path C:/Users/ole_j/AppData/Local/UnrealEngine/Common/DerivedDataCache: Writable
[2017.04.03-14.14.36:146][  0]LogInit: Selected Device Profile: [Windows]
[2017.04.03-14.14.36:149][  0]LogContentStreaming: Texture pool size is 0.00 MB
[2017.04.03-14.14.36:373][  0]LogMeshUtilities: Using QuadricMeshReduction for automatic static mesh reduction
[2017.04.03-14.14.36:420][  0]LogSimplygon: Simplygon DLL not present - disabling.
[2017.04.03-14.14.36:470][  0]LogMeshUtilities: Using SimplygonSwarm for distributed automatic mesh merging
[2017.04.03-14.14.36:470][  0]LogMeshUtilities: No automatic skeletal mesh reduction module available
[2017.04.03-14.14.36:470][  0]LogMeshUtilities: No automatic mesh merging module available
[2017.04.03-14.14.37:055][  0]LogNetVersion: GetLocalNetworkVersion: CL: 3195953, ProjectName: game, ProjectVersion: , EngineNetworkVersion: 2, GameNetworkVersion: 0, NetworkChecksum: 3986511705
[2017.04.03-14.14.37:116][  0]LogAssetRegistry: FAssetRegistry took 0.0217 seconds to start up
[2017.04.03-14.14.37:160][  0]LogPackageLocalizationCache: Processed 3 localized package path(s) for 1 prioritized culture(s) in 0.021111 seconds
[2017.04.03-14.14.37:168][  0]LogUObjectArray: 31946 objects as part of root set at end of initial load.
[2017.04.03-14.14.37:168][  0]LogUObjectAllocator: 6935848 out of 0 bytes used by permanent object pool.
[2017.04.03-14.14.37:168][  0]LogUObjectArray: CloseDisregardForGC: 0/0 objects in disregard for GC pool
[2017.04.03-14.14.37:225][  0]LogInit: WinSock: version 1.1 (2.2), MaxSocks=32767, MaxUdp=65467
[2017.04.03-14.14.37:999][  0]LogSlate: Using Freetype 2.6.0
[2017.04.03-14.14.38:000][  0]LogSlate: SlateFontCache - WITH_FREETYPE: 1, WITH_HARFBUZZ: 1
[2017.04.03-14.14.38:000][  0]LogSlate: SlateFontCache - WITH_FREETYPE: 1, WITH_HARFBUZZ: 1
[2017.04.03-14.14.39:038][  0]LogTcpMessaging: Initializing TcpMessaging bridge
[2017.04.03-14.14.39:073][  0]LogUdpMessaging: Initializing bridge on interface 0.0.0.0:0 to multicast group 230.0.0.1:6666.
[2017.04.03-14.14.39:452][  0]LogMaterial: Uniform references updated for custom material expression Custom.
[2017.04.03-14.14.39:887][  0]SourceControl: Info Source control is disabled
[2017.04.03-14.14.39:889][  0]SourceControl: Info Source control is disabled
[2017.04.03-14.14.39:935][  0]SourceControl: Info Source control is disabled
[2017.04.03-14.14.39:979][  0]SourceControl: Info Source control is disabled
[2017.04.03-14.14.41:461][  0]LogEngine: Initializing Engine...
[2017.04.03-14.14.41:463][  0]LogHMD: Failed to initialize OpenVR with code 110
[2017.04.03-14.14.41:891][  0]LogAIModule: Creating AISystem for world Untitled
[2017.04.03-14.14.41:923][  0]LogInit: XAudio2 using 'Høyttalere (Realtek High Definition Audio)' : 8 channels at 48 kHz using 32 bits per sample (channel mask 0x63f)
[2017.04.03-14.14.42:034][  0]LogInit: FAudioDevice initialized.
[2017.04.03-14.14.42:068][  0]LogDerivedDataCache: Saved boot cache 0.03s 51MB C:/Users/ole_j/AppData/Local/UnrealEngine/4.14/DerivedDataCache/Boot.ddc.
[2017.04.03-14.14.42:075][  0]LogInit: Texture streaming: Enabled
[2017.04.03-14.14.42:306][  0]LogInit: Transaction tracking system initialized
[2017.04.03-14.14.42:857][  0]BlueprintLog: New page: Editor Load
[2017.04.03-14.14.43:972][  0]LocalizationService: Info Localization service is disabled
[2017.04.03-14.14.44:787][  0]LogConsoleResponse:Display: 
[2017.04.03-14.14.44:962][  0]LogCook:Display: Max memory allowance for cook 16384mb min free memory 0mb
[2017.04.03-14.14.44:962][  0]LogCook:Display: Mobile HDR setting 1
[2017.04.03-14.14.45:849][  0]LogFileCache: Scanning file cache for directory 'C:/Users/ole_j/OneDrive/Documents/Unreal Projects/Game/Content/' took 0.01s
[2017.04.03-14.14.46:252][  0]SourceControl: Info Source control is disabled
[2017.04.03-14.14.46:252][  0]Cmd: MAP LOAD FILE="C:/Users/ole_j/OneDrive/Documents/Unreal Projects/Game/Content/TwinStickCPP/Maps/TwinStickExampleMap.umap" TEMPLATE=0 SHOWPROGRESS=1 FEATURELEVEL=3
[2017.04.03-14.14.46:253][  0]LightingResults: New page: Lighting Build
[2017.04.03-14.14.46:309][  0]MapCheck: New page: Map Check
[2017.04.03-14.14.46:309][  0]LightingResults: New page: Lighting Build
[2017.04.03-14.14.46:603][  0]LogAIModule: Creating AISystem for world TwinStickExampleMap
[2017.04.03-14.14.46:611][  0]LogEditorServer: Finished looking for orphan Actors (0.000 secs)
[2017.04.03-14.14.46:611][  0]Cmd: MAP CHECKDEP NOCLEARLOG
[2017.04.03-14.14.46:673][  0]MapCheck: Info Map check complete: 0 Error(s), 0 Warning(s), took 61.548ms to complete.
[2017.04.03-14.14.46:673][  0]LogFileHelpers: Loading map 'TwinStickExampleMap' took 0.421
[2017.04.03-14.14.46:726][  0]LogWindowsTextInputMethodSystem:Display: IME system now deactivated.
[2017.04.03-14.14.46:798][  0]LogCollectionManager: Loaded 0 collections in 0.001032 seconds
[2017.04.03-14.14.46:879][  0]LogFileCache: Scanning file cache for directory 'C:/Users/ole_j/OneDrive/Documents/Unreal Projects/Game/Saved/Collections/' took 0.01s
[2017.04.03-14.14.46:879][  0]LogFileCache: Scanning file cache for directory 'C:/Users/ole_j/OneDrive/Documents/Unreal Projects/Game/Content/Developers/olej/Collections/' took 0.01s
[2017.04.03-14.14.46:879][  0]LogFileCache: Scanning file cache for directory 'C:/Users/ole_j/OneDrive/Documents/Unreal Projects/Game/Content/Collections/' took 0.01s
[2017.04.03-14.14.46:879][  0]LogCollectionManager: Rebuilt the GUID cache for 0 collections in 0.000002 seconds
[2017.04.03-14.14.46:889][  0]LogContentBrowser: Native class hierarchy populated in 0.0103 seconds. Added 2195 classes and 430 folders.
[2017.04.03-14.14.46:941][  0]LogStats: UGameplayTagsManager::ConstructGameplayTagTree: Construct from data asset -  0.000 s
[2017.04.03-14.14.46:941][  0]LogStats: UGameplayTagsManager::ConstructGameplayTagTree: GameplayTagTreeChangedEvent.Broadcast -  0.000 s
[2017.04.03-14.14.46:943][  0]LogContentBrowser: Native class hierarchy updated for 'GameplayTags' in 0.0018 seconds. Added 13 classes and 0 folders.
[2017.04.03-14.14.47:002][  0]LogContentBrowser: Native class hierarchy updated for 'WidgetCarousel' in 0.0020 seconds. Added 0 classes and 0 folders.
[2017.04.03-14.14.47:056][  0]LogContentBrowser: Native class hierarchy updated for 'AddContentDialog' in 0.0017 seconds. Added 0 classes and 0 folders.
[2017.04.03-14.14.47:098][  0]LogContentBrowser: Native class hierarchy updated for 'SceneOutliner' in 0.0016 seconds. Added 1 classes and 2 folders.
[2017.04.03-14.14.47:173][  0]LogCrashTracker: Crashtracker disabled due to settings.
[2017.04.03-14.14.47:181][  0]LogUObjectGlobals:Warning: Failed to find object 'Class None.'
[2017.04.03-14.14.47:247][  0]LogContentBrowser: Native class hierarchy updated for 'HierarchicalLODOutliner' in 0.0020 seconds. Added 1 classes and 2 folders.
[2017.04.03-14.14.47:247][  0]LogLoad: (Engine Initialization) Total time: 18.80 seconds
[2017.04.03-14.14.47:247][  0]LogLoad: (Engine Initialization) Total Blueprint compile time: 0.11 seconds
[2017.04.03-14.14.47:247][  0]LogExternalProfiler: Found external profiler: VSPerf
[2017.04.03-14.14.47:247][  0]LogExternalProfiler: Using external profiler: VSPerf
[2017.04.03-14.14.47:265][  0]LogOcInput: OculusInput pre-init called
[2017.04.03-14.14.47:286][  0]LogContentStreaming: Texture pool size now 1000 MB
[2017.04.03-14.14.47:454][  0]LogRenderer: Reallocating scene render targets to support 1076x576 NumSamples 1 (Frame:2).
[2017.04.03-14.14.47:526][  1]LogAssetRegistry: Asset discovery search completed in 10.4317 seconds
[2017.04.03-14.14.47:526][  1]LogCollectionManager: Rebuilt the object cache for 0 collections in 0.000000 seconds (found 0 objects)
[2017.04.03-14.14.47:526][  1]LogCollectionManager: Fixed up redirectors for 0 collections in 0.000023 seconds (updated 0 objects)
[2017.04.03-14.18.41:306][820]Recompiling Game...
[2017.04.03-14.18.41:306][820]Launching UnrealBuildTool... [D:/Epic Games/4.14/Engine/Binaries/DotNET/UnrealBuildTool.exe Game -ModuleWithSuffix Game 6260 Win64 Development -editorrecompile -canskiplink "C:/Users/ole_j/OneDrive/Documents/Unreal Projects/Game/Game.uproject" ]
[2017.04.03-14.18.41:310][820]Warning: Starting HotReload took  0.1s.
[2017.04.03-14.18.46:357][906]CompilerResultsLog: New page: Compilation - Apr 3, 2017, 6:18:46 PM
[2017.04.03-14.18.46:358][906]CompilerResultsLog: Info Compiling game modules for hot reload
[2017.04.03-14.18.46:358][906]CompilerResultsLog: Info Performing 2 actions (4 in parallel)
[2017.04.03-14.18.46:358][906]CompilerResultsLog: Info GamePawn.cpp
[2017.04.03-14.18.46:358][906]CompilerResultsLog:Error: Error C:\Users\ole_j\OneDrive\Documents\Unreal Projects\Game\Source\Game\GamePawn.cpp(71) : error C2065: 'FireClick': undeclared identifier
[2017.04.03-14.18.46:358][906]CompilerResultsLog:Error: Error C:\Users\ole_j\OneDrive\Documents\Unreal Projects\Game\Source\Game\GamePawn.cpp(111) : error C2653: 'ARaiderCharacter': is not a class or namespace name
[2017.04.03-14.18.46:358][906]CompilerResultsLog:Error: Error C:\Users\ole_j\OneDrive\Documents\Unreal Projects\Game\Source\Game\GamePawn.cpp(112) : error C2601: 'OnFire': local function definitions are illegal
[2017.04.03-14.18.46:358][906]CompilerResultsLog:Error: Error C:\Users\ole_j\OneDrive\Documents\Unreal Projects\Game\Source\Game\GamePawn.cpp(85) : note: this line contains a '{' which has not yet been matched
[2017.04.03-14.18.46:358][906]CompilerResultsLog:Error: Error C:\Users\ole_j\OneDrive\Documents\Unreal Projects\Game\Source\Game\GamePawn.cpp(116) : error C3861: 'GetController': identifier not found
[2017.04.03-14.18.46:358][906]CompilerResultsLog:Error: Error C:\Users\ole_j\OneDrive\Documents\Unreal Projects\Game\Source\Game\GamePawn.cpp(125) : error C2065: 'Controller': undeclared identifier
[2017.04.03-14.18.46:358][906]CompilerResultsLog:Error: Error C:\Users\ole_j\OneDrive\Documents\Unreal Projects\Game\Source\Game\GamePawn.cpp(125) : error C2227: left of '->CastToPlayerController' must point to class/struct/union/generic type
[2017.04.03-14.18.46:358][906]CompilerResultsLog:Error: Error C:\Users\ole_j\OneDrive\Documents\Unreal Projects\Game\Source\Game\GamePawn.cpp(125) : note: type is 'unknown-type'
[2017.04.03-14.18.46:358][906]CompilerResultsLog:Error: Error C:\Users\ole_j\OneDrive\Documents\Unreal Projects\Game\Source\Game\GamePawn.cpp(125) : error C2227: left of '->GetHitResultUnderCursor' must point to class/struct/union/generic type
[2017.04.03-14.18.46:358][906]CompilerResultsLog:Error: Error C:\Users\ole_j\OneDrive\Documents\Unreal Projects\Game\Source\Game\GamePawn.cpp(135) : error C2065: 'ProjectileClass': undeclared identifier
[2017.04.03-14.18.46:358][906]CompilerResultsLog:Error: Error C:\Users\ole_j\OneDrive\Documents\Unreal Projects\Game\Source\Game\GamePawn.cpp(140) : error C3861: 'GetActorEyesViewPoint': identifier not found
[2017.04.03-14.18.46:358][906]CompilerResultsLog:Error: Error C:\Users\ole_j\OneDrive\Documents\Unreal Projects\Game\Source\Game\GamePawn.cpp(142) : error C2065: 'MuzzleOffset': undeclared identifier
[2017.04.03-14.18.46:358][906]CompilerResultsLog:Error: Error C:\Users\ole_j\OneDrive\Documents\Unreal Projects\Game\Source\Game\GamePawn.cpp(145) : error C3861: 'GetWorld': identifier not found
[2017.04.03-14.18.46:358][906]CompilerResultsLog:Error: Error C:\Users\ole_j\OneDrive\Documents\Unreal Projects\Game\Source\Game\GamePawn.cpp(149) : error C2355: 'this': can only be referenced inside non-static member functions or non-static data member initializers
[2017.04.03-14.18.46:358][906]CompilerResultsLog:Error: Error C:\Users\ole_j\OneDrive\Documents\Unreal Projects\Game\Source\Game\GamePawn.cpp(150) : error C2065: 'Instigator': undeclared identifier
[2017.04.03-14.18.46:358][906]CompilerResultsLog:Error: Error C:\Users\ole_j\OneDrive\Documents\Unreal Projects\Game\Source\Game\GamePawn.cpp(152) : error C2065: 'AProjectile': undeclared identifier
[2017.04.03-14.18.46:358][906]CompilerResultsLog:Error: Error C:\Users\ole_j\OneDrive\Documents\Unreal Projects\Game\Source\Game\GamePawn.cpp(152) : error C2059: syntax error: 'const'
[2017.04.03-14.18.46:358][906]CompilerResultsLog:Error: Error C:\Users\ole_j\OneDrive\Documents\Unreal Projects\Game\Source\Game\GamePawn.cpp(153) : error C2065: 'Projectile': undeclared identifier
[2017.04.03-14.18.46:358][906]CompilerResultsLog:Error: Error C:\Users\ole_j\OneDrive\Documents\Unreal Projects\Game\Source\Game\GamePawn.cpp(156) : warning C4456: declaration of 'LaunchDir' hides previous local declaration
[2017.04.03-14.18.46:358][906]CompilerResultsLog:Error: Error C:\Users\ole_j\OneDrive\Documents\Unreal Projects\Game\Source\Game\GamePawn.cpp(121) : note: see declaration of 'LaunchDir'
[2017.04.03-14.18.46:358][906]CompilerResultsLog:Error: Error C:\Users\ole_j\OneDrive\Documents\Unreal Projects\Game\Source\Game\GamePawn.cpp(158) : error C2065: 'Projectile': undeclared identifier
[2017.04.03-14.18.46:358][906]CompilerResultsLog:Error: Error C:\Users\ole_j\OneDrive\Documents\Unreal Projects\Game\Source\Game\GamePawn.cpp(158) : error C2227: left of '->InitVelocity' must point to class/struct/union/generic type
[2017.04.03-14.18.46:358][906]CompilerResultsLog:Error: Error C:\Users\ole_j\OneDrive\Documents\Unreal Projects\Game\Source\Game\GamePawn.cpp(158) : note: type is 'unknown-type'
[2017.04.03-14.18.46:359][906]CompilerResultsLog: Info ERROR: UBT ERROR: Failed to produce item: C:\Users\ole_j\OneDrive\Documents\Unreal Projects\Game\Binaries\Win64\UE4Editor-Game-6260.dll
[2017.04.03-14.18.46:359][906]CompilerResultsLog: Info Total build time: 4,79 seconds
[2017.04.03-14.18.46:359][906]LogMainFrame: MainFrame: Module compiling took 5.057 seconds
[2017.04.03-14.18.46:359][906]Warning: HotReload failed, recompile failed
[2017.04.03-17.30.31:732][813]LogEditorViewport: Clicking on Actor (LMB): StaticMeshActor (Floor)
[2017.04.03-17.30.39:271][968]LogContentBrowser: Native class hierarchy updated for 'BlueprintGraph' in 0.0032 seconds. Added 111 classes and 0 folders.
[2017.04.03-17.30.40:177][968]LogRenderer: Reallocating scene render targets to support 1144x900 NumSamples 1 (Frame:790).
[2017.04.03-17.31.08:536][155]LogSavePackage: Save=109.80ms
[2017.04.03-17.31.08:536][155]LogSavePackage: Moving 'C:/Users/ole_j/OneDrive/Documents/Unreal Projects/Game/Saved/TwinStickExampleMap_Auto188E34C5D4F764378D807FF8EC39FDA57.tmp' to 'C:/Users/ole_j/OneDrive/Documents/Unreal Projects/Game/Saved/Autosaves/Game/TwinStickCPP/Maps/TwinStickExampleMap_Auto1.umap'
[2017.04.03-17.31.08:540][155]LogSavePackage:Display: Finished SavePackage C:/Users/ole_j/OneDrive/Documents/Unreal Projects/Game/Saved/Autosaves/Game/TwinStickCPP/Maps/TwinStickExampleMap_Auto1.umap
[2017.04.03-17.31.08:591][155]LogFileHelpers: Editor autosave (incl. sublevels) for '/Game/TwinStickCPP/Maps/TwinStickExampleMap' took 0.246
[2017.04.03-17.31.08:591][155]LogFileHelpers: Editor autosave (incl. sublevels) for all levels took 0.246
[2017.04.03-17.31.08:656][155]OBJ SavePackage: Generating thumbnails for [1] asset(s) in package [/Game/Floor_Blueprint] ([1] browsable assets)...
[2017.04.03-17.31.08:748][155]OBJ SavePackage:     Rendered thumbnail for [Blueprint /Game/Floor_Blueprint.Floor_Blueprint]
[2017.04.03-17.31.08:748][155]OBJ SavePackage: Finished generating thumbnails for package [/Game/Floor_Blueprint]
[2017.04.03-17.31.08:748][155]Cmd: OBJ SAVEPACKAGE PACKAGE="/Game/Floor_Blueprint" FILE="C:/Users/ole_j/OneDrive/Documents/Unreal Projects/Game/Saved/Autosaves/Game/Floor_Blueprint_Auto1.uasset" SILENT=false AUTOSAVING=true
[2017.04.03-17.31.08:771][155]LogSavePackage: Save=20.60ms
[2017.04.03-17.31.08:771][155]LogSavePackage: Moving 'C:/Users/ole_j/OneDrive/Documents/Unreal Projects/Game/Saved/Floor_Blueprint_Auto1E7A518BB4D867CF5416D9A83011FED4D.tmp' to 'C:/Users/ole_j/OneDrive/Documents/Unreal Projects/Game/Saved/Autosaves/Game/Floor_Blueprint_Auto1.uasset'
[2017.04.03-17.31.08:774][155]LogSavePackage:Display: Finished SavePackage C:/Users/ole_j/OneDrive/Documents/Unreal Projects/Game/Saved/Autosaves/Game/Floor_Blueprint_Auto1.uasset
[2017.04.03-17.31.08:774][155]LogFileHelpers: Auto-saving content packages took 0.120
[2017.04.03-18.05.29:494][493]Cmd: TRANSACTION UNDO
[2017.04.03-18.05.29:494][493]LogEditorTransaction: Undo Replace Actor(s) with blueprint
[2017.04.03-18.05.30:789][521]Cmd: TRANSACTION UNDO
[2017.04.03-18.05.30:789][521]LogEditorTransaction: Undo Clicking on Actors
[2017.04.03-18.05.37:411][769]LogEditorViewport: Clicking on Actor (LMB): GamePawn (TP_TwinStickPawn)
[2017.04.03-18.09.38:069][178]LogSavePackage: Save=115.30ms
[2017.04.03-18.09.38:069][178]LogSavePackage: Moving 'C:/Users/ole_j/OneDrive/Documents/Unreal Projects/Game/Saved/TwinStickExampleMap_Auto24842BFED467C9874506B159807B6EC8C.tmp' to 'C:/Users/ole_j/OneDrive/Documents/Unreal Projects/Game/Saved/Autosaves/Game/TwinStickCPP/Maps/TwinStickExampleMap_Auto2.umap'
[2017.04.03-18.09.38:073][178]LogSavePackage:Display: Finished SavePackage C:/Users/ole_j/OneDrive/Documents/Unreal Projects/Game/Saved/Autosaves/Game/TwinStickCPP/Maps/TwinStickExampleMap_Auto2.umap
[2017.04.03-18.09.38:111][178]LogFileHelpers: Editor autosave (incl. sublevels) for '/Game/TwinStickCPP/Maps/TwinStickExampleMap' took 0.233
[2017.04.03-18.09.38:111][178]LogFileHelpers: Editor autosave (incl. sublevels) for all levels took 0.233
[2017.04.03-18.09.38:161][178]OBJ SavePackage: Generating thumbnails for [1] asset(s) in package [/Game/TP_TwinStickPawn_Blueprint] ([1] browsable assets)...
[2017.04.03-18.09.38:228][178]OBJ SavePackage:     Rendered thumbnail for [Blueprint /Game/TP_TwinStickPawn_Blueprint.TP_TwinStickPawn_Blueprint]
[2017.04.03-18.09.38:228][178]OBJ SavePackage: Finished generating thumbnails for package [/Game/TP_TwinStickPawn_Blueprint]
[2017.04.03-18.09.38:252][178]LogSavePackage: Save=21.28ms
[2017.04.03-18.09.38:252][178]LogSavePackage: Moving 'C:/Users/ole_j/OneDrive/Documents/Unreal Projects/Game/Saved/TP_TwinStickPawn_Blueprint_Auto28FEE75D848696BFEC53BF8897AA2A462.tmp' to 'C:/Users/ole_j/OneDrive/Documents/Unreal Projects/Game/Saved/Autosaves/Game/TP_TwinStickPawn_Blueprint_Auto2.uasset'
[2017.04.03-18.09.38:253][178]LogSavePackage:Display: Finished SavePackage C:/Users/ole_j/OneDrive/Documents/Unreal Projects/Game/Saved/Autosaves/Game/TP_TwinStickPawn_Blueprint_Auto2.uasset
[2017.04.03-18.09.38:253][178]LogFileHelpers: Auto-saving content packages took 0.093
[2017.04.03-18.10.33:002][401]Recompiling Game...
[2017.04.03-18.10.33:003][401]Launching UnrealBuildTool... [D:/Epic Games/4.14/Engine/Binaries/DotNET/UnrealBuildTool.exe Game -ModuleWithSuffix Game 1528 Win64 Development -editorrecompile -canskiplink "C:/Users/ole_j/OneDrive/Documents/Unreal Projects/Game/Game.uproject" ]
[2017.04.03-18.10.33:011][401]Warning: Starting HotReload took  0.1s.
[2017.04.03-18.10.36:825][465]CompilerResultsLog: New page: Compilation - Apr 3, 2017, 10:10:36 PM
[2017.04.03-18.10.36:825][465]CompilerResultsLog: Info Compiling game modules for hot reload
[2017.04.03-18.10.36:825][465]CompilerResultsLog: Info Performing 2 actions (4 in parallel)
[2017.04.03-18.10.36:825][465]CompilerResultsLog: Info GamePawn.cpp
[2017.04.03-18.10.36:825][465]CompilerResultsLog:Error: Error C:\Users\ole_j\OneDrive\Documents\Unreal Projects\Game\Source\Game\GamePawn.cpp(71) : error C2065: 'FireClick': undeclared identifier
[2017.04.03-18.10.36:825][465]CompilerResultsLog: Info ERROR: UBT ERROR: Failed to produce item: C:\Users\ole_j\OneDrive\Documents\Unreal Projects\Game\Binaries\Win64\UE4Editor-Game-1528.dll
[2017.04.03-18.10.36:825][465]CompilerResultsLog: Info Total build time: 3,23 seconds
[2017.04.03-18.10.36:825][465]LogMainFrame: MainFrame: Module compiling took 3.829 seconds
[2017.04.03-18.10.36:825][465]Warning: HotReload failed, recompile failed
[2017.04.03-18.10.56:023][606]Recompiling Game...
[2017.04.03-18.10.56:023][606]Launching UnrealBuildTool... [D:/Epic Games/4.14/Engine/Binaries/DotNET/UnrealBuildTool.exe Game -ModuleWithSuffix Game 1743 Win64 Development -editorrecompile -canskiplink "C:/Users/ole_j/OneDrive/Documents/Unreal Projects/Game/Game.uproject" ]
[2017.04.03-18.10.56:026][606]Warning: Starting HotReload took  0.1s.
[2017.04.03-18.11.00:863][659]CompilerResultsLog: New page: Compilation - Apr 3, 2017, 10:11:00 PM
[2017.04.03-18.11.00:863][659]CompilerResultsLog: Info Compiling game modules for hot reload
[2017.04.03-18.11.00:863][659]CompilerResultsLog: Info Performing 2 actions (4 in parallel)
[2017.04.03-18.11.00:863][659]CompilerResultsLog: Info GamePawn.cpp
[2017.04.03-18.11.00:863][659]CompilerResultsLog: Info [2/2] Link UE4Editor-Game-1743.dll
[2017.04.03-18.11.00:863][659]CompilerResultsLog: Info    Creating library C:\Users\ole_j\OneDrive\Documents\Unreal Projects\Game\Intermediate\Build\Win64\UE4Editor\Development\UE4Editor-Game-1743.lib and object C:\Users\ole_j\OneDrive\Documents\Unreal Projects\Game\Intermediate\Build\Win64\UE4Editor\Development\UE4Editor-Game-1743.exp
[2017.04.03-18.11.00:863][659]CompilerResultsLog: Info Total build time: 4,59 seconds
[2017.04.03-18.11.00:863][659]LogMainFrame: MainFrame: Module compiling took 4.872 seconds
[2017.04.03-18.11.01:042][659]LogContentBrowser: Native class hierarchy updated for 'Game' in 0.0029 seconds. Added 5 classes and 2 folders.
[2017.04.03-18.11.01:048][659]Display: HotReload successful (1 functions remapped  0 scriptstructs remapped)
[2017.04.03-18.11.01:527][659]LogContentBrowser: Native class hierarchy populated in 0.0189 seconds. Added 2197 classes and 434 folders.
[2017.04.03-18.11.01:528][659]Display: HotReload took  5.6s.
[2017.04.03-18.11.03:751][683]LogTemp: Repeting last play command: Selected Viewport
[2017.04.03-18.11.03:771][683]LogBlueprintUserMessages: Early PlayInEditor Detection: Level '/Game/TwinStickCPP/Maps/TwinStickExampleMap.TwinStickExampleMap:PersistentLevel' has LevelScriptBlueprint '/Game/TwinStickCPP/Maps/TwinStickExampleMap.TwinStickExampleMap:PersistentLevel.TwinStickExampleMap' with GeneratedClass '/Game/TwinStickCPP/Maps/TwinStickExampleMap.TwinStickExampleMap_C' with ClassGeneratedBy '/Game/TwinStickCPP/Maps/TwinStickExampleMap.TwinStickExampleMap:PersistentLevel.TwinStickExampleMap'
[2017.04.03-18.11.03:771][683]BlueprintLog: New page: Pre-Play auto-recompile
[2017.04.03-18.11.03:771][683]LogPlayLevel: [PlayLevel] Compiling TP_TwinStickPawn_Blueprint before play...
[2017.04.03-18.11.04:434][683]LogPlayLevel: PlayLevel: Blueprint regeneration took 662 ms (1 blueprints)
[2017.04.03-18.11.04:434][683]PIE: New page: PIE session: TwinStickExampleMap (Apr 3, 2017, 10:11:04 PM)
[2017.04.03-18.11.04:434][683]LogPlayLevel: Creating play world package: /Game/TwinStickCPP/Maps/UEDPIE_0_TwinStickExampleMap
[2017.04.03-18.11.04:458][683]LogPlayLevel: PIE: StaticDuplicateObject took: (0.024241s)
[2017.04.03-18.11.04:459][683]LogAIModule: Creating AISystem for world TwinStickExampleMap
[2017.04.03-18.11.04:459][683]LogPlayLevel: PIE: World Init took: (0.000995s)
[2017.04.03-18.11.04:459][683]LogPlayLevel: PIE: Created PIE world by copying editor world from /Game/TwinStickCPP/Maps/TwinStickExampleMap.TwinStickExampleMap to /Game/TwinStickCPP/Maps/UEDPIE_0_TwinStickExampleMap.TwinStickExampleMap (0.025551s)
[2017.04.03-18.11.04:532][683]LogInit: XAudio2 using 'Høyttalere (Realtek High Definition Audio)' : 8 channels at 48 kHz using 32 bits per sample (channel mask 0x63f)
[2017.04.03-18.11.04:638][683]LogInit: FAudioDevice initialized.
[2017.04.03-18.11.04:682][683]LogLoad: Game class is 'GameGameMode'
[2017.04.03-18.11.04:685][683]LogWorld: Bringing World /Game/TwinStickCPP/Maps/UEDPIE_0_TwinStickExampleMap.TwinStickExampleMap up for play (max tick rate 60) at 2017.04.03-20.11.04
[2017.04.03-18.11.04:685][683]LogWorld: Bringing up level for play took: 0.001552
[2017.04.03-18.11.04:744][683]LogContentBrowser: Native class hierarchy updated for 'MovieSceneCapture' in 0.0025 seconds. Added 11 classes and 0 folders.
[2017.04.03-18.11.04:745][683]PIE: Info Play in editor start time for /Game/TwinStickCPP/Maps/UEDPIE_0_TwinStickExampleMap 1.827
[2017.04.03-18.11.04:745][683]LogBlueprintUserMessages: Late PlayInEditor Detection: Level '/Game/TwinStickCPP/Maps/TwinStickExampleMap.TwinStickExampleMap:PersistentLevel' has LevelScriptBlueprint '/Game/TwinStickCPP/Maps/TwinStickExampleMap.TwinStickExampleMap:PersistentLevel.TwinStickExampleMap' with GeneratedClass '/Game/TwinStickCPP/Maps/TwinStickExampleMap.TwinStickExampleMap_C' with ClassGeneratedBy '/Game/TwinStickCPP/Maps/TwinStickExampleMap.TwinStickExampleMap:PersistentLevel.TwinStickExampleMap'
[2017.04.03-18.11.20:965][347]LogBlueprintUserMessages: Early EndPlayMap Detection: Level '/Game/TwinStickCPP/Maps/TwinStickExampleMap.TwinStickExampleMap:PersistentLevel' has LevelScriptBlueprint '/Game/TwinStickCPP/Maps/TwinStickExampleMap.TwinStickExampleMap:PersistentLevel.TwinStickExampleMap' with GeneratedClass '/Game/TwinStickCPP/Maps/TwinStickExampleMap.TwinStickExampleMap_C' with ClassGeneratedBy '/Game/TwinStickCPP/Maps/TwinStickExampleMap.TwinStickExampleMap:PersistentLevel.TwinStickExampleMap'
[2017.04.03-18.11.21:060][347]LogBlueprintUserMessages: Late EndPlayMap Detection: Level '/Game/TwinStickCPP/Maps/TwinStickExampleMap.TwinStickExampleMap:PersistentLevel' has LevelScriptBlueprint '/Game/TwinStickCPP/Maps/TwinStickExampleMap.TwinStickExampleMap:PersistentLevel.TwinStickExampleMap' with GeneratedClass '/Game/TwinStickCPP/Maps/TwinStickExampleMap.TwinStickExampleMap_C' with ClassGeneratedBy '/Game/TwinStickCPP/Maps/TwinStickExampleMap.TwinStickExampleMap:PersistentLevel.TwinStickExampleMap'
[2017.04.03-18.12.31:040][655]Recompiling Game...
[2017.04.03-18.12.31:040][655]Launching UnrealBuildTool... [D:/Epic Games/4.14/Engine/Binaries/DotNET/UnrealBuildTool.exe Game -ModuleWithSuffix Game 7905 Win64 Development -editorrecompile -canskiplink "C:/Users/ole_j/OneDrive/Documents/Unreal Projects/Game/Game.uproject" ]
[2017.04.03-18.12.31:045][655]Warning: Starting HotReload took  0.1s.
[2017.04.03-18.12.31:912][666]CompilerResultsLog: New page: Compilation - Apr 3, 2017, 10:12:31 PM
[2017.04.03-18.12.31:912][666]CompilerResultsLog: Info Compiling game modules for hot reload
[2017.04.03-18.12.31:912][666]CompilerResultsLog: Info Target is up to date
[2017.04.03-18.12.31:912][666]LogMainFrame: MainFrame: Module compiling took 0.879 seconds
[2017.04.03-18.12.32:225][666]LogContentBrowser: Native class hierarchy populated in 0.0106 seconds. Added 2197 classes and 434 folders.
[2017.04.03-18.12.32:225][666]Display: HotReload took  1.3s.
[2017.04.03-18.12.35:022][702]LogTemp: Repeting last play command: Selected Viewport
[2017.04.03-18.12.35:042][702]LogBlueprintUserMessages: Early PlayInEditor Detection: Level '/Game/TwinStickCPP/Maps/TwinStickExampleMap.TwinStickExampleMap:PersistentLevel' has LevelScriptBlueprint '/Game/TwinStickCPP/Maps/TwinStickExampleMap.TwinStickExampleMap:PersistentLevel.TwinStickExampleMap' with GeneratedClass '/Game/TwinStickCPP/Maps/TwinStickExampleMap.TwinStickExampleMap_C' with ClassGeneratedBy '/Game/TwinStickCPP/Maps/TwinStickExampleMap.TwinStickExampleMap:PersistentLevel.TwinStickExampleMap'
[2017.04.03-18.12.35:042][702]LogPlayLevel: PlayLevel: No blueprints needed recompiling
[2017.04.03-18.12.35:042][702]PIE: New page: PIE session: TwinStickExampleMap (Apr 3, 2017, 10:12:35 PM)
[2017.04.03-18.12.35:042][702]LogPlayLevel: Creating play world package: /Game/TwinStickCPP/Maps/UEDPIE_0_TwinStickExampleMap
[2017.04.03-18.12.35:063][702]LogPlayLevel: PIE: StaticDuplicateObject took: (0.020461s)
[2017.04.03-18.12.35:063][702]LogAIModule: Creating AISystem for world TwinStickExampleMap
[2017.04.03-18.12.35:064][702]LogPlayLevel: PIE: World Init took: (0.000733s)
[2017.04.03-18.12.35:064][702]LogPlayLevel: PIE: Created PIE world by copying editor world from /Game/TwinStickCPP/Maps/TwinStickExampleMap.TwinStickExampleMap to /Game/TwinStickCPP/Maps/UEDPIE_0_TwinStickExampleMap.TwinStickExampleMap (0.021529s)
[2017.04.03-18.12.35:173][702]LogInit: XAudio2 using 'Høyttalere (Realtek High Definition Audio)' : 8 channels at 48 kHz using 32 bits per sample (channel mask 0x63f)
[2017.04.03-18.12.35:266][702]LogInit: FAudioDevice initialized.
[2017.04.03-18.12.35:299][702]LogLoad: Game class is 'GameGameMode'
[2017.04.03-18.12.35:302][702]LogWorld: Bringing World /Game/TwinStickCPP/Maps/UEDPIE_0_TwinStickExampleMap.TwinStickExampleMap up for play (max tick rate 60) at 2017.04.03-20.12.35
[2017.04.03-18.12.35:302][702]LogWorld: Bringing up level for play took: 0.001656
[2017.04.03-18.12.35:303][702]PIE: Info Play in editor start time for /Game/TwinStickCPP/Maps/UEDPIE_0_TwinStickExampleMap 0.385
[2017.04.03-18.12.35:303][702]LogBlueprintUserMessages: Late PlayInEditor Detection: Level '/Game/TwinStickCPP/Maps/TwinStickExampleMap.TwinStickExampleMap:PersistentLevel' has LevelScriptBlueprint '/Game/TwinStickCPP/Maps/TwinStickExampleMap.TwinStickExampleMap:PersistentLevel.TwinStickExampleMap' with GeneratedClass '/Game/TwinStickCPP/Maps/TwinStickExampleMap.TwinStickExampleMap_C' with ClassGeneratedBy '/Game/TwinStickCPP/Maps/TwinStickExampleMap.TwinStickExampleMap:PersistentLevel.TwinStickExampleMap'
[2017.04.03-18.12.49:280][382]LogBlueprintUserMessages: Early EndPlayMap Detection: Level '/Game/TwinStickCPP/Maps/TwinStickExampleMap.TwinStickExampleMap:PersistentLevel' has LevelScriptBlueprint '/Game/TwinStickCPP/Maps/TwinStickExampleMap.TwinStickExampleMap:PersistentLevel.TwinStickExampleMap' with GeneratedClass '/Game/TwinStickCPP/Maps/TwinStickExampleMap.TwinStickExampleMap_C' with ClassGeneratedBy '/Game/TwinStickCPP/Maps/TwinStickExampleMap.TwinStickExampleMap:PersistentLevel.TwinStickExampleMap'
[2017.04.03-18.12.49:354][382]LogBlueprintUserMessages: Late EndPlayMap Detection: Level '/Game/TwinStickCPP/Maps/TwinStickExampleMap.TwinStickExampleMap:PersistentLevel' has LevelScriptBlueprint '/Game/TwinStickCPP/Maps/TwinStickExampleMap.TwinStickExampleMap:PersistentLevel.TwinStickExampleMap' with GeneratedClass '/Game/TwinStickCPP/Maps/TwinStickExampleMap.TwinStickExampleMap_C' with ClassGeneratedBy '/Game/TwinStickCPP/Maps/TwinStickExampleMap.TwinStickExampleMap:PersistentLevel.TwinStickExampleMap'
[2017.04.03-18.12.52:219][408]LogStreaming:Warning: Took 114.26ms to ProcessLoadedPackages
[2017.04.03-18.13.20:329][517]Recompiling Game...
[2017.04.03-18.13.20:329][517]Launching UnrealBuildTool... [D:/Epic Games/4.14/Engine/Binaries/DotNET/UnrealBuildTool.exe Game -ModuleWithSuffix Game 1611 Win64 Development -editorrecompile -canskiplink "C:/Users/ole_j/OneDrive/Documents/Unreal Projects/Game/Game.uproject" ]
[2017.04.03-18.13.20:333][517]Warning: Starting HotReload took  0.1s.
[2017.04.03-18.13.21:270][529]CompilerResultsLog: New page: Compilation - Apr 3, 2017, 10:13:21 PM
[2017.04.03-18.13.21:270][529]CompilerResultsLog: Info Compiling game modules for hot reload
[2017.04.03-18.13.21:270][529]CompilerResultsLog: Info Target is up to date
[2017.04.03-18.13.21:270][529]LogMainFrame: MainFrame: Module compiling took 0.948 seconds
[2017.04.03-18.13.21:595][529]LogContentBrowser: Native class hierarchy populated in 0.0114 seconds. Added 2197 classes and 434 folders.
[2017.04.03-18.13.21:595][529]Display: HotReload took  1.4s.
[2017.04.03-18.13.23:787][558]LogTemp: Repeting last play command: Selected Viewport
[2017.04.03-18.13.23:807][558]LogBlueprintUserMessages: Early PlayInEditor Detection: Level '/Game/TwinStickCPP/Maps/TwinStickExampleMap.TwinStickExampleMap:PersistentLevel' has LevelScriptBlueprint '/Game/TwinStickCPP/Maps/TwinStickExampleMap.TwinStickExampleMap:PersistentLevel.TwinStickExampleMap' with GeneratedClass '/Game/TwinStickCPP/Maps/TwinStickExampleMap.TwinStickExampleMap_C' with ClassGeneratedBy '/Game/TwinStickCPP/Maps/TwinStickExampleMap.TwinStickExampleMap:PersistentLevel.TwinStickExampleMap'
[2017.04.03-18.13.23:807][558]LogPlayLevel: PlayLevel: No blueprints needed recompiling
[2017.04.03-18.13.23:807][558]PIE: New page: PIE session: TwinStickExampleMap (Apr 3, 2017, 10:13:23 PM)
[2017.04.03-18.13.23:807][558]LogPlayLevel: Creating play world package: /Game/TwinStickCPP/Maps/UEDPIE_0_TwinStickExampleMap
[2017.04.03-18.13.23:827][558]LogPlayLevel: PIE: StaticDuplicateObject took: (0.018891s)
[2017.04.03-18.13.23:827][558]LogAIModule: Creating AISystem for world TwinStickExampleMap
[2017.04.03-18.13.23:827][558]LogPlayLevel: PIE: World Init took: (0.000703s)
[2017.04.03-18.13.23:828][558]LogPlayLevel: PIE: Created PIE world by copying editor world from /Game/TwinStickCPP/Maps/TwinStickExampleMap.TwinStickExampleMap to /Game/TwinStickCPP/Maps/UEDPIE_0_TwinStickExampleMap.TwinStickExampleMap (0.019834s)
[2017.04.03-18.13.23:935][558]LogInit: XAudio2 using 'Høyttalere (Realtek High Definition Audio)' : 8 channels at 48 kHz using 32 bits per sample (channel mask 0x63f)
[2017.04.03-18.13.24:026][558]LogInit: FAudioDevice initialized.
[2017.04.03-18.13.24:058][558]LogLoad: Game class is 'GameGameMode'
[2017.04.03-18.13.24:060][558]LogWorld: Bringing World /Game/TwinStickCPP/Maps/UEDPIE_0_TwinStickExampleMap.TwinStickExampleMap up for play (max tick rate 60) at 2017.04.03-20.13.24
[2017.04.03-18.13.24:060][558]LogWorld: Bringing up level for play took: 0.001508
[2017.04.03-18.13.24:061][558]PIE: Info Play in editor start time for /Game/TwinStickCPP/Maps/UEDPIE_0_TwinStickExampleMap 1.143
[2017.04.03-18.13.24:061][558]LogBlueprintUserMessages: Late PlayInEditor Detection: Level '/Game/TwinStickCPP/Maps/TwinStickExampleMap.TwinStickExampleMap:PersistentLevel' has LevelScriptBlueprint '/Game/TwinStickCPP/Maps/TwinStickExampleMap.TwinStickExampleMap:PersistentLevel.TwinStickExampleMap' with GeneratedClass '/Game/TwinStickCPP/Maps/TwinStickExampleMap.TwinStickExampleMap_C' with ClassGeneratedBy '/Game/TwinStickCPP/Maps/TwinStickExampleMap.TwinStickExampleMap:PersistentLevel.TwinStickExampleMap'
[2017.04.03-18.21.43:667][923]LogBlueprintUserMessages: Early EndPlayMap Detection: Level '/Game/TwinStickCPP/Maps/TwinStickExampleMap.TwinStickExampleMap:PersistentLevel' has LevelScriptBlueprint '/Game/TwinStickCPP/Maps/TwinStickExampleMap.TwinStickExampleMap:PersistentLevel.TwinStickExampleMap' with GeneratedClass '/Game/TwinStickCPP/Maps/TwinStickExampleMap.TwinStickExampleMap_C' with ClassGeneratedBy '/Game/TwinStickCPP/Maps/TwinStickExampleMap.TwinStickExampleMap:PersistentLevel.TwinStickExampleMap'
[2017.04.03-18.21.43:791][923]LogBlueprintUserMessages: Late EndPlayMap Detection: Level '/Game/TwinStickCPP/Maps/TwinStickExampleMap.TwinStickExampleMap:PersistentLevel' has LevelScriptBlueprint '/Game/TwinStickCPP/Maps/TwinStickExampleMap.TwinStickExampleMap:PersistentLevel.TwinStickExampleMap' with GeneratedClass '/Game/TwinStickCPP/Maps/TwinStickExampleMap.TwinStickExampleMap_C' with ClassGeneratedBy '/Game/TwinStickCPP/Maps/TwinStickExampleMap.TwinStickExampleMap:PersistentLevel.TwinStickExampleMap'
[2017.04.03-18.28.30:466][160]LogSavePackage: Save=117.11ms
[2017.04.03-18.28.30:466][160]LogSavePackage: Moving 'C:/Users/ole_j/OneDrive/Documents/Unreal Projects/Game/Saved/TwinStickExampleMap_Auto39ACDC49243BBD843E6E13FBC7C296536.tmp' to 'C:/Users/ole_j/OneDrive/Documents/Unreal Projects/Game/Saved/Autosaves/Game/TwinStickCPP/Maps/TwinStickExampleMap_Auto3.umap'
[2017.04.03-18.28.30:469][160]LogSavePackage:Display: Finished SavePackage C:/Users/ole_j/OneDrive/Documents/Unreal Projects/Game/Saved/Autosaves/Game/TwinStickCPP/Maps/TwinStickExampleMap_Auto3.umap
[2017.04.03-18.28.30:516][160]LogFileHelpers: Editor autosave (incl. sublevels) for '/Game/TwinStickCPP/Maps/TwinStickExampleMap' took 0.223
[2017.04.03-18.28.30:516][160]LogFileHelpers: Editor autosave (incl. sublevels) for all levels took 0.223
[2017.04.03-18.28.30:578][160]OBJ SavePackage: Generating thumbnails for [1] asset(s) in package [/Game/TP_TwinStickPawn_Blueprint] ([1] browsable assets)...
[2017.04.03-18.28.30:663][160]OBJ SavePackage:     Rendered thumbnail for [Blueprint /Game/TP_TwinStickPawn_Blueprint.TP_TwinStickPawn_Blueprint]
[2017.04.03-18.28.30:663][160]OBJ SavePackage: Finished generating thumbnails for package [/Game/TP_TwinStickPawn_Blueprint]
[2017.04.03-18.28.30:693][160]LogSavePackage: Save=27.07ms
[2017.04.03-18.28.30:693][160]LogSavePackage: Moving 'C:/Users/ole_j/OneDrive/Documents/Unreal Projects/Game/Saved/TP_TwinStickPawn_Blueprint_Auto3CF6FA615454E0AC4A5CED79A5062FFDC.tmp' to 'C:/Users/ole_j/OneDrive/Documents/Unreal Projects/Game/Saved/Autosaves/Game/TP_TwinStickPawn_Blueprint_Auto3.uasset'
[2017.04.03-18.28.30:695][160]LogSavePackage:Display: Finished SavePackage C:/Users/ole_j/OneDrive/Documents/Unreal Projects/Game/Saved/Autosaves/Game/TP_TwinStickPawn_Blueprint_Auto3.uasset
[2017.04.03-18.28.30:695][160]LogFileHelpers: Auto-saving content packages took 0.119
[2017.04.03-20.56.18:600][751]Cmd: QUIT_EDITOR
[2017.04.03-20.56.18:987][751]LogWindowsTextInputMethodSystem:Display: IME system now deactivated.
[2017.04.03-20.56.19:019][751]LogExit: Preparing to exit.
[2017.04.03-20.56.20:396][751]LogExit: Editor shut down
[2017.04.03-20.56.20:397][751]LogExit: Transaction tracking system shut down
[2017.04.03-20.56.20:529][751]LogObj: Freed 0b from 0 cluster array pools.
[2017.04.03-20.56.20:530][751]LogExit: Object subsystem successfully closed.
[2017.04.03-20.56.20:553][751]LogD3D11RHI: Shutdown
[2017.04.03-20.56.20:553][751]LogD3D11RHI: CleanupD3DDevice
[2017.04.03-20.56.20:556][751]LogD3D11RHI: ~FD3D11DynamicRHI
[2017.04.03-20.56.20:565][751]LogHttp:Display: Http module shutting down, but needs to wait on 1 outstanding Http requests:
[2017.04.03-20.56.20:565][751]LogHttp:Display: 	verb=[POST] url=[https://datarouter.ol.epicgames.com/datarouter/api/v1/public/data?SessionID=%7B867A4AC2-440E-5DAA-6C11-21A4DBB10B93%7D&AppID=UEEditor.Rocket.Release&AppVersion=4.14.3-3249277%2B%2B%2BUE4%2BRelease-4.14&UserID=921f78324cbeaa916a199dbaaebf4a9f%7C3d2b6591cb724bc69d4de2de06914e9f%7C54e22578-7f02-41ab-9b61-4109e7c7d545&AppEnvironment=datacollector-binary&UploadType=eteventstream] status=Processing
[2017.04.03-20.56.20:591][751]LogModuleManager: Shutting down and abandoning module MovieSceneCapture (245)
[2017.04.03-20.56.20:591][751]LogModuleManager: Shutting down and abandoning module BlueprintGraph (244)
[2017.04.03-20.56.20:591][751]LogModuleManager: Shutting down and abandoning module BlueprintProfiler (243)
[2017.04.03-20.56.20:591][751]LogModuleManager: Shutting down and abandoning module HierarchicalLODOutliner (242)
[2017.04.03-20.56.20:591][751]LogModuleManager: Shutting down and abandoning module CrashTracker (241)
[2017.04.03-20.56.20:591][751]LogModuleManager: Shutting down and abandoning module SceneOutliner (240)
[2017.04.03-20.56.20:591][751]LogModuleManager: Shutting down and abandoning module WidgetCarousel (239)
[2017.04.03-20.56.20:591][751]LogModuleManager: Shutting down and abandoning module AddContentDialog (238)
[2017.04.03-20.56.20:591][751]LogDirectoryWatcher: A directory notification for 'D:/Epic Games/4.14/FeaturePacks/' was aborted.
[2017.04.03-20.56.20:598][751]LogModuleManager: Shutting down and abandoning module GameplayTags (237)
[2017.04.03-20.56.20:598][751]LogModuleManager: Shutting down and abandoning module EditorWidgets (236)
[2017.04.03-20.56.20:598][751]LogModuleManager: Shutting down and abandoning module CollectionManager (235)
[2017.04.03-20.56.20:598][751]LogDirectoryWatcher: A directory notification for 'C:/Users/ole_j/OneDrive/Documents/Unreal Projects/Game/Content/Collections/' was aborted.
[2017.04.03-20.56.20:598][751]LogDirectoryWatcher: A directory notification for 'C:/Users/ole_j/OneDrive/Documents/Unreal Projects/Game/Content/Developers/olej/Collections/' was aborted.
[2017.04.03-20.56.20:598][751]LogDirectoryWatcher: A directory notification for 'C:/Users/ole_j/OneDrive/Documents/Unreal Projects/Game/Saved/Collections/' was aborted.
[2017.04.03-20.56.20:598][751]LogModuleManager: Shutting down and abandoning module StatsViewer (234)
[2017.04.03-20.56.20:598][751]LogModuleManager: Shutting down and abandoning module FoliageEdit (233)
[2017.04.03-20.56.20:598][751]LogModuleManager: Shutting down and abandoning module LandscapeEditor (232)
[2017.04.03-20.56.20:598][751]LogModuleManager: Shutting down and abandoning module SceneDepthPickerMode (231)
[2017.04.03-20.56.20:598][751]LogModuleManager: Shutting down and abandoning module ActorPickerMode (230)
[2017.04.03-20.56.20:598][751]LogModuleManager: Shutting down and abandoning module GeometryMode (229)
[2017.04.03-20.56.20:598][751]LogModuleManager: Shutting down and abandoning module TextureAlignMode (228)
[2017.04.03-20.56.20:598][751]LogModuleManager: Shutting down and abandoning module BspMode (227)
[2017.04.03-20.56.20:598][751]LogModuleManager: Shutting down and abandoning module HardwareSurvey (226)
[2017.04.03-20.56.20:598][751]LogModuleManager: Shutting down and abandoning module SequenceRecorderSections (225)
[2017.04.03-20.56.20:598][751]LogModuleManager: Shutting down and abandoning module AutomationWorker (224)
[2017.04.03-20.56.20:598][751]LogModuleManager: Shutting down and abandoning module MatineeToLevelSequence (223)
[2017.04.03-20.56.20:598][751]LogModuleManager: Shutting down and abandoning module PlacementMode (222)
[2017.04.03-20.56.20:598][751]LogModuleManager: Shutting down and abandoning module LevelSequenceEditor (221)
[2017.04.03-20.56.20:598][751]LogModuleManager: Shutting down and abandoning module WmfMediaFactory (220)
[2017.04.03-20.56.20:598][751]LogModuleManager: Shutting down and abandoning module WmfMediaEditor (219)
[2017.04.03-20.56.20:598][751]LogModuleManager: Shutting down and abandoning module AvfMediaFactory (218)
[2017.04.03-20.56.20:599][751]LogModuleManager: Shutting down and abandoning module AvfMediaEditor (217)
[2017.04.03-20.56.20:599][751]LogModuleManager: Shutting down and abandoning module Media (216)
[2017.04.03-20.56.20:599][751]LogModuleManager: Shutting down and abandoning module AndroidMediaFactory (215)
[2017.04.03-20.56.20:599][751]LogModuleManager: Shutting down and abandoning module AndroidMediaEditor (214)
[2017.04.03-20.56.20:599][751]LogModuleManager: Shutting down and abandoning module CharacterAI (213)
[2017.04.03-20.56.20:599][751]LogModuleManager: Shutting down and abandoning module SequenceRecorder (212)
[2017.04.03-20.56.20:599][751]LogModuleManager: Shutting down and abandoning module AudioCapture (211)
[2017.04.03-20.56.20:599][751]LogModuleManager: Shutting down and abandoning module SmartSnapping (210)
[2017.04.03-20.56.20:599][751]LogModuleManager: Shutting down and abandoning module SessionServices (209)
[2017.04.03-20.56.20:599][751]LogModuleManager: Shutting down and abandoning module ViewportSnapping (208)
[2017.04.03-20.56.20:599][751]LogModuleManager: Shutting down and abandoning module ViewportInteraction (207)
[2017.04.03-20.56.20:599][751]LogModuleManager: Shutting down and abandoning module LogVisualizer (206)
[2017.04.03-20.56.20:599][751]LogModuleManager: Shutting down and abandoning module GameProjectGeneration (205)
[2017.04.03-20.56.20:599][751]LogModuleManager: Shutting down and abandoning module IntroTutorials (204)
[2017.04.03-20.56.20:599][751]LogModuleManager: Shutting down and abandoning module EditorLiveStreaming (203)
[2017.04.03-20.56.20:599][751]LogModuleManager: Shutting down and abandoning module IOSPlatformEditor (202)
[2017.04.03-20.56.20:599][751]LogModuleManager: Shutting down and abandoning module HTML5PlatformEditor (201)
[2017.04.03-20.56.20:599][751]LogModuleManager: Shutting down and abandoning module AndroidDeviceDetection (200)
[2017.04.03-20.56.20:695][751]LogModuleManager: Shutting down and abandoning module AndroidPlatformEditor (199)
[2017.04.03-20.56.20:695][751]LogModuleManager: Shutting down and abandoning module IOSRuntimeSettings (198)
[2017.04.03-20.56.20:695][751]LogModuleManager: Shutting down and abandoning module AndroidRuntimeSettings (197)
[2017.04.03-20.56.20:695][751]LogModuleManager: Shutting down and abandoning module InputBindingEditor (196)
[2017.04.03-20.56.20:695][751]LogModuleManager: Shutting down and abandoning module NiagaraEditor (195)
[2017.04.03-20.56.20:695][751]LogModuleManager: Shutting down and abandoning module MergeActors (194)
[2017.04.03-20.56.20:695][751]LogModuleManager: Shutting down and abandoning module SizeMap (193)
[2017.04.03-20.56.20:695][751]LogModuleManager: Shutting down and abandoning module TreeMap (192)
[2017.04.03-20.56.20:695][751]LogModuleManager: Shutting down and abandoning module ReferenceViewer (191)
[2017.04.03-20.56.20:695][751]LogModuleManager: Shutting down and abandoning module LocalizationService (190)
[2017.04.03-20.56.20:696][751]LogModuleManager: Shutting down and abandoning module LocalizationDashboard (189)
[2017.04.03-20.56.20:696][751]LogModuleManager: Shutting down and abandoning module HardwareTargeting (188)
[2017.04.03-20.56.20:696][751]LogModuleManager: Shutting down and abandoning module DeviceProfileEditor (187)
[2017.04.03-20.56.20:696][751]LogModuleManager: Shutting down and abandoning module UndoHistory (186)
[2017.04.03-20.56.20:696][751]LogModuleManager: Shutting down and abandoning module UserFeedback (185)
[2017.04.03-20.56.20:696][751]LogModuleManager: Shutting down and abandoning module XmlParser (184)
[2017.04.03-20.56.20:696][751]LogModuleManager: Shutting down and abandoning module Blutility (183)
[2017.04.03-20.56.20:696][751]LogModuleManager: Shutting down and abandoning module ProjectTargetPlatformEditor (182)
[2017.04.03-20.56.20:696][751]LogModuleManager: Shutting down and abandoning module ProjectSettingsViewer (181)
[2017.04.03-20.56.20:696][751]LogModuleManager: Shutting down and abandoning module EditorSettingsViewer (180)
[2017.04.03-20.56.20:696][751]LogModuleManager: Shutting down and abandoning module SettingsEditor (179)
[2017.04.03-20.56.20:696][751]LogModuleManager: Shutting down and abandoning module ProjectLauncher (178)
[2017.04.03-20.56.20:696][751]LogModuleManager: Shutting down and abandoning module SessionFrontend (177)
[2017.04.03-20.56.20:697][751]LogModuleManager: Shutting down and abandoning module ProfilerClient (176)
[2017.04.03-20.56.20:697][751]LogModuleManager: Shutting down and abandoning module TargetDeviceServices (175)
[2017.04.03-20.56.20:697][751]LogModuleManager: Shutting down and abandoning module DeviceManager (174)
[2017.04.03-20.56.20:741][751]LogModuleManager: Shutting down and abandoning module AutomationController (173)
[2017.04.03-20.56.20:741][751]LogModuleManager: Shutting down and abandoning module AutomationWindow (172)
[2017.04.03-20.56.20:741][751]LogModuleManager: Shutting down and abandoning module Layers (171)
[2017.04.03-20.56.20:741][751]LogModuleManager: Shutting down and abandoning module ComponentVisualizers (170)
[2017.04.03-20.56.20:741][751]LogModuleManager: Shutting down and abandoning module DetailCustomizations (169)
[2017.04.03-20.56.20:741][751]LogModuleManager: Shutting down and abandoning module PackagesDialog (168)
[2017.04.03-20.56.20:741][751]LogModuleManager: Shutting down and abandoning module AnimGraph (167)
[2017.04.03-20.56.20:741][751]LogModuleManager: Shutting down and abandoning module Persona (166)
[2017.04.03-20.56.20:741][751]LogModuleManager: Shutting down and abandoning module Kismet (165)
[2017.04.03-20.56.20:751][751]LogModuleManager: Shutting down and abandoning module GraphEditor (164)
[2017.04.03-20.56.20:751][751]LogModuleManager: Shutting down and abandoning module ClassViewer (163)
[2017.04.03-20.56.20:751][751]LogModuleManager: Shutting down and abandoning module Toolbox (162)
[2017.04.03-20.56.20:751][751]LogModuleManager: Shutting down and abandoning module ModuleUI (161)
[2017.04.03-20.56.20:751][751]LogModuleManager: Shutting down and abandoning module MovieSceneTools (160)
[2017.04.03-20.56.20:751][751]LogModuleManager: Shutting down and abandoning module OutputLog (159)
[2017.04.03-20.56.20:751][751]LogModuleManager: Shutting down and abandoning module GammaUI (158)
[2017.04.03-20.56.20:751][751]LogModuleManager: Shutting down and abandoning module Documentation (157)
[2017.04.03-20.56.20:753][751]LogModuleManager: Shutting down and abandoning module Niagara (156)
[2017.04.03-20.56.20:753][751]LogModuleManager: Shutting down and abandoning module StreamingPauseRendering (155)
[2017.04.03-20.56.20:753][751]LogModuleManager: Shutting down and abandoning module AnalyticsET (154)
[2017.04.03-20.56.20:753][751]LogModuleManager: Shutting down and abandoning module PortalServices (153)
[2017.04.03-20.56.20:753][751]LogModuleManager: Shutting down and abandoning module PortalRpc (152)
[2017.04.03-20.56.20:753][751]LogModuleManager: Shutting down and abandoning module MessagingRpc (151)
[2017.04.03-20.56.20:753][751]LogModuleManager: Shutting down and abandoning module GameplayDebugger (150)
[2017.04.03-20.56.20:753][751]LogModuleManager: Shutting down and abandoning module AITestSuite (149)
[2017.04.03-20.56.20:753][751]LogModuleManager: Shutting down and abandoning module AIModule (148)
[2017.04.03-20.56.20:753][751]LogModuleManager: Shutting down and abandoning module ProfilerService (147)
[2017.04.03-20.56.20:795][751]LogModuleManager: Shutting down and abandoning module TaskGraph (146)
[2017.04.03-20.56.20:795][751]LogModuleManager: Shutting down and abandoning module SlateRemote (145)
[2017.04.03-20.56.20:795][751]LogModuleManager: Shutting down and abandoning module SteamVRController (144)
[2017.04.03-20.56.20:795][751]LogModuleManager: Shutting down and abandoning module SteamVR (143)
[2017.04.03-20.56.20:795][751]LogModuleManager: Shutting down and abandoning module ProceduralMeshComponentEditor (142)
[2017.04.03-20.56.20:795][751]LogModuleManager: Shutting down and abandoning module ProceduralMeshComponent (141)
[2017.04.03-20.56.20:795][751]LogModuleManager: Shutting down and abandoning module OculusLibrary (140)
[2017.04.03-20.56.20:795][751]LogModuleManager: Shutting down and abandoning module OculusInput (139)
[2017.04.03-20.56.20:795][751]LogModuleManager: Shutting down and abandoning module MobilePatchingUtils (138)
[2017.04.03-20.56.20:795][751]LogModuleManager: Shutting down and abandoning module CustomMeshComponent (137)
[2017.04.03-20.56.20:795][751]LogModuleManager: Shutting down and abandoning module CableComponent (136)
[2017.04.03-20.56.20:795][751]LogModuleManager: Shutting down and abandoning module ArchVisCharacter (135)
[2017.04.03-20.56.20:795][751]LogModuleManager: Shutting down and abandoning module MediaPlayerEditor (133)
[2017.04.03-20.56.20:796][751]LogModuleManager: Shutting down and abandoning module HTML5Networking (132)
[2017.04.03-20.56.20:796][751]LogModuleManager: Shutting down and abandoning module GeometryCacheEd (131)
[2017.04.03-20.56.20:796][751]LogModuleManager: Shutting down and abandoning module GeometryCache (130)
[2017.04.03-20.56.20:796][751]LogModuleManager: Shutting down and abandoning module AlembicLibrary (129)
[2017.04.03-20.56.20:796][751]LogModuleManager: Shutting down and abandoning module AlembicImporter (128)
[2017.04.03-20.56.20:796][751]LogModuleManager: Shutting down and abandoning module SuperSearch (127)
[2017.04.03-20.56.20:796][751]LogModuleManager: Shutting down and abandoning module SuperSearchEditor (126)
[2017.04.03-20.56.20:796][751]LogModuleManager: Shutting down and abandoning module SpeedTreeImporter (125)
[2017.04.03-20.56.20:796][751]LogModuleManager: Shutting down and abandoning module PluginBrowser (124)
[2017.04.03-20.56.20:796][751]LogModuleManager: Shutting down and abandoning module MobileLauncherProfileWizard (123)
[2017.04.03-20.56.20:796][751]LogModuleManager: Shutting down and abandoning module EpicSurvey (122)
[2017.04.03-20.56.20:796][751]LogModuleManager: Shutting down and abandoning module DesktopPlatform (121)
[2017.04.03-20.56.20:796][751]LogModuleManager: Shutting down and abandoning module VisualStudioSourceCodeAccess (120)
[2017.04.03-20.56.20:796][751]LogModuleManager: Shutting down and abandoning module UObjectPlugin (119)
[2017.04.03-20.56.20:796][751]LogModuleManager: Shutting down and abandoning module SubversionSourceControl (118)
[2017.04.03-20.56.20:796][751]LogModuleManager: Shutting down and abandoning module PerforceSourceControl (117)
[2017.04.03-20.56.20:796][751]LogModuleManager: Shutting down and abandoning module SourceControl (116)
[2017.04.03-20.56.20:796][751]LogModuleManager: Shutting down and abandoning module GitSourceControl (115)
[2017.04.03-20.56.20:796][751]LogModuleManager: Shutting down and abandoning module LightPropagationVolumeEditor (114)
[2017.04.03-20.56.20:796][751]LogModuleManager: Shutting down and abandoning module PaperTiledImporter (113)
[2017.04.03-20.56.20:796][751]LogModuleManager: Shutting down and abandoning module PaperSpriteSheetImporter (112)
[2017.04.03-20.56.20:796][751]LogModuleManager: Shutting down and abandoning module MeshPaint (111)
[2017.04.03-20.56.20:796][751]LogModuleManager: Shutting down and abandoning module PixelInspectorModule (110)
[2017.04.03-20.56.20:796][751]LogModuleManager: Shutting down and abandoning module HotReload (109)
[2017.04.03-20.56.20:796][751]LogDirectoryWatcher: A directory notification for 'C:/Users/ole_j/OneDrive/Documents/Unreal Projects/Game/Binaries/Win64' was aborted.
[2017.04.03-20.56.20:797][751]LogModuleManager: Shutting down and abandoning module MainFrame (108)
[2017.04.03-20.56.20:798][751]LogModuleManager: Shutting down and abandoning module LevelEditor (107)
[2017.04.03-20.56.20:799][751]LogModuleManager: Shutting down and abandoning module ContentBrowser (106)
[2017.04.03-20.56.20:800][751]LogModuleManager: Shutting down and abandoning module Paper2DEditor (105)
[2017.04.03-20.56.20:800][751]LogModuleManager: Shutting down and abandoning module Game (104)
[2017.04.03-20.56.20:800][751]LogModuleManager: Shutting down and abandoning module UdpMessaging (103)
