Log file open, 04/03/17 16:08:49
LogInit:Display: Running engine for game: Game
LogPlatformFile: Not using cached read wrapper
LogInit:Display: RandInit(-1498905703) SRandInit(-1498905703).
LogTaskGraph: Started task graph with 5 named threads and 8 total threads with 1 sets of task threads.
LogStats: Stats thread started at 0.082602
LogPluginManager: Loaded Plugin Paper2D, From D:/Epic Games/4.14/Engine/Plugins/2D/Paper2D/Paper2D.uplugin
LogPluginManager: Loaded Plugin LightPropagationVolume, From D:/Epic Games/4.14/Engine/Plugins/Blendables/LightPropagationVolume/LightPropagationVolume.uplugin
LogPluginManager: Loaded Plugin BlankPlugin, From D:/Epic Games/4.14/Engine/Plugins/Developer/BlankPlugin/BlankPlugin.uplugin
LogPluginManager: Loaded Plugin CodeLiteSourceCodeAccess, From D:/Epic Games/4.14/Engine/Plugins/Developer/CodeLiteSourceCodeAccess/CodeLiteSourceCodeAccess.uplugin
LogPluginManager: Loaded Plugin GitSourceControl, From D:/Epic Games/4.14/Engine/Plugins/Developer/GitSourceControl/GitSourceControl.uplugin
LogPluginManager: Loaded Plugin KDevelopSourceCodeAccess, From D:/Epic Games/4.14/Engine/Plugins/Developer/KDevelopSourceCodeAccess/KDevelopSourceCodeAccess.uplugin
LogPluginManager: Loaded Plugin NullSourceCodeAccess, From D:/Epic Games/4.14/Engine/Plugins/Developer/NullSourceCodeAccess/NullSourceCodeAccess.uplugin
LogPluginManager: Loaded Plugin OneSkyLocalizationService, From D:/Epic Games/4.14/Engine/Plugins/Developer/OneSkyLocalizationService/OneSkyLocalizationService.uplugin
LogPluginManager: Loaded Plugin PerforceSourceControl, From D:/Epic Games/4.14/Engine/Plugins/Developer/PerforceSourceControl/PerforceSourceControl.uplugin
LogPluginManager: Loaded Plugin SubversionSourceControl, From D:/Epic Games/4.14/Engine/Plugins/Developer/SubversionSourceControl/SubversionSourceControl.uplugin
LogPluginManager: Loaded Plugin UObjectPlugin, From D:/Epic Games/4.14/Engine/Plugins/Developer/UObjectPlugin/UObjectPlugin.uplugin
LogPluginManager: Loaded Plugin VisualStudioSourceCodeAccess, From D:/Epic Games/4.14/Engine/Plugins/Developer/VisualStudioSourceCodeAccess/VisualStudioSourceCodeAccess.uplugin
LogPluginManager: Loaded Plugin XCodeSourceCodeAccess, From D:/Epic Games/4.14/Engine/Plugins/Developer/XCodeSourceCodeAccess/XCodeSourceCodeAccess.uplugin
LogPluginManager: Loaded Plugin AudioCapture, From D:/Epic Games/4.14/Engine/Plugins/Editor/AudioCapture/AudioCapture.uplugin
LogPluginManager: Loaded Plugin EpicSurvey, From D:/Epic Games/4.14/Engine/Plugins/Editor/EpicSurvey/EpicSurvey.uplugin
LogPluginManager: Loaded Plugin MacGraphicsSwitching, From D:/Epic Games/4.14/Engine/Plugins/Editor/MacGraphicsSwitching/MacGraphicsSwitching.uplugin
LogPluginManager: Loaded Plugin MobileLauncherProfileWizard, From D:/Epic Games/4.14/Engine/Plugins/Editor/MobileLauncherProfileWizard/MobileLauncherProfileWizard.uplugin
LogPluginManager: Loaded Plugin PluginBrowser, From D:/Epic Games/4.14/Engine/Plugins/Editor/PluginBrowser/PluginBrowser.uplugin
LogPluginManager: Loaded Plugin SpeedTreeImporter, From D:/Epic Games/4.14/Engine/Plugins/Editor/SpeedTreeImporter/SpeedTreeImporter.uplugin
LogPluginManager: Loaded Plugin SuperSearchEditor, From D:/Epic Games/4.14/Engine/Plugins/Editor/SuperSearchEditor/SuperSearchEditor.uplugin
LogPluginManager: Loaded Plugin AlembicImporter, From D:/Epic Games/4.14/Engine/Plugins/Experimental/AlembicImporter/AlembicImporter.uplugin
LogPluginManager: Loaded Plugin BlueprintStats, From D:/Epic Games/4.14/Engine/Plugins/Experimental/BlueprintStats/BlueprintStats.uplugin
LogPluginManager: Loaded Plugin CharacterAI, From D:/Epic Games/4.14/Engine/Plugins/Experimental/CharacterAI/CharacterAI.uplugin
LogPluginManager: Loaded Plugin CodeEditor, From D:/Epic Games/4.14/Engine/Plugins/Experimental/CodeEditor/CodeEditor.uplugin
LogPluginManager: Loaded Plugin CodeView, From D:/Epic Games/4.14/Engine/Plugins/Experimental/CodeView/CodeView.uplugin
LogPluginManager: Loaded Plugin HTML5Networking, From D:/Epic Games/4.14/Engine/Plugins/Experimental/HTML5Networking/HTML5Networking.uplugin
LogPluginManager: Loaded Plugin OSVR, From D:/Epic Games/4.14/Engine/Plugins/Experimental/OSVR/OSVR.uplugin
LogPluginManager: Loaded Plugin Phya, From D:/Epic Games/4.14/Engine/Plugins/Experimental/Phya/Phya.uplugin
LogPluginManager: Loaded Plugin SignificanceManager, From D:/Epic Games/4.14/Engine/Plugins/Experimental/SignificanceManager/SignificanceManager.uplugin
LogPluginManager: Loaded Plugin SimpleHMD, From D:/Epic Games/4.14/Engine/Plugins/Experimental/SimpleHMD/SimpleHMD.uplugin
LogPluginManager: Loaded Plugin StereoPanorama, From D:/Epic Games/4.14/Engine/Plugins/Experimental/StereoPanorama/StereoPanorama.uplugin
LogPluginManager: Loaded Plugin StructBox, From D:/Epic Games/4.14/Engine/Plugins/Experimental/StructBox/StructBox.uplugin
LogPluginManager: Loaded Plugin AndroidMedia, From D:/Epic Games/4.14/Engine/Plugins/Media/AndroidMedia/AndroidMedia.uplugin
LogPluginManager: Loaded Plugin AvfMedia, From D:/Epic Games/4.14/Engine/Plugins/Media/AvfMedia/AvfMedia.uplugin
LogPluginManager: Loaded Plugin MediaPlayerEditor, From D:/Epic Games/4.14/Engine/Plugins/Media/MediaPlayerEditor/MediaPlayerEditor.uplugin
LogPluginManager: Loaded Plugin WmfMedia, From D:/Epic Games/4.14/Engine/Plugins/Media/WmfMedia/WmfMedia.uplugin
LogPluginManager: Loaded Plugin MessagingDebugger, From D:/Epic Games/4.14/Engine/Plugins/Messaging/MessagingDebugger/MessagingDebugger.uplugin
LogPluginManager: Loaded Plugin TcpMessaging, From D:/Epic Games/4.14/Engine/Plugins/Messaging/TcpMessaging/TcpMessaging.uplugin
LogPluginManager: Loaded Plugin UdpMessaging, From D:/Epic Games/4.14/Engine/Plugins/Messaging/UdpMessaging/UdpMessaging.uplugin
LogPluginManager: Loaded Plugin LevelSequenceEditor, From D:/Epic Games/4.14/Engine/Plugins/MovieScene/LevelSequenceEditor/LevelSequenceEditor.uplugin
LogPluginManager: Loaded Plugin MatineeToLevelSequence, From D:/Epic Games/4.14/Engine/Plugins/MovieScene/MatineeToLevelSequence/MatineeToLevelSequence.uplugin
LogPluginManager: Loaded Plugin NetcodeUnitTest, From D:/Epic Games/4.14/Engine/Plugins/NetcodeUnitTest/NetcodeUnitTest/NetcodeUnitTest.uplugin
LogPluginManager: Loaded Plugin NUTUnrealEngine4, From D:/Epic Games/4.14/Engine/Plugins/NetcodeUnitTest/NUTUnrealEngine4/NUTUnrealEngine4.uplugin
LogPluginManager: Loaded Plugin OnlineSubsystemGameCircle, From D:/Epic Games/4.14/Engine/Plugins/Online/Android/OnlineSubsystemGameCircle/OnlineSubsystemGameCircle.uplugin
LogPluginManager: Loaded Plugin OnlineSubsystemGooglePlay, From D:/Epic Games/4.14/Engine/Plugins/Online/Android/OnlineSubsystemGooglePlay/OnlineSubsystemGooglePlay.uplugin
LogPluginManager: Loaded Plugin OnlineSubsystemIOS, From D:/Epic Games/4.14/Engine/Plugins/Online/IOS/OnlineSubsystemIOS/OnlineSubsystemIOS.uplugin
LogPluginManager: Loaded Plugin OnlineFramework, From D:/Epic Games/4.14/Engine/Plugins/Online/OnlineFramework/OnlineFramework.uplugin
LogPluginManager: Loaded Plugin OnlineSubsystem, From D:/Epic Games/4.14/Engine/Plugins/Online/OnlineSubsystem/OnlineSubsystem.uplugin
LogPluginManager: Loaded Plugin OnlineSubsystemAmazon, From D:/Epic Games/4.14/Engine/Plugins/Online/OnlineSubsystemAmazon/OnlineSubsystemAmazon.uplugin
LogPluginManager: Loaded Plugin OnlineSubsystemFacebook, From D:/Epic Games/4.14/Engine/Plugins/Online/OnlineSubsystemFacebook/OnlineSubsystemFacebook.uplugin
LogPluginManager: Loaded Plugin OnlineSubsystemNull, From D:/Epic Games/4.14/Engine/Plugins/Online/OnlineSubsystemNull/OnlineSubsystemNull.uplugin
LogPluginManager: Loaded Plugin OnlineSubsystemOculus, From D:/Epic Games/4.14/Engine/Plugins/Online/OnlineSubsystemOculus/OnlineSubsystemOculus.uplugin
LogPluginManager: Loaded Plugin OnlineSubsystemSteam, From D:/Epic Games/4.14/Engine/Plugins/Online/OnlineSubsystemSteam/OnlineSubsystemSteam.uplugin
LogPluginManager: Loaded Plugin OnlineSubsystemUtils, From D:/Epic Games/4.14/Engine/Plugins/Online/OnlineSubsystemUtils/OnlineSubsystemUtils.uplugin
LogPluginManager: Loaded Plugin IOSTapJoy, From D:/Epic Games/4.14/Engine/Plugins/Runtime/Advertising/IOSTapJoy/IOSTapJoy.uplugin
LogPluginManager: Loaded Plugin AnalyticsBlueprintLibrary, From D:/Epic Games/4.14/Engine/Plugins/Runtime/Analytics/AnalyticsBlueprintLibrary/AnalyticsBlueprintLibrary.uplugin
LogPluginManager: Loaded Plugin AnalyticsMulticast, From D:/Epic Games/4.14/Engine/Plugins/Runtime/Analytics/AnalyticsMulticast/AnalyticsMulticast.uplugin
LogPluginManager: Loaded Plugin Apsalar, From D:/Epic Games/4.14/Engine/Plugins/Runtime/Analytics/Apsalar/Apsalar.uplugin
LogPluginManager: Loaded Plugin FileLogging, From D:/Epic Games/4.14/Engine/Plugins/Runtime/Analytics/FileLogging/FileLogging.uplugin
LogPluginManager: Loaded Plugin Flurry, From D:/Epic Games/4.14/Engine/Plugins/Runtime/Analytics/Flurry/Flurry.uplugin
LogPluginManager: Loaded Plugin AndroidDeviceProfileSelector, From D:/Epic Games/4.14/Engine/Plugins/Runtime/AndroidDeviceProfileSelector/AndroidDeviceProfileSelector.uplugin
LogPluginManager: Loaded Plugin AndroidMoviePlayer, From D:/Epic Games/4.14/Engine/Plugins/Runtime/AndroidMoviePlayer/AndroidMoviePlayer.uplugin
LogPluginManager: Loaded Plugin AppleMoviePlayer, From D:/Epic Games/4.14/Engine/Plugins/Runtime/AppleMoviePlayer/AppleMoviePlayer.uplugin
LogPluginManager: Loaded Plugin ArchVisCharacter, From D:/Epic Games/4.14/Engine/Plugins/Runtime/ArchVisCharacter/ArchVisCharacter.uplugin
LogPluginManager: Loaded Plugin CableComponent, From D:/Epic Games/4.14/Engine/Plugins/Runtime/CableComponent/CableComponent.uplugin
LogPluginManager: Loaded Plugin CustomMeshComponent, From D:/Epic Games/4.14/Engine/Plugins/Runtime/CustomMeshComponent/CustomMeshComponent.uplugin
LogPluginManager: Loaded Plugin ExampleDeviceProfileSelector, From D:/Epic Games/4.14/Engine/Plugins/Runtime/ExampleDeviceProfileSelector/ExampleDeviceProfileSelector.uplugin
LogPluginManager: Loaded Plugin GearVR, From D:/Epic Games/4.14/Engine/Plugins/Runtime/GearVR/GearVR.uplugin
LogPluginManager: Loaded Plugin GoogleVRController, From D:/Epic Games/4.14/Engine/Plugins/Runtime/GoogleVR/GoogleVRController/GoogleVRController.uplugin
LogPluginManager: Loaded Plugin GoogleVRHMD, From D:/Epic Games/4.14/Engine/Plugins/Runtime/GoogleVR/GoogleVRHMD/GoogleVRHMD.uplugin
LogPluginManager: Loaded Plugin IOSDeviceProfileSelector, From D:/Epic Games/4.14/Engine/Plugins/Runtime/IOSDeviceProfileSelector/IOSDeviceProfileSelector.uplugin
LogPluginManager: Loaded Plugin LeapMotion, From D:/Epic Games/4.14/Engine/Plugins/Runtime/LeapMotion/LeapMotion.uplugin
LogPluginManager: Loaded Plugin LinuxDeviceProfileSelector, From D:/Epic Games/4.14/Engine/Plugins/Runtime/LinuxDeviceProfileSelector/LinuxDeviceProfileSelector.uplugin
LogPluginManager: Loaded Plugin MIDIDevice, From D:/Epic Games/4.14/Engine/Plugins/Runtime/MIDIDevice/MIDIDevice.uplugin
LogPluginManager: Loaded Plugin MobilePatchingUtils, From D:/Epic Games/4.14/Engine/Plugins/Runtime/MobilePatchingUtils/MobilePatchingUtils.uplugin
LogPluginManager: Loaded Plugin Ansel, From D:/Epic Games/4.14/Engine/Plugins/Runtime/Nvidia/Ansel/Ansel.uplugin
LogPluginManager: Loaded Plugin OculusAudio, From D:/Epic Games/4.14/Engine/Plugins/Runtime/OculusAudio/OculusAudio.uplugin
LogPluginManager: Loaded Plugin OculusInput, From D:/Epic Games/4.14/Engine/Plugins/Runtime/OculusInput/OculusInput.uplugin
LogPluginManager: Loaded Plugin OculusLibrary, From D:/Epic Games/4.14/Engine/Plugins/Runtime/OculusLibrary/OculusLibrary.uplugin
LogPluginManager: Loaded Plugin OculusRift, From D:/Epic Games/4.14/Engine/Plugins/Runtime/OculusRift/OculusRift.uplugin
LogPluginManager: Loaded Plugin Oodle, From D:/Epic Games/4.14/Engine/Plugins/Runtime/PacketHandlers/CompressionComponents/Oodle/Oodle.uplugin
LogPluginManager: Loaded Plugin ProceduralMeshComponent, From D:/Epic Games/4.14/Engine/Plugins/Runtime/ProceduralMeshComponent/ProceduralMeshComponent.uplugin
LogPluginManager: Loaded Plugin SoundMod, From D:/Epic Games/4.14/Engine/Plugins/Runtime/SoundMod/SoundMod.uplugin
LogPluginManager: Loaded Plugin SoundVisualizations, From D:/Epic Games/4.14/Engine/Plugins/Runtime/SoundVisualizations/SoundVisualizations.uplugin
LogPluginManager: Loaded Plugin SteamController, From D:/Epic Games/4.14/Engine/Plugins/Runtime/Steam/SteamController/SteamController.uplugin
LogPluginManager: Loaded Plugin SteamVR, From D:/Epic Games/4.14/Engine/Plugins/Runtime/Steam/SteamVR/SteamVR.uplugin
LogPluginManager: Loaded Plugin WebBrowserWidget, From D:/Epic Games/4.14/Engine/Plugins/Runtime/WebBrowserWidget/WebBrowserWidget.uplugin
LogPluginManager: Loaded Plugin WindowsDeviceProfileSelector, From D:/Epic Games/4.14/Engine/Plugins/Runtime/WindowsDeviceProfileSelector/WindowsDeviceProfileSelector.uplugin
LogPluginManager: Loaded Plugin WindowsMoviePlayer, From D:/Epic Games/4.14/Engine/Plugins/Runtime/WindowsMoviePlayer/WindowsMoviePlayer.uplugin
LogPluginManager: Loaded Plugin ScriptPlugin, From D:/Epic Games/4.14/Engine/Plugins/ScriptPlugin/ScriptPlugin.uplugin
LogPluginManager: Loaded Plugin SlateRemote, From D:/Epic Games/4.14/Engine/Plugins/Slate/SlateRemote/SlateRemote.uplugin
LogPluginManager: Loaded Plugin EditorTests, From D:/Epic Games/4.14/Engine/Plugins/Tests/EditorTests/EditorTests.uplugin
LogPluginManager: Loaded Plugin FbxAutomationTestBuilder, From D:/Epic Games/4.14/Engine/Plugins/Tests/FbxAutomationTestBuilder/FbxAutomationTestBuilder.uplugin
LogPluginManager: Loaded Plugin FunctionalTestingEditor, From D:/Epic Games/4.14/Engine/Plugins/Tests/FunctionalTestingEditor/FunctionalTestingEditor.uplugin
LogPluginManager: Loaded Plugin RuntimeTests, From D:/Epic Games/4.14/Engine/Plugins/Tests/RuntimeTests/RuntimeTests.uplugin
LogPluginManager: Loaded Plugin ScreenshotTools, From D:/Epic Games/4.14/Engine/Plugins/Tests/ScreenshotTools/ScreenshotTools.uplugin
LogInit: Using libcurl 7.47.1
LogInit:  - built for x86_64-pc-win32
LogInit:  - supports SSL with OpenSSL/1.0.2g
LogInit:  - supports HTTP deflate (compression) using libz 1.2.8
LogInit:  - other features:
LogInit:      CURL_VERSION_SSL
LogInit:      CURL_VERSION_LIBZ
LogInit:      CURL_VERSION_IPV6
LogInit:      CURL_VERSION_ASYNCHDNS
LogInit:      CURL_VERSION_LARGEFILE
LogInit:      CURL_VERSION_IDN
LogInit:  CurlRequestOptions (configurable via config and command line):
LogInit:  - bVerifyPeer = false  - Libcurl will NOT verify peer certificate
LogInit:  - bUseHttpProxy = false  - Libcurl will NOT use HTTP proxy
LogInit:  - bDontReuseConnections = false  - Libcurl will reuse connections
LogInit:  - CertBundlePath = nullptr  - Libcurl will use whatever was configured at build time.
LogInit: Build: ++UE4+Release-4.14-CL-3249277
LogInit: Engine Version: 4.14.3-3249277+++UE4+Release-4.14
LogInit: Compatible Engine Version: 4.14.0-3195953+++UE4+Release-4.14
LogInit: Net CL: 3195953
LogDevObjectVersion: Number of dev versions registered: 13
LogDevObjectVersion:   Dev-Blueprints (B0D832E4-1F89-4F0D-ACCF-7EB736FD4AA2): 7
LogDevObjectVersion:   Dev-Build (E1C64328-A22C-4D53-A36C-8E866417BD8C): 0
LogDevObjectVersion:   Dev-Core (375EC13C-06E4-48FB-B500-84F0262A717E): 1
LogDevObjectVersion:   Dev-Editor (E4B068ED-F494-42E9-A231-DA0B2E46BB41): 8
LogDevObjectVersion:   Dev-Framework (CFFC743F-43B0-4480-9391-14DF171D2073): 17
LogDevObjectVersion:   Dev-Mobile (B02B49B5-BB20-44E9-A304-32B752E40360): 0
LogDevObjectVersion:   Dev-Networking (A4E4105C-59A1-49B5-A7C5-40C4547EDFEE): 0
LogDevObjectVersion:   Dev-Online (39C831C9-5AE6-47DC-9A44-9C173E1C8E7C): 0
LogDevObjectVersion:   Dev-Physics (78F01B33-EBEA-4F98-B9B4-84EACCB95AA2): 0
LogDevObjectVersion:   Dev-Platform (6631380F-2D4D-43E0-8009-CF276956A95A): 0
LogDevObjectVersion:   Dev-Rendering (12F88B9F-8875-4AFC-A67C-D90C383ABD29): 12
LogDevObjectVersion:   Dev-Sequencer (7B5AE74C-D270-4C10-A958-57980B212A5A): 1
LogDevObjectVersion:   Dev-VR (D7296918-1DD6-4BDD-9DE2-64A83CC13884): 0
LogInit: Compiled (64-bit): Jan  6 2017 10:49:43
LogInit: Compiled with Visual C++: 19.00.23026.00
LogInit: Build Configuration: Development
LogInit: Branch Name: ++UE4+Release-4.14
LogInit: Command line: 
LogInit: Base directory: D:/Epic Games/4.14/Engine/Binaries/Win64/
LogInit: Installed Engine Build: 1
LogInit: Presizing for max 8388607 objects, including 0 objects not considered by GC, pre-allocating 0 bytes for permanent pool.
LogInit: Object subsystem initialized
[2017.04.03-14.08.50:301][  0]LogInit: Selected Device Profile: [Windows]
[2017.04.03-14.08.50:301][  0]LogInit: Applying CVar settings loaded from the selected device profile: [Windows]
[2017.04.03-14.08.50:310][  0]LogInit: Computer: DESKTOP-D7VAKT2
[2017.04.03-14.08.50:310][  0]LogInit: User: olej
[2017.04.03-14.08.50:310][  0]LogInit: CPU Page size=65536, Cores=4
[2017.04.03-14.08.50:310][  0]LogInit: High frequency timer resolution =2.531247 MHz
[2017.04.03-14.08.50:311][  0]LogMemory: Memory total: Physical=15.9GB (16GB approx)
[2017.04.03-14.08.50:311][  0]LogMemory: Platform Memory Stats for Windows
[2017.04.03-14.08.50:311][  0]LogMemory: Process Physical Memory: 264.80 MB used, 264.80 MB peak
[2017.04.03-14.08.50:311][  0]LogMemory: Process Virtual Memory: 262.74 MB used, 262.74 MB peak
[2017.04.03-14.08.50:311][  0]LogMemory: Physical Memory: 7349.84 MB used,  8972.52 MB free, 16322.36 MB total
[2017.04.03-14.08.50:311][  0]LogMemory: Virtual Memory: 676.65 MB used,  8972.52 MB free, 134217728.00 MB total
[2017.04.03-14.08.50:343][  0]LogTextLocalizationManager: No translations for ('nb-NO') exist, falling back to 'en' for localization and internationalization data.
[2017.04.03-14.08.51:139][  0]LogD3D11RHI: D3D11 adapters:
[2017.04.03-14.08.51:172][  0]LogD3D11RHI:    0. 'NVIDIA GeForce GTX 980M' (Feature Level 11_0)
[2017.04.03-14.08.51:172][  0]LogD3D11RHI:       4061/0/8161 MB DedicatedVideo/DedicatedSystem/SharedSystem, Outputs:1, VendorId:0x10de
[2017.04.03-14.08.51:174][  0]LogD3D11RHI:    1. 'Microsoft Basic Render Driver' (Feature Level 11_0)
[2017.04.03-14.08.51:174][  0]LogD3D11RHI:       0/0/8161 MB DedicatedVideo/DedicatedSystem/SharedSystem, Outputs:0, VendorId:0x1414
[2017.04.03-14.08.51:174][  0]LogD3D11RHI: Chosen D3D11 Adapter: 0
[2017.04.03-14.08.51:181][  0]LogD3D11RHI: Creating new Direct3DDevice
[2017.04.03-14.08.51:181][  0]LogD3D11RHI:     GPU DeviceId: 0x1617 (for the marketing name, search the web for "GPU Device Id")
[2017.04.03-14.08.51:181][  0]LogWindows: EnumDisplayDevices:
[2017.04.03-14.08.51:181][  0]LogWindows:    0. 'NVIDIA GeForce GTX 980M' (P:1 D:1)
[2017.04.03-14.08.51:182][  0]LogWindows:    1. 'NVIDIA GeForce GTX 980M' (P:0 D:0)
[2017.04.03-14.08.51:182][  0]LogWindows:    2. 'NVIDIA GeForce GTX 980M' (P:0 D:0)
[2017.04.03-14.08.51:182][  0]LogWindows:    3. 'NVIDIA GeForce GTX 980M' (P:0 D:0)
[2017.04.03-14.08.51:182][  0]LogWindows: DebugString: FoundDriverCount:4 
[2017.04.03-14.08.51:182][  0]LogD3D11RHI:     Adapter Name: NVIDIA GeForce GTX 980M
[2017.04.03-14.08.51:182][  0]LogD3D11RHI:   Driver Version: 376.33 (internal:21.21.13.7633, unified:376.33)
[2017.04.03-14.08.51:182][  0]LogD3D11RHI:      Driver Date: 12-11-2016
[2017.04.03-14.08.51:182][  0]LogRHI: Texture pool is 1361 MB (70% of 1945 MB)
[2017.04.03-14.08.51:199][  0]LogD3D11RHI: Async texture creation enabled
[2017.04.03-14.08.51:209][  0]LogD3D11RHI: GPU Timing Frequency: 1000.000000 (Debug: 2 1)
[2017.04.03-14.08.51:210][  0]LogShaderCompilers: Guid format shader working directory is -9 characters bigger than the processId version (C:/Users/ole_j/OneDrive/Documents/Unreal Projects/Game/Intermediate/Shaders/WorkingDirectory/11928/).
[2017.04.03-14.08.51:210][  0]LogShaderCompilers: Cleaned the shader compiler working directory 'C:/Users/ole_j/AppData/Local/Temp/UnrealShaderWorkingDir/8DEAB55F48F6B511509E45BF8AA433A4/'.
[2017.04.03-14.08.51:210][  0]LogShaderCompilers:Display: Using Local Shader Compiler.
[2017.04.03-14.08.52:373][  0]LogTemp:Display: Loaded TP AllDesktopTargetPlatform
[2017.04.03-14.08.52:428][  0]LogTemp:Display: Loaded TP MacClientTargetPlatform
[2017.04.03-14.08.52:487][  0]LogTemp:Display: Loaded TP MacNoEditorTargetPlatform
[2017.04.03-14.08.52:550][  0]LogTemp:Display: Loaded TP MacServerTargetPlatform
[2017.04.03-14.08.52:610][  0]LogTemp:Display: Loaded TP MacTargetPlatform
[2017.04.03-14.08.52:666][  0]LogTemp:Display: Loaded TP WindowsClientTargetPlatform
[2017.04.03-14.08.52:725][  0]LogTemp:Display: Loaded TP WindowsNoEditorTargetPlatform
[2017.04.03-14.08.52:783][  0]LogTemp:Display: Loaded TP WindowsServerTargetPlatform
[2017.04.03-14.08.52:830][  0]LogTemp:Display: Loaded TP WindowsTargetPlatform
[2017.04.03-14.08.52:888][  0]LogTemp:Display: Loaded TP AndroidTargetPlatform
[2017.04.03-14.08.52:947][  0]LogTemp:Display: Loaded TP Android_ASTCTargetPlatform
[2017.04.03-14.08.53:000][  0]LogTemp:Display: Loaded TP Android_ATCTargetPlatform
[2017.04.03-14.08.53:056][  0]LogTemp:Display: Loaded TP Android_DXTTargetPlatform
[2017.04.03-14.08.53:112][  0]LogTemp:Display: Loaded TP Android_ETC1TargetPlatform
[2017.04.03-14.08.53:168][  0]LogTemp:Display: Loaded TP Android_ETC2TargetPlatform
[2017.04.03-14.08.53:276][  0]LogTemp:Display: Loaded TP Android_MultiTargetPlatform
[2017.04.03-14.08.53:276][  0]LogTemp:Display: Loaded TP Android_PVRTCTargetPlatform
[2017.04.03-14.08.53:320][  0]LogTemp:Display: Loaded TP HTML5TargetPlatform
[2017.04.03-14.08.53:405][  0]LogTemp:Display: Loaded TP IOSTargetPlatform
[2017.04.03-14.08.53:435][  0]LogTemp:Display: Loaded TP TVOSTargetPlatform
[2017.04.03-14.08.53:487][  0]LogTemp:Display: Loaded TP LinuxClientTargetPlatform
[2017.04.03-14.08.53:550][  0]LogTemp:Display: Loaded TP LinuxNoEditorTargetPlatform
[2017.04.03-14.08.53:607][  0]LogTemp:Display: Loaded TP LinuxServerTargetPlatform
[2017.04.03-14.08.53:673][  0]LogTemp:Display: Loaded TP LinuxTargetPlatform
[2017.04.03-14.08.53:673][  0]LogTargetPlatformManager:Display: Building Assets For Windows
[2017.04.03-14.08.54:012][  0]LogDerivedDataCache:Display: Max Cache Size: 512 MB
[2017.04.03-14.08.54:063][  0]LogDerivedDataCache: Loaded boot cache 0.05s 50MB C:/Users/ole_j/AppData/Local/UnrealEngine/4.14/DerivedDataCache/Boot.ddc.
[2017.04.03-14.08.54:063][  0]LogDerivedDataCache:Display: Loaded Boot cache: C:/Users/ole_j/AppData/Local/UnrealEngine/4.14/DerivedDataCache/Boot.ddc
[2017.04.03-14.08.54:063][  0]LogDerivedDataCache: FDerivedDataBackendGraph:  Pak pak cache file C:/Users/ole_j/OneDrive/Documents/Unreal Projects/Game/DerivedDataCache/DDC.ddp not found, will not use a pak cache.
[2017.04.03-14.08.54:063][  0]LogDerivedDataCache: Unable to find inner node Pak for hierarchical cache Hierarchy.
[2017.04.03-14.08.54:063][  0]LogDerivedDataCache: FDerivedDataBackendGraph:  CompressedPak pak cache file C:/Users/ole_j/OneDrive/Documents/Unreal Projects/Game/DerivedDataCache/Compressed.ddp not found, will not use a pak cache.
[2017.04.03-14.08.54:063][  0]LogDerivedDataCache: Unable to find inner node CompressedPak for hierarchical cache Hierarchy.
[2017.04.03-14.08.54:091][  0]LogDerivedDataCache:Display: Pak cache opened for reading ../../../Engine/DerivedDataCache/Compressed.ddp.
[2017.04.03-14.08.54:110][  0]LogDerivedDataCache: Using Local data cache path C:/Users/ole_j/AppData/Local/UnrealEngine/Common/DerivedDataCache: Writable
[2017.04.03-14.08.54:327][  0]LogInit: Selected Device Profile: [Windows]
[2017.04.03-14.08.54:331][  0]LogContentStreaming: Texture pool size is 0.00 MB
[2017.04.03-14.08.54:525][  0]LogMeshUtilities: Using QuadricMeshReduction for automatic static mesh reduction
[2017.04.03-14.08.54:568][  0]LogSimplygon: Simplygon DLL not present - disabling.
[2017.04.03-14.08.54:612][  0]LogMeshUtilities: Using SimplygonSwarm for distributed automatic mesh merging
[2017.04.03-14.08.54:612][  0]LogMeshUtilities: No automatic skeletal mesh reduction module available
[2017.04.03-14.08.54:612][  0]LogMeshUtilities: No automatic mesh merging module available
[2017.04.03-14.08.55:145][  0]LogNetVersion: GetLocalNetworkVersion: CL: 3195953, ProjectName: game, ProjectVersion: , EngineNetworkVersion: 2, GameNetworkVersion: 0, NetworkChecksum: 3986511705
[2017.04.03-14.08.55:196][  0]LogAssetRegistry: FAssetRegistry took 0.0213 seconds to start up
[2017.04.03-14.08.55:229][  0]LogPackageLocalizationCache: Processed 3 localized package path(s) for 1 prioritized culture(s) in 0.016931 seconds
[2017.04.03-14.08.55:236][  0]LogUObjectArray: 31946 objects as part of root set at end of initial load.
[2017.04.03-14.08.55:236][  0]LogUObjectAllocator: 6935848 out of 0 bytes used by permanent object pool.
[2017.04.03-14.08.55:236][  0]LogUObjectArray: CloseDisregardForGC: 0/0 objects in disregard for GC pool
[2017.04.03-14.08.55:281][  0]LogInit: WinSock: version 1.1 (2.2), MaxSocks=32767, MaxUdp=65467
[2017.04.03-14.08.55:952][  0]LogSlate: Using Freetype 2.6.0
[2017.04.03-14.08.55:953][  0]LogSlate: SlateFontCache - WITH_FREETYPE: 1, WITH_HARFBUZZ: 1
[2017.04.03-14.08.55:953][  0]LogSlate: SlateFontCache - WITH_FREETYPE: 1, WITH_HARFBUZZ: 1
[2017.04.03-14.08.56:956][  0]LogTcpMessaging: Initializing TcpMessaging bridge
[2017.04.03-14.08.56:992][  0]LogUdpMessaging: Initializing bridge on interface 0.0.0.0:0 to multicast group 230.0.0.1:6666.
[2017.04.03-14.08.57:541][  0]LogMaterial: Uniform references updated for custom material expression Custom.
[2017.04.03-14.08.57:947][  0]SourceControl: Info Source control is disabled
[2017.04.03-14.08.57:949][  0]SourceControl: Info Source control is disabled
[2017.04.03-14.08.58:008][  0]SourceControl: Info Source control is disabled
[2017.04.03-14.08.58:055][  0]SourceControl: Info Source control is disabled
[2017.04.03-14.08.59:345][  0]LogEngine: Initializing Engine...
[2017.04.03-14.08.59:346][  0]LogHMD: Failed to initialize OpenVR with code 110
[2017.04.03-14.08.59:589][  0]LogAIModule: Creating AISystem for world Untitled
[2017.04.03-14.08.59:602][  0]LogInit: XAudio2 using 'Høyttalere (Realtek High Definition Audio)' : 2 channels at 48 kHz using 32 bits per sample (channel mask 0x3)
[2017.04.03-14.08.59:674][  0]LogInit: FAudioDevice initialized.
[2017.04.03-14.08.59:701][  0]LogDerivedDataCache: Saved boot cache 0.03s 51MB C:/Users/ole_j/AppData/Local/UnrealEngine/4.14/DerivedDataCache/Boot.ddc.
[2017.04.03-14.08.59:706][  0]LogInit: Texture streaming: Enabled
[2017.04.03-14.08.59:865][  0]LogInit: Transaction tracking system initialized
[2017.04.03-14.09.00:205][  0]BlueprintLog: New page: Editor Load
[2017.04.03-14.09.01:082][  0]LocalizationService: Info Localization service is disabled
[2017.04.03-14.09.01:711][  0]LogConsoleResponse:Display: 
[2017.04.03-14.09.01:843][  0]LogCook:Display: Max memory allowance for cook 16384mb min free memory 0mb
[2017.04.03-14.09.01:843][  0]LogCook:Display: Mobile HDR setting 1
[2017.04.03-14.09.02:737][  0]LogFileCache: Scanning file cache for directory 'C:/Users/ole_j/OneDrive/Documents/Unreal Projects/Game/Content/' took 0.01s
[2017.04.03-14.09.02:781][  0]SourceControl: Info Source control is disabled
[2017.04.03-14.09.02:781][  0]Cmd: MAP LOAD FILE="C:/Users/ole_j/OneDrive/Documents/Unreal Projects/Game/Content/TwinStickCPP/Maps/TwinStickExampleMap.umap" TEMPLATE=0 SHOWPROGRESS=1 FEATURELEVEL=3
[2017.04.03-14.09.02:782][  0]LightingResults: New page: Lighting Build
[2017.04.03-14.09.02:821][  0]MapCheck: New page: Map Check
[2017.04.03-14.09.02:821][  0]LightingResults: New page: Lighting Build
[2017.04.03-14.09.03:050][  0]LogAIModule: Creating AISystem for world TwinStickExampleMap
[2017.04.03-14.09.03:057][  0]LogEditorServer: Finished looking for orphan Actors (0.000 secs)
[2017.04.03-14.09.03:058][  0]Cmd: MAP CHECKDEP NOCLEARLOG
[2017.04.03-14.09.03:120][  0]MapCheck: Info Map check complete: 0 Error(s), 0 Warning(s), took 62.154ms to complete.
[2017.04.03-14.09.03:120][  0]LogFileHelpers: Loading map 'TwinStickExampleMap' took 0.339
[2017.04.03-14.09.03:177][  0]LogWindowsTextInputMethodSystem:Display: IME system now deactivated.
[2017.04.03-14.09.03:252][  0]LogCollectionManager: Loaded 0 collections in 0.001034 seconds
[2017.04.03-14.09.03:335][  0]LogFileCache: Scanning file cache for directory 'C:/Users/ole_j/OneDrive/Documents/Unreal Projects/Game/Saved/Collections/' took 0.01s
[2017.04.03-14.09.03:335][  0]LogFileCache: Scanning file cache for directory 'C:/Users/ole_j/OneDrive/Documents/Unreal Projects/Game/Content/Developers/olej/Collections/' took 0.01s
[2017.04.03-14.09.03:335][  0]LogFileCache: Scanning file cache for directory 'C:/Users/ole_j/OneDrive/Documents/Unreal Projects/Game/Content/Collections/' took 0.01s
[2017.04.03-14.09.03:335][  0]LogCollectionManager: Rebuilt the GUID cache for 0 collections in 0.000002 seconds
[2017.04.03-14.09.03:346][  0]LogContentBrowser: Native class hierarchy populated in 0.0105 seconds. Added 2195 classes and 430 folders.
[2017.04.03-14.09.03:387][  0]LogStats: UGameplayTagsManager::ConstructGameplayTagTree: Construct from data asset -  0.000 s
[2017.04.03-14.09.03:387][  0]LogStats: UGameplayTagsManager::ConstructGameplayTagTree: GameplayTagTreeChangedEvent.Broadcast -  0.000 s
[2017.04.03-14.09.03:389][  0]LogContentBrowser: Native class hierarchy updated for 'GameplayTags' in 0.0017 seconds. Added 13 classes and 0 folders.
[2017.04.03-14.09.03:447][  0]LogContentBrowser: Native class hierarchy updated for 'WidgetCarousel' in 0.0017 seconds. Added 0 classes and 0 folders.
[2017.04.03-14.09.03:502][  0]LogContentBrowser: Native class hierarchy updated for 'AddContentDialog' in 0.0018 seconds. Added 0 classes and 0 folders.
[2017.04.03-14.09.03:545][  0]LogContentBrowser: Native class hierarchy updated for 'SceneOutliner' in 0.0019 seconds. Added 1 classes and 2 folders.
[2017.04.03-14.09.03:628][  0]LogCrashTracker: Crashtracker disabled due to settings.
[2017.04.03-14.09.03:635][  0]LogUObjectGlobals:Warning: Failed to find object 'Class None.'
[2017.04.03-14.09.03:709][  0]LogContentBrowser: Native class hierarchy updated for 'HierarchicalLODOutliner' in 0.0019 seconds. Added 1 classes and 2 folders.
[2017.04.03-14.09.03:709][  0]LogLoad: (Engine Initialization) Total time: 15.20 seconds
[2017.04.03-14.09.03:709][  0]LogLoad: (Engine Initialization) Total Blueprint compile time: 0.08 seconds
[2017.04.03-14.09.03:709][  0]LogExternalProfiler: Found external profiler: VSPerf
[2017.04.03-14.09.03:709][  0]LogExternalProfiler: Using external profiler: VSPerf
[2017.04.03-14.09.03:727][  0]LogOcInput: OculusInput pre-init called
[2017.04.03-14.09.03:748][  0]LogContentStreaming: Texture pool size now 1000 MB
[2017.04.03-14.09.03:921][  0]LogRenderer: Reallocating scene render targets to support 1076x576 NumSamples 1 (Frame:2).
[2017.04.03-14.09.03:998][  1]LogAssetRegistry: Asset discovery search completed in 8.8235 seconds
[2017.04.03-14.09.03:999][  1]LogCollectionManager: Rebuilt the object cache for 0 collections in 0.000000 seconds (found 0 objects)
[2017.04.03-14.09.03:999][  1]LogCollectionManager: Fixed up redirectors for 0 collections in 0.000025 seconds (updated 0 objects)
[2017.04.03-14.09.07:503][207]LogTemp: Repeting last play command: Selected Viewport
[2017.04.03-14.09.07:522][207]LogBlueprintUserMessages: Early PlayInEditor Detection: Level '/Game/TwinStickCPP/Maps/TwinStickExampleMap.TwinStickExampleMap:PersistentLevel' has LevelScriptBlueprint '/Game/TwinStickCPP/Maps/TwinStickExampleMap.TwinStickExampleMap:PersistentLevel.TwinStickExampleMap' with GeneratedClass '/Game/TwinStickCPP/Maps/TwinStickExampleMap.TwinStickExampleMap_C' with ClassGeneratedBy '/Game/TwinStickCPP/Maps/TwinStickExampleMap.TwinStickExampleMap:PersistentLevel.TwinStickExampleMap'
[2017.04.03-14.09.07:557][207]LogPlayLevel: PlayLevel: No blueprints needed recompiling
[2017.04.03-14.09.07:557][207]PIE: New page: PIE session: TwinStickExampleMap (Apr 3, 2017, 6:09:07 PM)
[2017.04.03-14.09.07:557][207]LogPlayLevel: Creating play world package: /Game/TwinStickCPP/Maps/UEDPIE_0_TwinStickExampleMap
[2017.04.03-14.09.07:590][207]LogPlayLevel: PIE: StaticDuplicateObject took: (0.032388s)
[2017.04.03-14.09.07:590][207]LogAIModule: Creating AISystem for world TwinStickExampleMap
[2017.04.03-14.09.07:591][207]LogPlayLevel: PIE: World Init took: (0.000902s)
[2017.04.03-14.09.07:591][207]LogPlayLevel: PIE: Created PIE world by copying editor world from /Game/TwinStickCPP/Maps/TwinStickExampleMap.TwinStickExampleMap to /Game/TwinStickCPP/Maps/UEDPIE_0_TwinStickExampleMap.TwinStickExampleMap (0.033619s)
[2017.04.03-14.09.07:617][207]LogInit: XAudio2 using 'Høyttalere (Realtek High Definition Audio)' : 2 channels at 48 kHz using 32 bits per sample (channel mask 0x3)
[2017.04.03-14.09.07:694][207]LogInit: FAudioDevice initialized.
[2017.04.03-14.09.07:802][207]LogLoad: Game class is 'GameGameMode'
[2017.04.03-14.09.07:805][207]LogWorld: Bringing World /Game/TwinStickCPP/Maps/UEDPIE_0_TwinStickExampleMap.TwinStickExampleMap up for play (max tick rate 60) at 2017.04.03-16.09.07
[2017.04.03-14.09.07:806][207]LogWorld: Bringing up level for play took: 0.002281
[2017.04.03-14.09.07:903][207]LogContentBrowser: Native class hierarchy updated for 'MovieSceneCapture' in 0.0022 seconds. Added 11 classes and 0 folders.
[2017.04.03-14.09.07:904][207]PIE: Info Play in editor start time for /Game/TwinStickCPP/Maps/UEDPIE_0_TwinStickExampleMap 0.987
[2017.04.03-14.09.07:905][207]LogBlueprintUserMessages: Late PlayInEditor Detection: Level '/Game/TwinStickCPP/Maps/TwinStickExampleMap.TwinStickExampleMap:PersistentLevel' has LevelScriptBlueprint '/Game/TwinStickCPP/Maps/TwinStickExampleMap.TwinStickExampleMap:PersistentLevel.TwinStickExampleMap' with GeneratedClass '/Game/TwinStickCPP/Maps/TwinStickExampleMap.TwinStickExampleMap_C' with ClassGeneratedBy '/Game/TwinStickCPP/Maps/TwinStickExampleMap.TwinStickExampleMap:PersistentLevel.TwinStickExampleMap'
[2017.04.03-14.09.16:151][698]LogBlueprintUserMessages: Early EndPlayMap Detection: Level '/Game/TwinStickCPP/Maps/TwinStickExampleMap.TwinStickExampleMap:PersistentLevel' has LevelScriptBlueprint '/Game/TwinStickCPP/Maps/TwinStickExampleMap.TwinStickExampleMap:PersistentLevel.TwinStickExampleMap' with GeneratedClass '/Game/TwinStickCPP/Maps/TwinStickExampleMap.TwinStickExampleMap_C' with ClassGeneratedBy '/Game/TwinStickCPP/Maps/TwinStickExampleMap.TwinStickExampleMap:PersistentLevel.TwinStickExampleMap'
[2017.04.03-14.09.16:244][698]LogBlueprintUserMessages: Late EndPlayMap Detection: Level '/Game/TwinStickCPP/Maps/TwinStickExampleMap.TwinStickExampleMap:PersistentLevel' has LevelScriptBlueprint '/Game/TwinStickCPP/Maps/TwinStickExampleMap.TwinStickExampleMap:PersistentLevel.TwinStickExampleMap' with GeneratedClass '/Game/TwinStickCPP/Maps/TwinStickExampleMap.TwinStickExampleMap_C' with ClassGeneratedBy '/Game/TwinStickCPP/Maps/TwinStickExampleMap.TwinStickExampleMap:PersistentLevel.TwinStickExampleMap'
[2017.04.03-14.09.19:009][852]LogVSAccessor:Warning: Couldn't goto line number '0' in 'C:/Users/ole_j/OneDrive/Documents/Unreal Projects/Game/Source/Game/GamePawn.h'
[2017.04.03-14.09.20:690][852]LogVSAccessor:Warning: Couldn't goto line number '0' in 'C:/Users/ole_j/OneDrive/Documents/Unreal Projects/Game/Source/Game/GamePawn.cpp'
[2017.04.03-14.09.28:850][999]LogVSAccessor:Warning: Couldn't goto line number '0' in 'C:/Users/ole_j/OneDrive/Documents/Unreal Projects/Game/Source/Game/GamePawn.h'
[2017.04.03-14.09.29:250][999]LogVSAccessor:Warning: Couldn't goto line number '0' in 'C:/Users/ole_j/OneDrive/Documents/Unreal Projects/Game/Source/Game/GamePawn.cpp'
[2017.04.03-14.12.46:461][305]LogEditorViewport: Clicking on Actor (LMB): StaticMeshActor (Floor)
[2017.04.03-14.12.47:721][359]LogEditorViewport: Clicking on Actor (LMB): GamePawn (TP_TwinStickPawn)
[2017.04.03-14.13.06:952][431]LogContentBrowser: Native class hierarchy updated for 'BlueprintGraph' in 0.0026 seconds. Added 111 classes and 0 folders.
[2017.04.03-14.13.07:893][431]LogTexture:Display: Building textures: TilePatine_N (BC5)
[2017.04.03-14.13.07:944][431]LogTexture:Display: Building textures: TilePatine_D (AutoDXT)
[2017.04.03-14.13.08:424][431]LogTexture:Display: Building textures: Blueprint_64x (BGRA8)
[2017.04.03-14.13.08:510][431]LogRenderer: Reallocating scene render targets to support 1144x900 NumSamples 1 (Frame:3891).
[2017.04.03-14.14.00:336][855]LogObjectTools:Warning: ForceReplaceReferences replaced references for a transient object 'DEADCLASS_MouseShootBP_C_1' or package '/Engine/Transient'.
[2017.04.03-14.14.00:336][855]LogObjectTools:Warning: ForceReplaceReferences replaced references for a transient object 'DEADCLASS_MouseShootBP_C_0' or package '/Engine/Transient'.
[2017.04.03-14.14.00:336][855]LogObjectTools:Warning: ForceReplaceReferences replaced references for a transient object 'REINST_SKEL_MouseShootBP_C_31' or package '/Engine/Transient'.
[2017.04.03-14.14.00:336][855]LogObjectTools:Warning: ForceReplaceReferences replaced references for a transient object 'REINST_MouseShootBP_C_30' or package '/Engine/Transient'.
[2017.04.03-14.14.08:266][225]Cmd: QUIT_EDITOR
[2017.04.03-14.14.08:942][225]LogWindowsTextInputMethodSystem:Display: IME system now deactivated.
[2017.04.03-14.14.08:975][225]LogExit: Preparing to exit.
[2017.04.03-14.14.09:254][225]LogExit: Editor shut down
[2017.04.03-14.14.09:254][225]LogExit: Transaction tracking system shut down
[2017.04.03-14.14.09:343][225]LogObj: Freed 0b from 0 cluster array pools.
[2017.04.03-14.14.09:343][225]LogExit: Object subsystem successfully closed.
[2017.04.03-14.14.09:361][225]LogD3D11RHI: Shutdown
[2017.04.03-14.14.09:361][225]LogD3D11RHI: CleanupD3DDevice
[2017.04.03-14.14.09:468][225]LogD3D11RHI: ~FD3D11DynamicRHI
[2017.04.03-14.14.09:756][225]LogHttp:Display: Http module shutting down, but needs to wait on 1 outstanding Http requests:
[2017.04.03-14.14.09:756][225]LogHttp:Display: 	verb=[POST] url=[https://datarouter.ol.epicgames.com/datarouter/api/v1/public/data?SessionID=%7B35EC82D3-48E5-8C02-AB91-AFBDE75252D4%7D&AppID=UEEditor.Rocket.Release&AppVersion=4.14.3-3249277%2B%2B%2BUE4%2BRelease-4.14&UserID=921f78324cbeaa916a199dbaaebf4a9f%7C3d2b6591cb724bc69d4de2de06914e9f%7C54e22578-7f02-41ab-9b61-4109e7c7d545&AppEnvironment=datacollector-binary&UploadType=eteventstream] status=Processing
[2017.04.03-14.14.09:769][225]LogModuleManager: Shutting down and abandoning module BlueprintGraph (245)
[2017.04.03-14.14.09:769][225]LogModuleManager: Shutting down and abandoning module BlueprintProfiler (244)
[2017.04.03-14.14.09:769][225]LogModuleManager: Shutting down and abandoning module MovieSceneCapture (243)
[2017.04.03-14.14.09:770][225]LogModuleManager: Shutting down and abandoning module HierarchicalLODOutliner (242)
[2017.04.03-14.14.09:770][225]LogModuleManager: Shutting down and abandoning module CrashTracker (241)
[2017.04.03-14.14.09:770][225]LogModuleManager: Shutting down and abandoning module SceneOutliner (240)
[2017.04.03-14.14.09:770][225]LogModuleManager: Shutting down and abandoning module WidgetCarousel (239)
[2017.04.03-14.14.09:770][225]LogModuleManager: Shutting down and abandoning module AddContentDialog (238)
[2017.04.03-14.14.09:770][225]LogDirectoryWatcher: A directory notification for 'D:/Epic Games/4.14/FeaturePacks/' was aborted.
[2017.04.03-14.14.09:770][225]LogModuleManager: Shutting down and abandoning module GameplayTags (237)
[2017.04.03-14.14.09:770][225]LogModuleManager: Shutting down and abandoning module EditorWidgets (236)
[2017.04.03-14.14.09:770][225]LogModuleManager: Shutting down and abandoning module CollectionManager (235)
[2017.04.03-14.14.09:770][225]LogDirectoryWatcher: A directory notification for 'C:/Users/ole_j/OneDrive/Documents/Unreal Projects/Game/Content/Collections/' was aborted.
[2017.04.03-14.14.09:771][225]LogDirectoryWatcher: A directory notification for 'C:/Users/ole_j/OneDrive/Documents/Unreal Projects/Game/Content/Developers/olej/Collections/' was aborted.
[2017.04.03-14.14.09:771][225]LogDirectoryWatcher: A directory notification for 'C:/Users/ole_j/OneDrive/Documents/Unreal Projects/Game/Saved/Collections/' was aborted.
[2017.04.03-14.14.09:771][225]LogModuleManager: Shutting down and abandoning module StatsViewer (234)
[2017.04.03-14.14.09:771][225]LogModuleManager: Shutting down and abandoning module FoliageEdit (233)
[2017.04.03-14.14.09:771][225]LogModuleManager: Shutting down and abandoning module LandscapeEditor (232)
[2017.04.03-14.14.09:771][225]LogModuleManager: Shutting down and abandoning module SceneDepthPickerMode (231)
[2017.04.03-14.14.09:771][225]LogModuleManager: Shutting down and abandoning module ActorPickerMode (230)
[2017.04.03-14.14.09:771][225]LogModuleManager: Shutting down and abandoning module GeometryMode (229)
[2017.04.03-14.14.09:771][225]LogModuleManager: Shutting down and abandoning module TextureAlignMode (228)
[2017.04.03-14.14.09:771][225]LogModuleManager: Shutting down and abandoning module BspMode (227)
[2017.04.03-14.14.09:771][225]LogModuleManager: Shutting down and abandoning module HardwareSurvey (226)
[2017.04.03-14.14.09:771][225]LogModuleManager: Shutting down and abandoning module SequenceRecorderSections (225)
[2017.04.03-14.14.09:771][225]LogModuleManager: Shutting down and abandoning module AutomationWorker (224)
[2017.04.03-14.14.09:771][225]LogModuleManager: Shutting down and abandoning module MatineeToLevelSequence (223)
[2017.04.03-14.14.09:771][225]LogModuleManager: Shutting down and abandoning module PlacementMode (222)
[2017.04.03-14.14.09:771][225]LogModuleManager: Shutting down and abandoning module LevelSequenceEditor (221)
[2017.04.03-14.14.09:771][225]LogModuleManager: Shutting down and abandoning module WmfMediaFactory (220)
[2017.04.03-14.14.09:771][225]LogModuleManager: Shutting down and abandoning module WmfMediaEditor (219)
[2017.04.03-14.14.09:771][225]LogModuleManager: Shutting down and abandoning module AvfMediaFactory (218)
[2017.04.03-14.14.09:771][225]LogModuleManager: Shutting down and abandoning module AvfMediaEditor (217)
[2017.04.03-14.14.09:771][225]LogModuleManager: Shutting down and abandoning module Media (216)
[2017.04.03-14.14.09:771][225]LogModuleManager: Shutting down and abandoning module AndroidMediaFactory (215)
[2017.04.03-14.14.09:771][225]LogModuleManager: Shutting down and abandoning module AndroidMediaEditor (214)
[2017.04.03-14.14.09:771][225]LogModuleManager: Shutting down and abandoning module CharacterAI (213)
[2017.04.03-14.14.09:771][225]LogModuleManager: Shutting down and abandoning module SequenceRecorder (212)
[2017.04.03-14.14.09:771][225]LogModuleManager: Shutting down and abandoning module AudioCapture (211)
[2017.04.03-14.14.09:771][225]LogModuleManager: Shutting down and abandoning module SmartSnapping (210)
[2017.04.03-14.14.09:771][225]LogModuleManager: Shutting down and abandoning module SessionServices (209)
[2017.04.03-14.14.09:771][225]LogModuleManager: Shutting down and abandoning module ViewportSnapping (208)
[2017.04.03-14.14.09:771][225]LogModuleManager: Shutting down and abandoning module ViewportInteraction (207)
[2017.04.03-14.14.09:771][225]LogModuleManager: Shutting down and abandoning module LogVisualizer (206)
[2017.04.03-14.14.09:771][225]LogModuleManager: Shutting down and abandoning module GameProjectGeneration (205)
[2017.04.03-14.14.09:771][225]LogModuleManager: Shutting down and abandoning module IntroTutorials (204)
[2017.04.03-14.14.09:771][225]LogModuleManager: Shutting down and abandoning module EditorLiveStreaming (203)
[2017.04.03-14.14.09:771][225]LogModuleManager: Shutting down and abandoning module IOSPlatformEditor (202)
[2017.04.03-14.14.09:771][225]LogModuleManager: Shutting down and abandoning module HTML5PlatformEditor (201)
[2017.04.03-14.14.09:771][225]LogModuleManager: Shutting down and abandoning module AndroidDeviceDetection (200)
[2017.04.03-14.14.10:519][225]LogModuleManager: Shutting down and abandoning module AndroidPlatformEditor (199)
[2017.04.03-14.14.10:519][225]LogModuleManager: Shutting down and abandoning module IOSRuntimeSettings (198)
[2017.04.03-14.14.10:520][225]LogModuleManager: Shutting down and abandoning module AndroidRuntimeSettings (197)
[2017.04.03-14.14.10:520][225]LogModuleManager: Shutting down and abandoning module InputBindingEditor (196)
[2017.04.03-14.14.10:520][225]LogModuleManager: Shutting down and abandoning module NiagaraEditor (195)
[2017.04.03-14.14.10:520][225]LogModuleManager: Shutting down and abandoning module MergeActors (194)
[2017.04.03-14.14.10:520][225]LogModuleManager: Shutting down and abandoning module SizeMap (193)
[2017.04.03-14.14.10:520][225]LogModuleManager: Shutting down and abandoning module TreeMap (192)
[2017.04.03-14.14.10:520][225]LogModuleManager: Shutting down and abandoning module ReferenceViewer (191)
[2017.04.03-14.14.10:520][225]LogModuleManager: Shutting down and abandoning module LocalizationService (190)
[2017.04.03-14.14.10:520][225]LogModuleManager: Shutting down and abandoning module LocalizationDashboard (189)
[2017.04.03-14.14.10:520][225]LogModuleManager: Shutting down and abandoning module HardwareTargeting (188)
[2017.04.03-14.14.10:520][225]LogModuleManager: Shutting down and abandoning module DeviceProfileEditor (187)
[2017.04.03-14.14.10:520][225]LogModuleManager: Shutting down and abandoning module UndoHistory (186)
[2017.04.03-14.14.10:520][225]LogModuleManager: Shutting down and abandoning module UserFeedback (185)
[2017.04.03-14.14.10:520][225]LogModuleManager: Shutting down and abandoning module XmlParser (184)
[2017.04.03-14.14.10:520][225]LogModuleManager: Shutting down and abandoning module Blutility (183)
[2017.04.03-14.14.10:520][225]LogModuleManager: Shutting down and abandoning module ProjectTargetPlatformEditor (182)
[2017.04.03-14.14.10:520][225]LogModuleManager: Shutting down and abandoning module ProjectSettingsViewer (181)
[2017.04.03-14.14.10:520][225]LogModuleManager: Shutting down and abandoning module EditorSettingsViewer (180)
[2017.04.03-14.14.10:520][225]LogModuleManager: Shutting down and abandoning module SettingsEditor (179)
[2017.04.03-14.14.10:520][225]LogModuleManager: Shutting down and abandoning module ProjectLauncher (178)
[2017.04.03-14.14.10:520][225]LogModuleManager: Shutting down and abandoning module SessionFrontend (177)
[2017.04.03-14.14.10:520][225]LogModuleManager: Shutting down and abandoning module ProfilerClient (176)
[2017.04.03-14.14.10:520][225]LogModuleManager: Shutting down and abandoning module TargetDeviceServices (175)
[2017.04.03-14.14.10:520][225]LogModuleManager: Shutting down and abandoning module DeviceManager (174)
[2017.04.03-14.14.10:563][225]LogModuleManager: Shutting down and abandoning module AutomationController (173)
[2017.04.03-14.14.10:563][225]LogModuleManager: Shutting down and abandoning module AutomationWindow (172)
[2017.04.03-14.14.10:563][225]LogModuleManager: Shutting down and abandoning module Layers (171)
[2017.04.03-14.14.10:563][225]LogModuleManager: Shutting down and abandoning module ComponentVisualizers (170)
[2017.04.03-14.14.10:563][225]LogModuleManager: Shutting down and abandoning module DetailCustomizations (169)
[2017.04.03-14.14.10:563][225]LogModuleManager: Shutting down and abandoning module PackagesDialog (168)
[2017.04.03-14.14.10:563][225]LogModuleManager: Shutting down and abandoning module AnimGraph (167)
[2017.04.03-14.14.10:563][225]LogModuleManager: Shutting down and abandoning module Persona (166)
[2017.04.03-14.14.10:563][225]LogModuleManager: Shutting down and abandoning module Kismet (165)
[2017.04.03-14.14.10:570][225]LogModuleManager: Shutting down and abandoning module GraphEditor (164)
[2017.04.03-14.14.10:570][225]LogModuleManager: Shutting down and abandoning module ClassViewer (163)
[2017.04.03-14.14.10:570][225]LogModuleManager: Shutting down and abandoning module Toolbox (162)
[2017.04.03-14.14.10:570][225]LogModuleManager: Shutting down and abandoning module ModuleUI (161)
[2017.04.03-14.14.10:570][225]LogModuleManager: Shutting down and abandoning module MovieSceneTools (160)
[2017.04.03-14.14.10:570][225]LogModuleManager: Shutting down and abandoning module OutputLog (159)
[2017.04.03-14.14.10:571][225]LogModuleManager: Shutting down and abandoning module GammaUI (158)
[2017.04.03-14.14.10:571][225]LogModuleManager: Shutting down and abandoning module Documentation (157)
[2017.04.03-14.14.10:571][225]LogModuleManager: Shutting down and abandoning module Niagara (156)
[2017.04.03-14.14.10:571][225]LogModuleManager: Shutting down and abandoning module StreamingPauseRendering (155)
[2017.04.03-14.14.10:571][225]LogModuleManager: Shutting down and abandoning module AnalyticsET (154)
[2017.04.03-14.14.10:571][225]LogModuleManager: Shutting down and abandoning module PortalServices (153)
[2017.04.03-14.14.10:571][225]LogModuleManager: Shutting down and abandoning module PortalRpc (152)
[2017.04.03-14.14.10:571][225]LogModuleManager: Shutting down and abandoning module MessagingRpc (151)
[2017.04.03-14.14.10:571][225]LogModuleManager: Shutting down and abandoning module GameplayDebugger (150)
[2017.04.03-14.14.10:571][225]LogModuleManager: Shutting down and abandoning module AITestSuite (149)
[2017.04.03-14.14.10:571][225]LogModuleManager: Shutting down and abandoning module AIModule (148)
[2017.04.03-14.14.10:571][225]LogModuleManager: Shutting down and abandoning module ProfilerService (147)
[2017.04.03-14.14.10:703][225]LogModuleManager: Shutting down and abandoning module TaskGraph (146)
[2017.04.03-14.14.10:703][225]LogModuleManager: Shutting down and abandoning module SlateRemote (145)
[2017.04.03-14.14.10:703][225]LogModuleManager: Shutting down and abandoning module SteamVRController (144)
[2017.04.03-14.14.10:703][225]LogModuleManager: Shutting down and abandoning module SteamVR (143)
[2017.04.03-14.14.10:703][225]LogModuleManager: Shutting down and abandoning module ProceduralMeshComponentEditor (142)
[2017.04.03-14.14.10:703][225]LogModuleManager: Shutting down and abandoning module ProceduralMeshComponent (141)
[2017.04.03-14.14.10:703][225]LogModuleManager: Shutting down and abandoning module OculusLibrary (140)
[2017.04.03-14.14.10:703][225]LogModuleManager: Shutting down and abandoning module OculusInput (139)
[2017.04.03-14.14.10:703][225]LogModuleManager: Shutting down and abandoning module MobilePatchingUtils (138)
[2017.04.03-14.14.10:703][225]LogModuleManager: Shutting down and abandoning module CustomMeshComponent (137)
[2017.04.03-14.14.10:703][225]LogModuleManager: Shutting down and abandoning module CableComponent (136)
[2017.04.03-14.14.10:703][225]LogModuleManager: Shutting down and abandoning module ArchVisCharacter (135)
[2017.04.03-14.14.10:703][225]LogModuleManager: Shutting down and abandoning module MediaPlayerEditor (133)
[2017.04.03-14.14.10:703][225]LogModuleManager: Shutting down and abandoning module HTML5Networking (132)
[2017.04.03-14.14.10:703][225]LogModuleManager: Shutting down and abandoning module GeometryCacheEd (131)
[2017.04.03-14.14.10:703][225]LogModuleManager: Shutting down and abandoning module GeometryCache (130)
[2017.04.03-14.14.10:703][225]LogModuleManager: Shutting down and abandoning module AlembicLibrary (129)
[2017.04.03-14.14.10:703][225]LogModuleManager: Shutting down and abandoning module AlembicImporter (128)
[2017.04.03-14.14.10:703][225]LogModuleManager: Shutting down and abandoning module SuperSearch (127)
[2017.04.03-14.14.10:703][225]LogModuleManager: Shutting down and abandoning module SuperSearchEditor (126)
[2017.04.03-14.14.10:703][225]LogModuleManager: Shutting down and abandoning module SpeedTreeImporter (125)
[2017.04.03-14.14.10:703][225]LogModuleManager: Shutting down and abandoning module PluginBrowser (124)
[2017.04.03-14.14.10:704][225]LogModuleManager: Shutting down and abandoning module MobileLauncherProfileWizard (123)
[2017.04.03-14.14.10:704][225]LogModuleManager: Shutting down and abandoning module EpicSurvey (122)
[2017.04.03-14.14.10:704][225]LogModuleManager: Shutting down and abandoning module DesktopPlatform (121)
[2017.04.03-14.14.10:704][225]LogModuleManager: Shutting down and abandoning module VisualStudioSourceCodeAccess (120)
[2017.04.03-14.14.10:704][225]LogModuleManager: Shutting down and abandoning module UObjectPlugin (119)
[2017.04.03-14.14.10:704][225]LogModuleManager: Shutting down and abandoning module SubversionSourceControl (118)
[2017.04.03-14.14.10:704][225]LogModuleManager: Shutting down and abandoning module PerforceSourceControl (117)
[2017.04.03-14.14.10:704][225]LogModuleManager: Shutting down and abandoning module SourceControl (116)
[2017.04.03-14.14.10:704][225]LogModuleManager: Shutting down and abandoning module GitSourceControl (115)
[2017.04.03-14.14.10:704][225]LogModuleManager: Shutting down and abandoning module LightPropagationVolumeEditor (114)
[2017.04.03-14.14.10:704][225]LogModuleManager: Shutting down and abandoning module PaperTiledImporter (113)
[2017.04.03-14.14.10:704][225]LogModuleManager: Shutting down and abandoning module PaperSpriteSheetImporter (112)
[2017.04.03-14.14.10:704][225]LogModuleManager: Shutting down and abandoning module MeshPaint (111)
[2017.04.03-14.14.10:704][225]LogModuleManager: Shutting down and abandoning module PixelInspectorModule (110)
[2017.04.03-14.14.10:704][225]LogModuleManager: Shutting down and abandoning module HotReload (109)
[2017.04.03-14.14.10:704][225]LogDirectoryWatcher: A directory notification for 'C:/Users/ole_j/OneDrive/Documents/Unreal Projects/Game/Binaries/Win64' was aborted.
[2017.04.03-14.14.10:705][225]LogModuleManager: Shutting down and abandoning module MainFrame (108)
[2017.04.03-14.14.10:705][225]LogModuleManager: Shutting down and abandoning module LevelEditor (107)
[2017.04.03-14.14.10:705][225]LogModuleManager: Shutting down and abandoning module ContentBrowser (106)
[2017.04.03-14.14.10:706][225]LogModuleManager: Shutting down and abandoning module Paper2DEditor (105)
[2017.04.03-14.14.10:706][225]LogModuleManager: Shutting down and abandoning module Game (104)
[2017.04.03-14.14.10:706][225]LogModuleManager: Shutting down and abandoning module UdpMessaging (103)
[2017.04.03-14.14.10:807][225]LogModuleManager: Shutting down and abandoning module TcpMessaging (102)
[2017.04.03-14.14.10:907][225]LogModuleManager: Shutting down and abandoning module LightPropagationVolumeRuntime (101)
[2017.04.03-14.14.10:907][225]LogModuleManager: Shutting down and abandoning module Paper2D (100)
[2017.04.03-14.14.10:907][225]LogModuleManager: Shutting down and abandoning module WindowsMoviePlayer (99)
[2017.04.03-14.14.10:907][225]LogModuleManager: Shutting down and abandoning module WmfMedia (98)
[2017.04.03-14.14.10:907][225]LogModuleManager: Shutting down and abandoning module MediaAssets (97)
[2017.04.03-14.14.10:907][225]LogModuleManager: Shutting down and abandoning module GameLiveStreaming (96)
[2017.04.03-14.14.10:907][225]LogModuleManager: Shutting down and abandoning module GameplayTagsEditor (95)
[2017.04.03-14.14.10:907][225]LogModuleManager: Shutting down and abandoning module VREditor (94)
[2017.04.03-14.14.10:907][225]LogModuleManager: Shutting down and abandoning module GameplayTasksEditor (93)
[2017.04.03-14.14.10:907][225]LogModuleManager: Shutting down and abandoning module BehaviorTreeEditor (92)
[2017.04.03-14.14.10:907][225]LogModuleManager: Shutting down and abandoning module FunctionalTesting (91)
[2017.04.03-14.14.10:907][225]LogModuleManager: Shutting down and abandoning module CollisionAnalyzer (90)
[2017.04.03-14.14.10:907][225]LogModuleManager: Shutting down and abandoning module Sequencer (89)
[2017.04.03-14.14.10:907][225]LogModuleManager: Shutting down and abandoning module WorkspaceMenuStructure (88)
[2017.04.03-14.14.10:907][225]LogModuleManager: Shutting down and abandoning module MessageLog (87)
[2017.04.03-14.14.10:907][225]LogModuleManager: Shutting down and abandoning module AssetTools (86)
[2017.04.03-14.14.10:908][225]LogModuleManager: Shutting down and abandoning module UMGEditor (85)
[2017.04.03-14.14.10:908][225]LogModuleManager: Shutting down and abandoning module UMG (84)
[2017.04.03-14.14.10:908][225]LogModuleManager: Shutting down and abandoning module SlateReflector (83)
[2017.04.03-14.14.10:908][225]LogModuleManager: Shutting down and abandoning module Slate (82)
[2017.04.03-14.14.10:908][225]LogModuleManager: Shutting down and abandoning module EditorStyle (81)
[2017.04.03-14.14.10:910][225]LogModuleManager: Shutting down and abandoning module SourceCodeAccess (80)
[2017.04.03-14.14.10:910][225]LogModuleManager: Shutting down and abandoning module HeadMountedDisplay (79)
[2017.04.03-14.14.10:910][225]LogModuleManager: Shutting down and abandoning module XAudio2 (78)
[2017.04.03-14.14.10:910][225]LogModuleManager: Shutting down and abandoning module Networking (76)
[2017.04.03-14.14.10:910][225]LogModuleManager: Shutting down and abandoning module Core (75)
[2017.04.03-14.14.10:910][225]LogModuleManager: Shutting down and abandoning module DirectoryWatcher (74)
[2017.04.03-14.14.10:910][225]LogDirectoryWatcher: A directory notification for '../../../Engine/Content/' was aborted.
[2017.04.03-14.14.10:910][225]LogDirectoryWatcher: A directory notification for 'C:/Users/ole_j/OneDrive/Documents/Unreal Projects/Game/Content/' was aborted.
[2017.04.03-14.14.10:910][225]LogDirectoryWatcher: A directory notification for '../../../Engine/Plugins/2D/Paper2D/Content/' was aborted.
[2017.04.03-14.14.10:910][225]LogModuleManager: Shutting down and abandoning module AssetRegistry (73)
[2017.04.03-14.14.11:070][225]LogModuleManager: Shutting down and abandoning module KismetCompiler (72)
[2017.04.03-14.14.11:070][225]LogModuleManager: Shutting down and abandoning module PhysXFormats (71)
[2017.04.03-14.14.11:070][225]LogModuleManager: Shutting down and abandoning module SimplygonSwarm (70)
[2017.04.03-14.14.11:070][225]LogModuleManager: Shutting down and abandoning module SimplygonMeshReduction (69)
[2017.04.03-14.14.11:071][225]LogModuleManager: Shutting down and abandoning module QuadricMeshReduction (68)
[2017.04.03-14.14.11:071][225]LogModuleManager: Shutting down and abandoning module PropertyEditor (67)
[2017.04.03-14.14.11:071][225]LogModuleManager: Shutting down and abandoning module MeshUtilities (66)
[2017.04.03-14.14.11:071][225]LogModuleManager: Shutting down and abandoning module DerivedDataCache (65)
[2017.04.03-14.14.11:104][225]LogDerivedDataCache: Shutdown
[2017.04.03-14.14.11:104][225]LogModuleManager: Shutting down and abandoning module VulkanShaderFormat (64)
[2017.04.03-14.14.11:104][225]LogModuleManager: Shutting down and abandoning module ShaderFormatOpenGL (63)
[2017.04.03-14.14.11:104][225]LogModuleManager: Shutting down and abandoning module ShaderFormatD3D (62)
[2017.04.03-14.14.11:104][225]LogModuleManager: Shutting down and abandoning module MetalShaderFormat (61)
[2017.04.03-14.14.11:104][225]LogModuleManager: Shutting down and abandoning module TextureFormatUncompressed (60)
[2017.04.03-14.14.11:104][225]LogModuleManager: Shutting down and abandoning module TextureFormatPVR (59)
[2017.04.03-14.14.11:104][225]LogModuleManager: Shutting down and abandoning module TextureFormatDXT (58)
[2017.04.03-14.14.11:104][225]LogModuleManager: Shutting down and abandoning module TextureFormatIntelISPCTexComp (57)
[2017.04.03-14.14.11:104][225]LogModuleManager: Shutting down and abandoning module ImageWrapper (56)
[2017.04.03-14.14.11:104][225]LogModuleManager: Shutting down and abandoning module TextureFormatASTC (55)
[2017.04.03-14.14.11:104][225]LogModuleManager: Shutting down and abandoning module TextureFormatAndroid (54)
[2017.04.03-14.14.11:104][225]LogModuleManager: Shutting down and abandoning module AudioFormatOpus (53)
[2017.04.03-14.14.11:104][225]LogModuleManager: Shutting down and abandoning module AudioFormatOgg (52)
[2017.04.03-14.14.11:104][225]LogModuleManager: Shutting down and abandoning module AudioFormatADPCM (51)
[2017.04.03-14.14.11:104][225]LogModuleManager: Shutting down and abandoning module LinuxTargetPlatform (50)
[2017.04.03-14.14.11:104][225]LogModuleManager: Shutting down and abandoning module LinuxServerTargetPlatform (49)
[2017.04.03-14.14.11:104][225]LogModuleManager: Shutting down and abandoning module LinuxNoEditorTargetPlatform (48)
[2017.04.03-14.14.11:104][225]LogModuleManager: Shutting down and abandoning module LinuxClientTargetPlatform (47)
[2017.04.03-14.14.11:104][225]LogModuleManager: Shutting down and abandoning module TVOSTargetPlatform (46)
[2017.04.03-14.14.11:104][225]LogModuleManager: Shutting down and abandoning module Messaging (45)
[2017.04.03-14.14.11:104][225]LogModuleManager: Shutting down and abandoning module IOSTargetPlatform (44)
[2017.04.03-14.14.11:104][225]LogModuleManager: Shutting down and abandoning module HTML5TargetPlatform (43)
[2017.04.03-14.14.11:104][225]LogModuleManager: Shutting down and abandoning module Android_PVRTCTargetPlatform (42)
[2017.04.03-14.14.11:104][225]LogModuleManager: Shutting down and abandoning module Android_MultiTargetPlatform (41)
[2017.04.03-14.14.11:104][225]LogModuleManager: Shutting down and abandoning module Android_ETC2TargetPlatform (40)
[2017.04.03-14.14.11:104][225]LogModuleManager: Shutting down and abandoning module Android_ETC1TargetPlatform (39)
[2017.04.03-14.14.11:104][225]LogModuleManager: Shutting down and abandoning module Android_DXTTargetPlatform (38)
[2017.04.03-14.14.11:104][225]LogModuleManager: Shutting down and abandoning module Android_ATCTargetPlatform (37)
[2017.04.03-14.14.11:104][225]LogModuleManager: Shutting down and abandoning module Android_ASTCTargetPlatform (36)
[2017.04.03-14.14.11:104][225]LogModuleManager: Shutting down and abandoning module AndroidTargetPlatform (35)
[2017.04.03-14.14.11:104][225]LogModuleManager: Shutting down and abandoning module WindowsTargetPlatform (34)
[2017.04.03-14.14.11:104][225]LogModuleManager: Shutting down and abandoning module WindowsServerTargetPlatform (33)
[2017.04.03-14.14.11:104][225]LogModuleManager: Shutting down and abandoning module WindowsNoEditorTargetPlatform (32)
[2017.04.03-14.14.11:104][225]LogModuleManager: Shutting down and abandoning module WindowsClientTargetPlatform (31)
[2017.04.03-14.14.11:104][225]LogModuleManager: Shutting down and abandoning module MacTargetPlatform (30)
[2017.04.03-14.14.11:104][225]LogModuleManager: Shutting down and abandoning module MacServerTargetPlatform (29)
[2017.04.03-14.14.11:104][225]LogModuleManager: Shutting down and abandoning module MacNoEditorTargetPlatform (28)
[2017.04.03-14.14.11:104][225]LogModuleManager: Shutting down and abandoning module MacClientTargetPlatform (27)
[2017.04.03-14.14.11:104][225]LogModuleManager: Shutting down and abandoning module AllDesktopTargetPlatform (26)
[2017.04.03-14.14.11:104][225]LogModuleManager: Shutting down and abandoning module TargetPlatform (25)
[2017.04.03-14.14.11:104][225]LogModuleManager: Shutting down and abandoning module InputCore (24)
[2017.04.03-14.14.11:104][225]LogModuleManager: Shutting down and abandoning module Settings (23)
[2017.04.03-14.14.11:104][225]LogModuleManager: Shutting down and abandoning module OculusRift (22)
[2017.04.03-14.14.11:104][225]LogModuleManager: Shutting down and abandoning module ExampleDeviceProfileSelector (21)
[2017.04.03-14.14.11:104][225]LogModuleManager: Shutting down and abandoning module OnlineBlueprintSupport (20)
[2017.04.03-14.14.11:104][225]LogModuleManager: Shutting down and abandoning module OnlineSubsystem (18)
[2017.04.03-14.14.11:105][225]LogOnline:Display: Unloading online subsystem: NULL
[2017.04.03-14.14.11:105][225]LogModuleManager: Shutting down and abandoning module SSL (17)
[2017.04.03-14.14.11:106][225]LogModuleManager: Shutting down and abandoning module HTTP (16)
[2017.04.03-14.14.11:106][225]LogModuleManager: Shutting down and abandoning module XMPP (15)
[2017.04.03-14.14.11:106][225]LogModuleManager: Shutting down and abandoning module TextureCompressor (14)
[2017.04.03-14.14.11:106][225]LogModuleManager: Shutting down and abandoning module ShaderCore (13)
[2017.04.03-14.14.11:106][225]LogModuleManager: Shutting down and abandoning module Landscape (12)
[2017.04.03-14.14.11:106][225]LogModuleManager: Shutting down and abandoning module SlateRHIRenderer (11)
[2017.04.03-14.14.11:107][225]LogModuleManager: Shutting down and abandoning module OpenGLDrv (10)
[2017.04.03-14.14.11:107][225]LogModuleManager: Shutting down and abandoning module D3D11RHI (9)
[2017.04.03-14.14.11:107][225]LogModuleManager: Shutting down and abandoning module AnimGraphRuntime (8)
[2017.04.03-14.14.11:107][225]LogModuleManager: Shutting down and abandoning module Renderer (7)
[2017.04.03-14.14.11:107][225]LogModuleManager: Shutting down and abandoning module Engine (6)
[2017.04.03-14.14.11:107][225]LogModuleManager: Shutting down and abandoning module CoreUObject (5)
[2017.04.03-14.14.11:107][225]LogModuleManager: Shutting down and abandoning module NetworkFile (4)
[2017.04.03-14.14.11:107][225]LogModuleManager: Shutting down and abandoning module StreamingFile (3)
[2017.04.03-14.14.11:107][225]LogModuleManager: Shutting down and abandoning module SandboxFile (2)
[2017.04.03-14.14.11:107][225]LogModuleManager: Shutting down and abandoning module PakFile (1)
[2017.04.03-14.14.11:109][225]LogExit: Exiting.
[2017.04.03-14.14.11:117][225]Log file closed, 04/03/17 16:14:11
