Log file open, 04/09/17 13:05:09
LogInit:Display: Running engine for game: Game
LogPlatformFile: Not using cached read wrapper
LogInit:Display: RandInit(1463322541) SRandInit(1463322541).
LogTaskGraph: Started task graph with 5 named threads and 8 total threads with 1 sets of task threads.
LogStats: Stats thread started at 0.090898
LogPluginManager: Loaded Plugin Paper2D, From C:/Program Files (x86)/Epic Games/4.14/Engine/Plugins/2D/Paper2D/Paper2D.uplugin
LogPluginManager: Loaded Plugin LightPropagationVolume, From C:/Program Files (x86)/Epic Games/4.14/Engine/Plugins/Blendables/LightPropagationVolume/LightPropagationVolume.uplugin
LogPluginManager: Loaded Plugin BlankPlugin, From C:/Program Files (x86)/Epic Games/4.14/Engine/Plugins/Developer/BlankPlugin/BlankPlugin.uplugin
LogPluginManager: Loaded Plugin CodeLiteSourceCodeAccess, From C:/Program Files (x86)/Epic Games/4.14/Engine/Plugins/Developer/CodeLiteSourceCodeAccess/CodeLiteSourceCodeAccess.uplugin
LogPluginManager: Loaded Plugin GitSourceControl, From C:/Program Files (x86)/Epic Games/4.14/Engine/Plugins/Developer/GitSourceControl/GitSourceControl.uplugin
LogPluginManager: Loaded Plugin KDevelopSourceCodeAccess, From C:/Program Files (x86)/Epic Games/4.14/Engine/Plugins/Developer/KDevelopSourceCodeAccess/KDevelopSourceCodeAccess.uplugin
LogPluginManager: Loaded Plugin NullSourceCodeAccess, From C:/Program Files (x86)/Epic Games/4.14/Engine/Plugins/Developer/NullSourceCodeAccess/NullSourceCodeAccess.uplugin
LogPluginManager: Loaded Plugin OneSkyLocalizationService, From C:/Program Files (x86)/Epic Games/4.14/Engine/Plugins/Developer/OneSkyLocalizationService/OneSkyLocalizationService.uplugin
LogPluginManager: Loaded Plugin PerforceSourceControl, From C:/Program Files (x86)/Epic Games/4.14/Engine/Plugins/Developer/PerforceSourceControl/PerforceSourceControl.uplugin
LogPluginManager: Loaded Plugin SubversionSourceControl, From C:/Program Files (x86)/Epic Games/4.14/Engine/Plugins/Developer/SubversionSourceControl/SubversionSourceControl.uplugin
LogPluginManager: Loaded Plugin UObjectPlugin, From C:/Program Files (x86)/Epic Games/4.14/Engine/Plugins/Developer/UObjectPlugin/UObjectPlugin.uplugin
LogPluginManager: Loaded Plugin VisualStudioSourceCodeAccess, From C:/Program Files (x86)/Epic Games/4.14/Engine/Plugins/Developer/VisualStudioSourceCodeAccess/VisualStudioSourceCodeAccess.uplugin
LogPluginManager: Loaded Plugin XCodeSourceCodeAccess, From C:/Program Files (x86)/Epic Games/4.14/Engine/Plugins/Developer/XCodeSourceCodeAccess/XCodeSourceCodeAccess.uplugin
LogPluginManager: Loaded Plugin AudioCapture, From C:/Program Files (x86)/Epic Games/4.14/Engine/Plugins/Editor/AudioCapture/AudioCapture.uplugin
LogPluginManager: Loaded Plugin EpicSurvey, From C:/Program Files (x86)/Epic Games/4.14/Engine/Plugins/Editor/EpicSurvey/EpicSurvey.uplugin
LogPluginManager: Loaded Plugin MacGraphicsSwitching, From C:/Program Files (x86)/Epic Games/4.14/Engine/Plugins/Editor/MacGraphicsSwitching/MacGraphicsSwitching.uplugin
LogPluginManager: Loaded Plugin MobileLauncherProfileWizard, From C:/Program Files (x86)/Epic Games/4.14/Engine/Plugins/Editor/MobileLauncherProfileWizard/MobileLauncherProfileWizard.uplugin
LogPluginManager: Loaded Plugin PluginBrowser, From C:/Program Files (x86)/Epic Games/4.14/Engine/Plugins/Editor/PluginBrowser/PluginBrowser.uplugin
LogPluginManager: Loaded Plugin SpeedTreeImporter, From C:/Program Files (x86)/Epic Games/4.14/Engine/Plugins/Editor/SpeedTreeImporter/SpeedTreeImporter.uplugin
LogPluginManager: Loaded Plugin SuperSearchEditor, From C:/Program Files (x86)/Epic Games/4.14/Engine/Plugins/Editor/SuperSearchEditor/SuperSearchEditor.uplugin
LogPluginManager: Loaded Plugin AlembicImporter, From C:/Program Files (x86)/Epic Games/4.14/Engine/Plugins/Experimental/AlembicImporter/AlembicImporter.uplugin
LogPluginManager: Loaded Plugin BlueprintStats, From C:/Program Files (x86)/Epic Games/4.14/Engine/Plugins/Experimental/BlueprintStats/BlueprintStats.uplugin
LogPluginManager: Loaded Plugin CharacterAI, From C:/Program Files (x86)/Epic Games/4.14/Engine/Plugins/Experimental/CharacterAI/CharacterAI.uplugin
LogPluginManager: Loaded Plugin CodeEditor, From C:/Program Files (x86)/Epic Games/4.14/Engine/Plugins/Experimental/CodeEditor/CodeEditor.uplugin
LogPluginManager: Loaded Plugin CodeView, From C:/Program Files (x86)/Epic Games/4.14/Engine/Plugins/Experimental/CodeView/CodeView.uplugin
LogPluginManager: Loaded Plugin HTML5Networking, From C:/Program Files (x86)/Epic Games/4.14/Engine/Plugins/Experimental/HTML5Networking/HTML5Networking.uplugin
LogPluginManager: Loaded Plugin OSVR, From C:/Program Files (x86)/Epic Games/4.14/Engine/Plugins/Experimental/OSVR/OSVR.uplugin
LogPluginManager: Loaded Plugin Phya, From C:/Program Files (x86)/Epic Games/4.14/Engine/Plugins/Experimental/Phya/Phya.uplugin
LogPluginManager: Loaded Plugin SignificanceManager, From C:/Program Files (x86)/Epic Games/4.14/Engine/Plugins/Experimental/SignificanceManager/SignificanceManager.uplugin
LogPluginManager: Loaded Plugin SimpleHMD, From C:/Program Files (x86)/Epic Games/4.14/Engine/Plugins/Experimental/SimpleHMD/SimpleHMD.uplugin
LogPluginManager: Loaded Plugin StereoPanorama, From C:/Program Files (x86)/Epic Games/4.14/Engine/Plugins/Experimental/StereoPanorama/StereoPanorama.uplugin
LogPluginManager: Loaded Plugin StructBox, From C:/Program Files (x86)/Epic Games/4.14/Engine/Plugins/Experimental/StructBox/StructBox.uplugin
LogPluginManager: Loaded Plugin AndroidMedia, From C:/Program Files (x86)/Epic Games/4.14/Engine/Plugins/Media/AndroidMedia/AndroidMedia.uplugin
LogPluginManager: Loaded Plugin AvfMedia, From C:/Program Files (x86)/Epic Games/4.14/Engine/Plugins/Media/AvfMedia/AvfMedia.uplugin
LogPluginManager: Loaded Plugin MediaPlayerEditor, From C:/Program Files (x86)/Epic Games/4.14/Engine/Plugins/Media/MediaPlayerEditor/MediaPlayerEditor.uplugin
LogPluginManager: Loaded Plugin WmfMedia, From C:/Program Files (x86)/Epic Games/4.14/Engine/Plugins/Media/WmfMedia/WmfMedia.uplugin
LogPluginManager: Loaded Plugin MessagingDebugger, From C:/Program Files (x86)/Epic Games/4.14/Engine/Plugins/Messaging/MessagingDebugger/MessagingDebugger.uplugin
LogPluginManager: Loaded Plugin TcpMessaging, From C:/Program Files (x86)/Epic Games/4.14/Engine/Plugins/Messaging/TcpMessaging/TcpMessaging.uplugin
LogPluginManager: Loaded Plugin UdpMessaging, From C:/Program Files (x86)/Epic Games/4.14/Engine/Plugins/Messaging/UdpMessaging/UdpMessaging.uplugin
LogPluginManager: Loaded Plugin LevelSequenceEditor, From C:/Program Files (x86)/Epic Games/4.14/Engine/Plugins/MovieScene/LevelSequenceEditor/LevelSequenceEditor.uplugin
LogPluginManager: Loaded Plugin MatineeToLevelSequence, From C:/Program Files (x86)/Epic Games/4.14/Engine/Plugins/MovieScene/MatineeToLevelSequence/MatineeToLevelSequence.uplugin
LogPluginManager: Loaded Plugin NetcodeUnitTest, From C:/Program Files (x86)/Epic Games/4.14/Engine/Plugins/NetcodeUnitTest/NetcodeUnitTest/NetcodeUnitTest.uplugin
LogPluginManager: Loaded Plugin NUTUnrealEngine4, From C:/Program Files (x86)/Epic Games/4.14/Engine/Plugins/NetcodeUnitTest/NUTUnrealEngine4/NUTUnrealEngine4.uplugin
LogPluginManager: Loaded Plugin OnlineSubsystemGameCircle, From C:/Program Files (x86)/Epic Games/4.14/Engine/Plugins/Online/Android/OnlineSubsystemGameCircle/OnlineSubsystemGameCircle.uplugin
LogPluginManager: Loaded Plugin OnlineSubsystemGooglePlay, From C:/Program Files (x86)/Epic Games/4.14/Engine/Plugins/Online/Android/OnlineSubsystemGooglePlay/OnlineSubsystemGooglePlay.uplugin
LogPluginManager: Loaded Plugin OnlineSubsystemIOS, From C:/Program Files (x86)/Epic Games/4.14/Engine/Plugins/Online/IOS/OnlineSubsystemIOS/OnlineSubsystemIOS.uplugin
LogPluginManager: Loaded Plugin OnlineFramework, From C:/Program Files (x86)/Epic Games/4.14/Engine/Plugins/Online/OnlineFramework/OnlineFramework.uplugin
LogPluginManager: Loaded Plugin OnlineSubsystem, From C:/Program Files (x86)/Epic Games/4.14/Engine/Plugins/Online/OnlineSubsystem/OnlineSubsystem.uplugin
LogPluginManager: Loaded Plugin OnlineSubsystemAmazon, From C:/Program Files (x86)/Epic Games/4.14/Engine/Plugins/Online/OnlineSubsystemAmazon/OnlineSubsystemAmazon.uplugin
LogPluginManager: Loaded Plugin OnlineSubsystemFacebook, From C:/Program Files (x86)/Epic Games/4.14/Engine/Plugins/Online/OnlineSubsystemFacebook/OnlineSubsystemFacebook.uplugin
LogPluginManager: Loaded Plugin OnlineSubsystemNull, From C:/Program Files (x86)/Epic Games/4.14/Engine/Plugins/Online/OnlineSubsystemNull/OnlineSubsystemNull.uplugin
LogPluginManager: Loaded Plugin OnlineSubsystemOculus, From C:/Program Files (x86)/Epic Games/4.14/Engine/Plugins/Online/OnlineSubsystemOculus/OnlineSubsystemOculus.uplugin
LogPluginManager: Loaded Plugin OnlineSubsystemSteam, From C:/Program Files (x86)/Epic Games/4.14/Engine/Plugins/Online/OnlineSubsystemSteam/OnlineSubsystemSteam.uplugin
LogPluginManager: Loaded Plugin OnlineSubsystemUtils, From C:/Program Files (x86)/Epic Games/4.14/Engine/Plugins/Online/OnlineSubsystemUtils/OnlineSubsystemUtils.uplugin
LogPluginManager: Loaded Plugin IOSTapJoy, From C:/Program Files (x86)/Epic Games/4.14/Engine/Plugins/Runtime/Advertising/IOSTapJoy/IOSTapJoy.uplugin
LogPluginManager: Loaded Plugin AnalyticsBlueprintLibrary, From C:/Program Files (x86)/Epic Games/4.14/Engine/Plugins/Runtime/Analytics/AnalyticsBlueprintLibrary/AnalyticsBlueprintLibrary.uplugin
LogPluginManager: Loaded Plugin AnalyticsMulticast, From C:/Program Files (x86)/Epic Games/4.14/Engine/Plugins/Runtime/Analytics/AnalyticsMulticast/AnalyticsMulticast.uplugin
LogPluginManager: Loaded Plugin Apsalar, From C:/Program Files (x86)/Epic Games/4.14/Engine/Plugins/Runtime/Analytics/Apsalar/Apsalar.uplugin
LogPluginManager: Loaded Plugin FileLogging, From C:/Program Files (x86)/Epic Games/4.14/Engine/Plugins/Runtime/Analytics/FileLogging/FileLogging.uplugin
LogPluginManager: Loaded Plugin Flurry, From C:/Program Files (x86)/Epic Games/4.14/Engine/Plugins/Runtime/Analytics/Flurry/Flurry.uplugin
LogPluginManager: Loaded Plugin AndroidDeviceProfileSelector, From C:/Program Files (x86)/Epic Games/4.14/Engine/Plugins/Runtime/AndroidDeviceProfileSelector/AndroidDeviceProfileSelector.uplugin
LogPluginManager: Loaded Plugin AndroidMoviePlayer, From C:/Program Files (x86)/Epic Games/4.14/Engine/Plugins/Runtime/AndroidMoviePlayer/AndroidMoviePlayer.uplugin
LogPluginManager: Loaded Plugin AppleMoviePlayer, From C:/Program Files (x86)/Epic Games/4.14/Engine/Plugins/Runtime/AppleMoviePlayer/AppleMoviePlayer.uplugin
LogPluginManager: Loaded Plugin ArchVisCharacter, From C:/Program Files (x86)/Epic Games/4.14/Engine/Plugins/Runtime/ArchVisCharacter/ArchVisCharacter.uplugin
LogPluginManager: Loaded Plugin CableComponent, From C:/Program Files (x86)/Epic Games/4.14/Engine/Plugins/Runtime/CableComponent/CableComponent.uplugin
LogPluginManager: Loaded Plugin CustomMeshComponent, From C:/Program Files (x86)/Epic Games/4.14/Engine/Plugins/Runtime/CustomMeshComponent/CustomMeshComponent.uplugin
LogPluginManager: Loaded Plugin ExampleDeviceProfileSelector, From C:/Program Files (x86)/Epic Games/4.14/Engine/Plugins/Runtime/ExampleDeviceProfileSelector/ExampleDeviceProfileSelector.uplugin
LogPluginManager: Loaded Plugin GearVR, From C:/Program Files (x86)/Epic Games/4.14/Engine/Plugins/Runtime/GearVR/GearVR.uplugin
LogPluginManager: Loaded Plugin GoogleVRController, From C:/Program Files (x86)/Epic Games/4.14/Engine/Plugins/Runtime/GoogleVR/GoogleVRController/GoogleVRController.uplugin
LogPluginManager: Loaded Plugin GoogleVRHMD, From C:/Program Files (x86)/Epic Games/4.14/Engine/Plugins/Runtime/GoogleVR/GoogleVRHMD/GoogleVRHMD.uplugin
LogPluginManager: Loaded Plugin IOSDeviceProfileSelector, From C:/Program Files (x86)/Epic Games/4.14/Engine/Plugins/Runtime/IOSDeviceProfileSelector/IOSDeviceProfileSelector.uplugin
LogPluginManager: Loaded Plugin LeapMotion, From C:/Program Files (x86)/Epic Games/4.14/Engine/Plugins/Runtime/LeapMotion/LeapMotion.uplugin
LogPluginManager: Loaded Plugin LinuxDeviceProfileSelector, From C:/Program Files (x86)/Epic Games/4.14/Engine/Plugins/Runtime/LinuxDeviceProfileSelector/LinuxDeviceProfileSelector.uplugin
LogPluginManager: Loaded Plugin MIDIDevice, From C:/Program Files (x86)/Epic Games/4.14/Engine/Plugins/Runtime/MIDIDevice/MIDIDevice.uplugin
LogPluginManager: Loaded Plugin MobilePatchingUtils, From C:/Program Files (x86)/Epic Games/4.14/Engine/Plugins/Runtime/MobilePatchingUtils/MobilePatchingUtils.uplugin
LogPluginManager: Loaded Plugin Ansel, From C:/Program Files (x86)/Epic Games/4.14/Engine/Plugins/Runtime/Nvidia/Ansel/Ansel.uplugin
LogPluginManager: Loaded Plugin OculusAudio, From C:/Program Files (x86)/Epic Games/4.14/Engine/Plugins/Runtime/OculusAudio/OculusAudio.uplugin
LogPluginManager: Loaded Plugin OculusInput, From C:/Program Files (x86)/Epic Games/4.14/Engine/Plugins/Runtime/OculusInput/OculusInput.uplugin
LogPluginManager: Loaded Plugin OculusLibrary, From C:/Program Files (x86)/Epic Games/4.14/Engine/Plugins/Runtime/OculusLibrary/OculusLibrary.uplugin
LogPluginManager: Loaded Plugin OculusRift, From C:/Program Files (x86)/Epic Games/4.14/Engine/Plugins/Runtime/OculusRift/OculusRift.uplugin
LogPluginManager: Loaded Plugin Oodle, From C:/Program Files (x86)/Epic Games/4.14/Engine/Plugins/Runtime/PacketHandlers/CompressionComponents/Oodle/Oodle.uplugin
LogPluginManager: Loaded Plugin ProceduralMeshComponent, From C:/Program Files (x86)/Epic Games/4.14/Engine/Plugins/Runtime/ProceduralMeshComponent/ProceduralMeshComponent.uplugin
LogPluginManager: Loaded Plugin SoundMod, From C:/Program Files (x86)/Epic Games/4.14/Engine/Plugins/Runtime/SoundMod/SoundMod.uplugin
LogPluginManager: Loaded Plugin SoundVisualizations, From C:/Program Files (x86)/Epic Games/4.14/Engine/Plugins/Runtime/SoundVisualizations/SoundVisualizations.uplugin
LogPluginManager: Loaded Plugin SteamController, From C:/Program Files (x86)/Epic Games/4.14/Engine/Plugins/Runtime/Steam/SteamController/SteamController.uplugin
LogPluginManager: Loaded Plugin SteamVR, From C:/Program Files (x86)/Epic Games/4.14/Engine/Plugins/Runtime/Steam/SteamVR/SteamVR.uplugin
LogPluginManager: Loaded Plugin WebBrowserWidget, From C:/Program Files (x86)/Epic Games/4.14/Engine/Plugins/Runtime/WebBrowserWidget/WebBrowserWidget.uplugin
LogPluginManager: Loaded Plugin WindowsDeviceProfileSelector, From C:/Program Files (x86)/Epic Games/4.14/Engine/Plugins/Runtime/WindowsDeviceProfileSelector/WindowsDeviceProfileSelector.uplugin
LogPluginManager: Loaded Plugin WindowsMoviePlayer, From C:/Program Files (x86)/Epic Games/4.14/Engine/Plugins/Runtime/WindowsMoviePlayer/WindowsMoviePlayer.uplugin
LogPluginManager: Loaded Plugin ScriptPlugin, From C:/Program Files (x86)/Epic Games/4.14/Engine/Plugins/ScriptPlugin/ScriptPlugin.uplugin
LogPluginManager: Loaded Plugin SlateRemote, From C:/Program Files (x86)/Epic Games/4.14/Engine/Plugins/Slate/SlateRemote/SlateRemote.uplugin
LogPluginManager: Loaded Plugin EditorTests, From C:/Program Files (x86)/Epic Games/4.14/Engine/Plugins/Tests/EditorTests/EditorTests.uplugin
LogPluginManager: Loaded Plugin FbxAutomationTestBuilder, From C:/Program Files (x86)/Epic Games/4.14/Engine/Plugins/Tests/FbxAutomationTestBuilder/FbxAutomationTestBuilder.uplugin
LogPluginManager: Loaded Plugin FunctionalTestingEditor, From C:/Program Files (x86)/Epic Games/4.14/Engine/Plugins/Tests/FunctionalTestingEditor/FunctionalTestingEditor.uplugin
LogPluginManager: Loaded Plugin RuntimeTests, From C:/Program Files (x86)/Epic Games/4.14/Engine/Plugins/Tests/RuntimeTests/RuntimeTests.uplugin
LogPluginManager: Loaded Plugin ScreenshotTools, From C:/Program Files (x86)/Epic Games/4.14/Engine/Plugins/Tests/ScreenshotTools/ScreenshotTools.uplugin
LogInit: Using libcurl 7.47.1
LogInit:  - built for x86_64-pc-win32
LogInit:  - supports SSL with OpenSSL/1.0.2g
LogInit:  - supports HTTP deflate (compression) using libz 1.2.8
LogInit:  - other features:
LogInit:      CURL_VERSION_SSL
LogInit:      CURL_VERSION_LIBZ
LogInit:      CURL_VERSION_IPV6
LogInit:      CURL_VERSION_ASYNCHDNS
LogInit:      CURL_VERSION_LARGEFILE
LogInit:      CURL_VERSION_IDN
LogInit:  CurlRequestOptions (configurable via config and command line):
LogInit:  - bVerifyPeer = false  - Libcurl will NOT verify peer certificate
LogInit:  - bUseHttpProxy = false  - Libcurl will NOT use HTTP proxy
LogInit:  - bDontReuseConnections = false  - Libcurl will reuse connections
LogInit:  - CertBundlePath = nullptr  - Libcurl will use whatever was configured at build time.
LogInit: Build: ++UE4+Release-4.14-CL-3249277
LogInit: Engine Version: 4.14.3-3249277+++UE4+Release-4.14
LogInit: Compatible Engine Version: 4.14.0-3195953+++UE4+Release-4.14
LogInit: Net CL: 3195953
LogDevObjectVersion: Number of dev versions registered: 13
LogDevObjectVersion:   Dev-Blueprints (B0D832E4-1F89-4F0D-ACCF-7EB736FD4AA2): 7
LogDevObjectVersion:   Dev-Build (E1C64328-A22C-4D53-A36C-8E866417BD8C): 0
LogDevObjectVersion:   Dev-Core (375EC13C-06E4-48FB-B500-84F0262A717E): 1
LogDevObjectVersion:   Dev-Editor (E4B068ED-F494-42E9-A231-DA0B2E46BB41): 8
LogDevObjectVersion:   Dev-Framework (CFFC743F-43B0-4480-9391-14DF171D2073): 17
LogDevObjectVersion:   Dev-Mobile (B02B49B5-BB20-44E9-A304-32B752E40360): 0
LogDevObjectVersion:   Dev-Networking (A4E4105C-59A1-49B5-A7C5-40C4547EDFEE): 0
LogDevObjectVersion:   Dev-Online (39C831C9-5AE6-47DC-9A44-9C173E1C8E7C): 0
LogDevObjectVersion:   Dev-Physics (78F01B33-EBEA-4F98-B9B4-84EACCB95AA2): 0
LogDevObjectVersion:   Dev-Platform (6631380F-2D4D-43E0-8009-CF276956A95A): 0
LogDevObjectVersion:   Dev-Rendering (12F88B9F-8875-4AFC-A67C-D90C383ABD29): 12
LogDevObjectVersion:   Dev-Sequencer (7B5AE74C-D270-4C10-A958-57980B212A5A): 1
LogDevObjectVersion:   Dev-VR (D7296918-1DD6-4BDD-9DE2-64A83CC13884): 0
LogInit: Compiled (64-bit): Jan  6 2017 10:49:43
LogInit: Compiled with Visual C++: 19.00.23026.00
LogInit: Build Configuration: Development
LogInit: Branch Name: ++UE4+Release-4.14
LogInit: Command line: -EpicPortal 
LogInit: Base directory: C:/Program Files (x86)/Epic Games/4.14/Engine/Binaries/Win64/
LogInit: Installed Engine Build: 1
LogInit: Presizing for max 8388607 objects, including 0 objects not considered by GC, pre-allocating 0 bytes for permanent pool.
LogInit: Object subsystem initialized
[2017.04.09-11.05.09:616][  0]LogInit: Selected Device Profile: [Windows]
[2017.04.09-11.05.09:616][  0]LogInit: Applying CVar settings loaded from the selected device profile: [Windows]
[2017.04.09-11.05.09:633][  0]LogInit: Computer: LORD_FLOPPERS
[2017.04.09-11.05.09:633][  0]LogInit: User: outn
[2017.04.09-11.05.09:633][  0]LogInit: CPU Page size=65536, Cores=4
[2017.04.09-11.05.09:633][  0]LogInit: High frequency timer resolution =2.648442 MHz
[2017.04.09-11.05.09:633][  0]LogMemory: Memory total: Physical=31.9GB (32GB approx)
[2017.04.09-11.05.09:633][  0]LogMemory: Platform Memory Stats for Windows
[2017.04.09-11.05.09:633][  0]LogMemory: Process Physical Memory: 263.55 MB used, 263.55 MB peak
[2017.04.09-11.05.09:633][  0]LogMemory: Process Virtual Memory: 262.75 MB used, 262.75 MB peak
[2017.04.09-11.05.09:633][  0]LogMemory: Physical Memory: 11400.97 MB used,  21250.67 MB free, 32651.64 MB total
[2017.04.09-11.05.09:633][  0]LogMemory: Virtual Memory: 676.64 MB used,  21250.67 MB free, 134217728.00 MB total
[2017.04.09-11.05.09:663][  0]LogTextLocalizationManager: No translations for ('nb-NO') exist, falling back to 'en' for localization and internationalization data.
[2017.04.09-11.05.10:387][  0]LogD3D11RHI: D3D11 adapters:
[2017.04.09-11.05.11:063][  0]LogD3D11RHI:    0. 'NVIDIA GeForce GTX 1060' (Feature Level 11_0)
[2017.04.09-11.05.11:063][  0]LogD3D11RHI:       6084/0/16325 MB DedicatedVideo/DedicatedSystem/SharedSystem, Outputs:1, VendorId:0x10de
[2017.04.09-11.05.11:070][  0]LogD3D11RHI:    1. 'Intel(R) HD Graphics 530' (Feature Level 11_0)
[2017.04.09-11.05.11:070][  0]LogD3D11RHI:       128/0/16325 MB DedicatedVideo/DedicatedSystem/SharedSystem, Outputs:0, VendorId:0x8086
[2017.04.09-11.05.11:072][  0]LogD3D11RHI:    2. 'Microsoft Basic Render Driver' (Feature Level 11_0)
[2017.04.09-11.05.11:072][  0]LogD3D11RHI:       0/0/16325 MB DedicatedVideo/DedicatedSystem/SharedSystem, Outputs:0, VendorId:0x1414
[2017.04.09-11.05.11:072][  0]LogD3D11RHI: Chosen D3D11 Adapter: 0
[2017.04.09-11.05.11:079][  0]LogD3D11RHI: Creating new Direct3DDevice
[2017.04.09-11.05.11:079][  0]LogD3D11RHI:     GPU DeviceId: 0x1c60 (for the marketing name, search the web for "GPU Device Id")
[2017.04.09-11.05.11:079][  0]LogWindows: EnumDisplayDevices:
[2017.04.09-11.05.11:079][  0]LogWindows:    0. 'Intel(R) HD Graphics 530' (P:1 D:1)
[2017.04.09-11.05.11:079][  0]LogWindows:    1. 'Intel(R) HD Graphics 530' (P:0 D:0)
[2017.04.09-11.05.11:079][  0]LogWindows:    2. 'Intel(R) HD Graphics 530' (P:0 D:0)
[2017.04.09-11.05.11:079][  0]LogWindows:    3. 'NVIDIA GeForce GTX 1060' (P:0 D:0)
[2017.04.09-11.05.11:079][  0]LogWindows:    4. 'NVIDIA GeForce GTX 1060' (P:0 D:0)
[2017.04.09-11.05.11:079][  0]LogWindows:    5. 'NVIDIA GeForce GTX 1060' (P:0 D:0)
[2017.04.09-11.05.11:080][  0]LogWindows:    6. 'NVIDIA GeForce GTX 1060' (P:0 D:0)
[2017.04.09-11.05.11:080][  0]LogWindows: DebugString: PrimaryIsNotTheChoosenAdapter PrimaryIsNotTheChoosenAdapter PrimaryIsNotTheChoosenAdapter FoundDriverCount:4 
[2017.04.09-11.05.11:080][  0]LogD3D11RHI:     Adapter Name: NVIDIA GeForce GTX 1060
[2017.04.09-11.05.11:080][  0]LogD3D11RHI:   Driver Version: 381.65 (internal:22.21.13.8165, unified:381.65)
[2017.04.09-11.05.11:080][  0]LogD3D11RHI:      Driver Date: 3-31-2017
[2017.04.09-11.05.11:080][  0]LogRHI: Texture pool is 1361 MB (70% of 1945 MB)
[2017.04.09-11.05.11:707][  0]LogD3D11RHI: Async texture creation enabled
[2017.04.09-11.05.11:770][  0]LogD3D11RHI: GPU Timing Frequency: 1000.000000 (Debug: 2 1)
[2017.04.09-11.05.11:771][  0]LogShaderCompilers: Guid format shader working directory is -15 characters bigger than the processId version (../../../../../../Users/out_n/Documents/Unreal Projects/Faun/Intermediate/Shaders/WorkingDirectory/21008/).
[2017.04.09-11.05.11:771][  0]LogShaderCompilers: Cleaned the shader compiler working directory 'C:/Users/out_n/AppData/Local/Temp/UnrealShaderWorkingDir/67F265DE48CA7580172304B6FC126348/'.
[2017.04.09-11.05.11:771][  0]LogShaderCompilers:Display: Using Local Shader Compiler.
[2017.04.09-11.05.12:861][  0]LogTemp:Display: Loaded TP AllDesktopTargetPlatform
[2017.04.09-11.05.12:924][  0]LogTemp:Display: Loaded TP MacClientTargetPlatform
[2017.04.09-11.05.12:984][  0]LogTemp:Display: Loaded TP MacNoEditorTargetPlatform
[2017.04.09-11.05.13:041][  0]LogTemp:Display: Loaded TP MacServerTargetPlatform
[2017.04.09-11.05.13:099][  0]LogTemp:Display: Loaded TP MacTargetPlatform
[2017.04.09-11.05.13:156][  0]LogTemp:Display: Loaded TP WindowsClientTargetPlatform
[2017.04.09-11.05.13:212][  0]LogTemp:Display: Loaded TP WindowsNoEditorTargetPlatform
[2017.04.09-11.05.13:271][  0]LogTemp:Display: Loaded TP WindowsServerTargetPlatform
[2017.04.09-11.05.13:316][  0]LogTemp:Display: Loaded TP WindowsTargetPlatform
[2017.04.09-11.05.13:375][  0]LogTemp:Display: Loaded TP AndroidTargetPlatform
[2017.04.09-11.05.13:429][  0]LogTemp:Display: Loaded TP Android_ASTCTargetPlatform
[2017.04.09-11.05.13:487][  0]LogTemp:Display: Loaded TP Android_ATCTargetPlatform
[2017.04.09-11.05.13:543][  0]LogTemp:Display: Loaded TP Android_DXTTargetPlatform
[2017.04.09-11.05.13:597][  0]LogTemp:Display: Loaded TP Android_ETC1TargetPlatform
[2017.04.09-11.05.13:656][  0]LogTemp:Display: Loaded TP Android_ETC2TargetPlatform
[2017.04.09-11.05.13:774][  0]LogTemp:Display: Loaded TP Android_MultiTargetPlatform
[2017.04.09-11.05.13:774][  0]LogTemp:Display: Loaded TP Android_PVRTCTargetPlatform
[2017.04.09-11.05.13:815][  0]LogTemp:Display: Loaded TP HTML5TargetPlatform
[2017.04.09-11.05.13:910][  0]LogTemp:Display: Loaded TP IOSTargetPlatform
[2017.04.09-11.05.13:956][  0]LogTemp:Display: Loaded TP TVOSTargetPlatform
[2017.04.09-11.05.14:019][  0]LogTemp:Display: Loaded TP LinuxClientTargetPlatform
[2017.04.09-11.05.14:076][  0]LogTemp:Display: Loaded TP LinuxNoEditorTargetPlatform
[2017.04.09-11.05.14:133][  0]LogTemp:Display: Loaded TP LinuxServerTargetPlatform
[2017.04.09-11.05.14:196][  0]LogTemp:Display: Loaded TP LinuxTargetPlatform
[2017.04.09-11.05.14:196][  0]LogTargetPlatformManager:Display: Building Assets For Windows
[2017.04.09-11.05.14:646][  0]LogDerivedDataCache:Display: Max Cache Size: 512 MB
[2017.04.09-11.05.14:700][  0]LogDerivedDataCache: Loaded boot cache 0.05s 51MB C:/Users/out_n/AppData/Local/UnrealEngine/4.14/DerivedDataCache/Boot.ddc.
[2017.04.09-11.05.14:700][  0]LogDerivedDataCache:Display: Loaded Boot cache: C:/Users/out_n/AppData/Local/UnrealEngine/4.14/DerivedDataCache/Boot.ddc
[2017.04.09-11.05.14:700][  0]LogDerivedDataCache: FDerivedDataBackendGraph:  Pak pak cache file ../../../../../../Users/out_n/Documents/Unreal Projects/Faun/DerivedDataCache/DDC.ddp not found, will not use a pak cache.
[2017.04.09-11.05.14:700][  0]LogDerivedDataCache: Unable to find inner node Pak for hierarchical cache Hierarchy.
[2017.04.09-11.05.14:700][  0]LogDerivedDataCache: FDerivedDataBackendGraph:  CompressedPak pak cache file ../../../../../../Users/out_n/Documents/Unreal Projects/Faun/DerivedDataCache/Compressed.ddp not found, will not use a pak cache.
[2017.04.09-11.05.14:700][  0]LogDerivedDataCache: Unable to find inner node CompressedPak for hierarchical cache Hierarchy.
[2017.04.09-11.05.14:719][  0]LogDerivedDataCache:Display: Pak cache opened for reading ../../../Engine/DerivedDataCache/Compressed.ddp.
[2017.04.09-11.05.14:732][  0]LogDerivedDataCache: Using Local data cache path C:/Users/out_n/AppData/Local/UnrealEngine/Common/DerivedDataCache: Writable
[2017.04.09-11.05.15:135][  0]LogInit: Selected Device Profile: [Windows]
[2017.04.09-11.05.15:139][  0]LogContentStreaming: Texture pool size is 0.00 MB
[2017.04.09-11.05.15:379][  0]LogMeshUtilities: Using QuadricMeshReduction for automatic static mesh reduction
[2017.04.09-11.05.15:424][  0]LogSimplygon: Simplygon DLL not present - disabling.
[2017.04.09-11.05.15:474][  0]LogMeshUtilities: Using SimplygonSwarm for distributed automatic mesh merging
[2017.04.09-11.05.15:474][  0]LogMeshUtilities: No automatic skeletal mesh reduction module available
[2017.04.09-11.05.15:474][  0]LogMeshUtilities: No automatic mesh merging module available
[2017.04.09-11.05.16:012][  0]LogNetVersion: GetLocalNetworkVersion: CL: 3195953, ProjectName: game, ProjectVersion: , EngineNetworkVersion: 2, GameNetworkVersion: 0, NetworkChecksum: 3986511705
[2017.04.09-11.05.16:068][  0]LogAssetRegistry: FAssetRegistry took 0.0218 seconds to start up
[2017.04.09-11.05.16:110][  0]LogPackageLocalizationCache: Processed 3 localized package path(s) for 1 prioritized culture(s) in 0.015206 seconds
[2017.04.09-11.05.16:115][  0]LogUObjectArray: 31946 objects as part of root set at end of initial load.
[2017.04.09-11.05.16:115][  0]LogUObjectAllocator: 6935848 out of 0 bytes used by permanent object pool.
[2017.04.09-11.05.16:115][  0]LogUObjectArray: CloseDisregardForGC: 0/0 objects in disregard for GC pool
[2017.04.09-11.05.16:187][  0]LogInit: WinSock: version 1.1 (2.2), MaxSocks=32767, MaxUdp=65467
[2017.04.09-11.05.16:963][  0]LogSlate: Using Freetype 2.6.0
[2017.04.09-11.05.16:964][  0]LogSlate: SlateFontCache - WITH_FREETYPE: 1, WITH_HARFBUZZ: 1
[2017.04.09-11.05.16:964][  0]LogSlate: SlateFontCache - WITH_FREETYPE: 1, WITH_HARFBUZZ: 1
[2017.04.09-11.05.17:769][  0]LogTcpMessaging: Initializing TcpMessaging bridge
[2017.04.09-11.05.17:811][  0]LogUdpMessaging: Initializing bridge on interface 0.0.0.0:0 to multicast group 230.0.0.1:6666.
[2017.04.09-11.05.18:216][  0]LogMaterial: Uniform references updated for custom material expression Custom.
[2017.04.09-11.05.18:624][  0]SourceControl: Info Source control is disabled
[2017.04.09-11.05.18:625][  0]SourceControl: Info Source control is disabled
[2017.04.09-11.05.18:673][  0]SourceControl: Info Source control is disabled
[2017.04.09-11.05.18:728][  0]SourceControl: Info Source control is disabled
[2017.04.09-11.05.20:121][  0]LogEngine: Initializing Engine...
[2017.04.09-11.05.20:121][  0]LogHMD: Failed to initialize OpenVR with code 110
[2017.04.09-11.05.20:369][  0]LogAIModule: Creating AISystem for world Untitled
[2017.04.09-11.05.20:383][  0]LogInit: XAudio2 using 'Hodetelefoner (Philips SHB7150 Stereo)' : 2 channels at 44.1 kHz using 16 bits per sample (channel mask 0x3)
[2017.04.09-11.05.20:393][  0]LogInit: FAudioDevice initialized.
[2017.04.09-11.05.20:419][  0]LogDerivedDataCache: Saved boot cache 0.03s 51MB C:/Users/out_n/AppData/Local/UnrealEngine/4.14/DerivedDataCache/Boot.ddc.
[2017.04.09-11.05.20:425][  0]LogInit: Texture streaming: Enabled
[2017.04.09-11.05.20:617][  0]LogInit: Transaction tracking system initialized
[2017.04.09-11.05.20:972][  0]BlueprintLog: New page: Editor Load
[2017.04.09-11.05.21:886][  0]LocalizationService: Info Localization service is disabled
[2017.04.09-11.05.22:558][  0]LogConsoleResponse:Display: 
[2017.04.09-11.05.22:719][  0]LogCook:Display: Max memory allowance for cook 16384mb min free memory 0mb
[2017.04.09-11.05.22:719][  0]LogCook:Display: Mobile HDR setting 1
[2017.04.09-11.05.23:713][  0]LogFileCache: Scanning file cache for directory 'C:/Users/out_n/Documents/Unreal Projects/Faun/Content/' took 0.02s
[2017.04.09-11.05.23:713][  0]SourceControl: Info Source control is disabled
[2017.04.09-11.05.23:713][  0]Cmd: MAP LOAD FILE="../../../../../../Users/out_n/Documents/Unreal Projects/Faun/Content/TwinStickCPP/Maps/TwinStickExampleMap.umap" TEMPLATE=0 SHOWPROGRESS=1 FEATURELEVEL=3
[2017.04.09-11.05.23:715][  0]LightingResults: New page: Lighting Build
[2017.04.09-11.05.23:757][  0]MapCheck: New page: Map Check
[2017.04.09-11.05.23:758][  0]LightingResults: New page: Lighting Build
[2017.04.09-11.05.24:249][  0]LogAIModule: Creating AISystem for world TwinStickExampleMap
[2017.04.09-11.05.24:261][  0]LogEditorServer: Finished looking for orphan Actors (0.000 secs)
[2017.04.09-11.05.24:263][  0]Cmd: MAP CHECKDEP NOCLEARLOG
[2017.04.09-11.05.24:303][  0]MapCheck: Info Map check complete: 0 Error(s), 0 Warning(s), took 39.933ms to complete.
[2017.04.09-11.05.24:303][  0]LogFileHelpers: Loading map 'TwinStickExampleMap' took 0.590
[2017.04.09-11.05.24:368][  0]LogWindowsTextInputMethodSystem:Display: IME system now deactivated.
[2017.04.09-11.05.24:493][  0]LogCollectionManager: Loaded 0 collections in 0.002642 seconds
[2017.04.09-11.05.24:587][  0]LogFileCache: Scanning file cache for directory 'C:/Users/out_n/Documents/Unreal Projects/Faun/Saved/Collections/' took 0.01s
[2017.04.09-11.05.24:587][  0]LogFileCache: Scanning file cache for directory 'C:/Users/out_n/Documents/Unreal Projects/Faun/Content/Developers/outn/Collections/' took 0.01s
[2017.04.09-11.05.24:587][  0]LogFileCache: Scanning file cache for directory 'C:/Users/out_n/Documents/Unreal Projects/Faun/Content/Collections/' took 0.01s
[2017.04.09-11.05.24:587][  0]LogCollectionManager: Rebuilt the GUID cache for 0 collections in 0.000002 seconds
[2017.04.09-11.05.24:603][  0]LogContentBrowser: Native class hierarchy populated in 0.0141 seconds. Added 2193 classes and 430 folders.
[2017.04.09-11.05.24:653][  0]LogStats: UGameplayTagsManager::ConstructGameplayTagTree: Construct from data asset -  0.000 s
[2017.04.09-11.05.24:653][  0]LogStats: UGameplayTagsManager::ConstructGameplayTagTree: GameplayTagTreeChangedEvent.Broadcast -  0.000 s
[2017.04.09-11.05.24:655][  0]LogContentBrowser: Native class hierarchy updated for 'GameplayTags' in 0.0015 seconds. Added 13 classes and 0 folders.
[2017.04.09-11.05.24:729][  0]LogContentBrowser: Native class hierarchy updated for 'WidgetCarousel' in 0.0010 seconds. Added 0 classes and 0 folders.
[2017.04.09-11.05.25:031][  0]LogContentBrowser: Native class hierarchy updated for 'AddContentDialog' in 0.0017 seconds. Added 0 classes and 0 folders.
[2017.04.09-11.05.25:081][  0]LogContentBrowser: Native class hierarchy updated for 'SceneOutliner' in 0.0015 seconds. Added 1 classes and 2 folders.
[2017.04.09-11.05.25:227][  0]LogCrashTracker: Crashtracker disabled due to settings.
[2017.04.09-11.05.25:239][  0]LogUObjectGlobals:Warning: Failed to find object 'Class None.'
[2017.04.09-11.05.25:308][  0]LogContentBrowser: Native class hierarchy updated for 'HierarchicalLODOutliner' in 0.0012 seconds. Added 1 classes and 2 folders.
[2017.04.09-11.05.25:309][  0]LogLoad: (Engine Initialization) Total time: 17.71 seconds
[2017.04.09-11.05.25:309][  0]LogLoad: (Engine Initialization) Total Blueprint compile time: 0.13 seconds
[2017.04.09-11.05.25:309][  0]LogExternalProfiler: Found external profiler: VSPerf
[2017.04.09-11.05.25:309][  0]LogExternalProfiler: Using external profiler: VSPerf
[2017.04.09-11.05.25:327][  0]LogOcInput: OculusInput pre-init called
[2017.04.09-11.05.25:353][  0]LogContentStreaming: Texture pool size now 1000 MB
[2017.04.09-11.05.25:588][  0]LogRenderer: Reallocating scene render targets to support 1208x576 NumSamples 1 (Frame:2).
[2017.04.09-11.05.25:733][  1]LogAssetRegistry: Asset discovery search completed in 9.6866 seconds
[2017.04.09-11.05.25:733][  1]LogCollectionManager: Rebuilt the object cache for 0 collections in 0.000001 seconds (found 0 objects)
[2017.04.09-11.05.25:733][  1]LogCollectionManager: Fixed up redirectors for 0 collections in 0.000021 seconds (updated 0 objects)
[2017.04.09-11.05.36:308][568]LogContentBrowser: Native class hierarchy updated for 'BlueprintGraph' in 0.0020 seconds. Added 111 classes and 0 folders.
[2017.04.09-11.06.04:991][181]LogRenderer: Reallocating scene render targets to support 1208x712 NumSamples 1 (Frame:4778).
[2017.04.09-11.10.20:107][ 12]BlueprintLog: New page: Compile Tower
[2017.04.09-11.10.34:078][834]LogBlueprintUserMessages: Early PlayInEditor Detection: Level '/Game/TwinStickCPP/Maps/TwinStickExampleMap.TwinStickExampleMap:PersistentLevel' has LevelScriptBlueprint '/Game/TwinStickCPP/Maps/TwinStickExampleMap.TwinStickExampleMap:PersistentLevel.TwinStickExampleMap' with GeneratedClass '/Game/TwinStickCPP/Maps/TwinStickExampleMap.TwinStickExampleMap_C' with ClassGeneratedBy '/Game/TwinStickCPP/Maps/TwinStickExampleMap.TwinStickExampleMap:PersistentLevel.TwinStickExampleMap'
[2017.04.09-11.10.34:078][834]LogPlayLevel: PlayLevel: No blueprints needed recompiling
[2017.04.09-11.10.34:079][834]PIE: New page: PIE session: TwinStickExampleMap (Apr 9, 2017, 3:10:34 PM)
[2017.04.09-11.10.34:079][834]LogPlayLevel: Creating play world package: /Game/TwinStickCPP/Maps/UEDPIE_0_TwinStickExampleMap
[2017.04.09-11.10.34:111][834]LogPlayLevel: PIE: StaticDuplicateObject took: (0.031493s)
[2017.04.09-11.10.34:112][834]LogAIModule: Creating AISystem for world TwinStickExampleMap
[2017.04.09-11.10.34:112][834]LogPlayLevel: PIE: World Init took: (0.001447s)
[2017.04.09-11.10.34:113][834]LogPlayLevel: PIE: Created PIE world by copying editor world from /Game/TwinStickCPP/Maps/TwinStickExampleMap.TwinStickExampleMap to /Game/TwinStickCPP/Maps/UEDPIE_0_TwinStickExampleMap.TwinStickExampleMap (0.033637s)
[2017.04.09-11.10.34:141][834]LogInit: XAudio2 using 'Hodetelefoner (Philips SHB7150 Stereo)' : 2 channels at 44.1 kHz using 16 bits per sample (channel mask 0x3)
[2017.04.09-11.10.34:150][834]LogInit: FAudioDevice initialized.
[2017.04.09-11.10.34:212][834]LogLoad: Game class is 'GameGameMode'
[2017.04.09-11.10.34:216][834]LogWorld: Bringing World /Game/TwinStickCPP/Maps/UEDPIE_0_TwinStickExampleMap.TwinStickExampleMap up for play (max tick rate 60) at 2017.04.09-13.10.34
[2017.04.09-11.10.34:218][834]LogWorld: Bringing up level for play took: 0.003358
[2017.04.09-11.10.34:266][834]LogContentBrowser: Native class hierarchy updated for 'MovieSceneCapture' in 0.0016 seconds. Added 11 classes and 0 folders.
[2017.04.09-11.10.34:268][834]PIE: Info Play in editor start time for /Game/TwinStickCPP/Maps/UEDPIE_0_TwinStickExampleMap 0.616
[2017.04.09-11.10.34:268][834]LogBlueprintUserMessages: Late PlayInEditor Detection: Level '/Game/TwinStickCPP/Maps/TwinStickExampleMap.TwinStickExampleMap:PersistentLevel' has LevelScriptBlueprint '/Game/TwinStickCPP/Maps/TwinStickExampleMap.TwinStickExampleMap:PersistentLevel.TwinStickExampleMap' with GeneratedClass '/Game/TwinStickCPP/Maps/TwinStickExampleMap.TwinStickExampleMap_C' with ClassGeneratedBy '/Game/TwinStickCPP/Maps/TwinStickExampleMap.TwinStickExampleMap:PersistentLevel.TwinStickExampleMap'
[2017.04.09-11.10.35:702][917]LogBlueprintUserMessages: Early EndPlayMap Detection: Level '/Game/TwinStickCPP/Maps/TwinStickExampleMap.TwinStickExampleMap:PersistentLevel' has LevelScriptBlueprint '/Game/TwinStickCPP/Maps/TwinStickExampleMap.TwinStickExampleMap:PersistentLevel.TwinStickExampleMap' with GeneratedClass '/Game/TwinStickCPP/Maps/TwinStickExampleMap.TwinStickExampleMap_C' with ClassGeneratedBy '/Game/TwinStickCPP/Maps/TwinStickExampleMap.TwinStickExampleMap:PersistentLevel.TwinStickExampleMap'
[2017.04.09-11.10.35:757][917]LogBlueprintUserMessages: Late EndPlayMap Detection: Level '/Game/TwinStickCPP/Maps/TwinStickExampleMap.TwinStickExampleMap:PersistentLevel' has LevelScriptBlueprint '/Game/TwinStickCPP/Maps/TwinStickExampleMap.TwinStickExampleMap:PersistentLevel.TwinStickExampleMap' with GeneratedClass '/Game/TwinStickCPP/Maps/TwinStickExampleMap.TwinStickExampleMap_C' with ClassGeneratedBy '/Game/TwinStickCPP/Maps/TwinStickExampleMap.TwinStickExampleMap:PersistentLevel.TwinStickExampleMap'
[2017.04.09-11.10.46:978][582]LogTemp: Repeting last play command: Selected Viewport
[2017.04.09-11.10.46:992][582]LogBlueprintUserMessages: Early PlayInEditor Detection: Level '/Game/TwinStickCPP/Maps/TwinStickExampleMap.TwinStickExampleMap:PersistentLevel' has LevelScriptBlueprint '/Game/TwinStickCPP/Maps/TwinStickExampleMap.TwinStickExampleMap:PersistentLevel.TwinStickExampleMap' with GeneratedClass '/Game/TwinStickCPP/Maps/TwinStickExampleMap.TwinStickExampleMap_C' with ClassGeneratedBy '/Game/TwinStickCPP/Maps/TwinStickExampleMap.TwinStickExampleMap:PersistentLevel.TwinStickExampleMap'
[2017.04.09-11.10.46:993][582]LogPlayLevel: PlayLevel: No blueprints needed recompiling
[2017.04.09-11.10.46:993][582]PIE: New page: PIE session: TwinStickExampleMap (Apr 9, 2017, 3:10:46 PM)
[2017.04.09-11.10.46:993][582]LogPlayLevel: Creating play world package: /Game/TwinStickCPP/Maps/UEDPIE_0_TwinStickExampleMap
[2017.04.09-11.10.47:017][582]LogPlayLevel: PIE: StaticDuplicateObject took: (0.024494s)
[2017.04.09-11.10.47:018][582]LogAIModule: Creating AISystem for world TwinStickExampleMap
[2017.04.09-11.10.47:018][582]LogPlayLevel: PIE: World Init took: (0.001184s)
[2017.04.09-11.10.47:019][582]LogPlayLevel: PIE: Created PIE world by copying editor world from /Game/TwinStickCPP/Maps/TwinStickExampleMap.TwinStickExampleMap to /Game/TwinStickCPP/Maps/UEDPIE_0_TwinStickExampleMap.TwinStickExampleMap (0.026017s)
[2017.04.09-11.10.47:044][582]LogInit: XAudio2 using 'Hodetelefoner (Philips SHB7150 Stereo)' : 2 channels at 44.1 kHz using 16 bits per sample (channel mask 0x3)
[2017.04.09-11.10.47:050][582]LogInit: FAudioDevice initialized.
[2017.04.09-11.10.47:082][582]LogLoad: Game class is 'GameGameMode'
[2017.04.09-11.10.47:085][582]LogWorld: Bringing World /Game/TwinStickCPP/Maps/UEDPIE_0_TwinStickExampleMap.TwinStickExampleMap up for play (max tick rate 60) at 2017.04.09-13.10.47
[2017.04.09-11.10.47:086][582]LogWorld: Bringing up level for play took: 0.002521
[2017.04.09-11.10.47:087][582]PIE: Info Play in editor start time for /Game/TwinStickCPP/Maps/UEDPIE_0_TwinStickExampleMap -0.564
[2017.04.09-11.10.47:087][582]LogBlueprintUserMessages: Late PlayInEditor Detection: Level '/Game/TwinStickCPP/Maps/TwinStickExampleMap.TwinStickExampleMap:PersistentLevel' has LevelScriptBlueprint '/Game/TwinStickCPP/Maps/TwinStickExampleMap.TwinStickExampleMap:PersistentLevel.TwinStickExampleMap' with GeneratedClass '/Game/TwinStickCPP/Maps/TwinStickExampleMap.TwinStickExampleMap_C' with ClassGeneratedBy '/Game/TwinStickCPP/Maps/TwinStickExampleMap.TwinStickExampleMap:PersistentLevel.TwinStickExampleMap'
[2017.04.09-11.11.13:461][163]LogBlueprintUserMessages: Early EndPlayMap Detection: Level '/Game/TwinStickCPP/Maps/TwinStickExampleMap.TwinStickExampleMap:PersistentLevel' has LevelScriptBlueprint '/Game/TwinStickCPP/Maps/TwinStickExampleMap.TwinStickExampleMap:PersistentLevel.TwinStickExampleMap' with GeneratedClass '/Game/TwinStickCPP/Maps/TwinStickExampleMap.TwinStickExampleMap_C' with ClassGeneratedBy '/Game/TwinStickCPP/Maps/TwinStickExampleMap.TwinStickExampleMap:PersistentLevel.TwinStickExampleMap'
[2017.04.09-11.11.13:504][163]LogBlueprintUserMessages: Late EndPlayMap Detection: Level '/Game/TwinStickCPP/Maps/TwinStickExampleMap.TwinStickExampleMap:PersistentLevel' has LevelScriptBlueprint '/Game/TwinStickCPP/Maps/TwinStickExampleMap.TwinStickExampleMap:PersistentLevel.TwinStickExampleMap' with GeneratedClass '/Game/TwinStickCPP/Maps/TwinStickExampleMap.TwinStickExampleMap_C' with ClassGeneratedBy '/Game/TwinStickCPP/Maps/TwinStickExampleMap.TwinStickExampleMap:PersistentLevel.TwinStickExampleMap'
[2017.04.09-11.12.09:090][449]BlueprintLog: New page: Compile Tower
[2017.04.09-11.15.28:749][190]LogTemp: Repeting last play command: Selected Viewport
[2017.04.09-11.15.28:767][190]LogBlueprintUserMessages: Early PlayInEditor Detection: Level '/Game/TwinStickCPP/Maps/TwinStickExampleMap.TwinStickExampleMap:PersistentLevel' has LevelScriptBlueprint '/Game/TwinStickCPP/Maps/TwinStickExampleMap.TwinStickExampleMap:PersistentLevel.TwinStickExampleMap' with GeneratedClass '/Game/TwinStickCPP/Maps/TwinStickExampleMap.TwinStickExampleMap_C' with ClassGeneratedBy '/Game/TwinStickCPP/Maps/TwinStickExampleMap.TwinStickExampleMap:PersistentLevel.TwinStickExampleMap'
[2017.04.09-11.15.28:767][190]BlueprintLog: New page: Pre-Play auto-recompile
[2017.04.09-11.15.28:767][190]LogPlayLevel: [PlayLevel] Compiling Tower before play...
[2017.04.09-11.15.28:902][190]LogPlayLevel: PlayLevel: Blueprint regeneration took 134 ms (1 blueprints)
[2017.04.09-11.15.28:902][190]PIE: New page: PIE session: TwinStickExampleMap (Apr 9, 2017, 3:15:28 PM)
[2017.04.09-11.15.28:902][190]LogPlayLevel: Creating play world package: /Game/TwinStickCPP/Maps/UEDPIE_0_TwinStickExampleMap
[2017.04.09-11.15.28:928][190]LogPlayLevel: PIE: StaticDuplicateObject took: (0.026109s)
[2017.04.09-11.15.28:929][190]LogAIModule: Creating AISystem for world TwinStickExampleMap
[2017.04.09-11.15.28:929][190]LogPlayLevel: PIE: World Init took: (0.001037s)
[2017.04.09-11.15.28:929][190]LogPlayLevel: PIE: Created PIE world by copying editor world from /Game/TwinStickCPP/Maps/TwinStickExampleMap.TwinStickExampleMap to /Game/TwinStickCPP/Maps/UEDPIE_0_TwinStickExampleMap.TwinStickExampleMap (0.027471s)
[2017.04.09-11.15.28:959][190]LogInit: XAudio2 using 'Hodetelefoner (Philips SHB7150 Stereo)' : 2 channels at 44.1 kHz using 16 bits per sample (channel mask 0x3)
[2017.04.09-11.15.28:967][190]LogInit: FAudioDevice initialized.
[2017.04.09-11.15.29:003][190]LogLoad: Game class is 'GameGameMode'
[2017.04.09-11.15.29:006][190]LogWorld: Bringing World /Game/TwinStickCPP/Maps/UEDPIE_0_TwinStickExampleMap.TwinStickExampleMap up for play (max tick rate 60) at 2017.04.09-13.15.29
[2017.04.09-11.15.29:007][190]LogWorld: Bringing up level for play took: 0.002734
[2017.04.09-11.15.29:008][190]PIE: Info Play in editor start time for /Game/TwinStickCPP/Maps/UEDPIE_0_TwinStickExampleMap -0.643
[2017.04.09-11.15.29:008][190]LogBlueprintUserMessages: Late PlayInEditor Detection: Level '/Game/TwinStickCPP/Maps/TwinStickExampleMap.TwinStickExampleMap:PersistentLevel' has LevelScriptBlueprint '/Game/TwinStickCPP/Maps/TwinStickExampleMap.TwinStickExampleMap:PersistentLevel.TwinStickExampleMap' with GeneratedClass '/Game/TwinStickCPP/Maps/TwinStickExampleMap.TwinStickExampleMap_C' with ClassGeneratedBy '/Game/TwinStickCPP/Maps/TwinStickExampleMap.TwinStickExampleMap:PersistentLevel.TwinStickExampleMap'
[2017.04.09-11.15.49:877][438]LogBlueprintUserMessages: Early EndPlayMap Detection: Level '/Game/TwinStickCPP/Maps/TwinStickExampleMap.TwinStickExampleMap:PersistentLevel' has LevelScriptBlueprint '/Game/TwinStickCPP/Maps/TwinStickExampleMap.TwinStickExampleMap:PersistentLevel.TwinStickExampleMap' with GeneratedClass '/Game/TwinStickCPP/Maps/TwinStickExampleMap.TwinStickExampleMap_C' with ClassGeneratedBy '/Game/TwinStickCPP/Maps/TwinStickExampleMap.TwinStickExampleMap:PersistentLevel.TwinStickExampleMap'
[2017.04.09-11.15.49:923][438]LogBlueprintUserMessages: Late EndPlayMap Detection: Level '/Game/TwinStickCPP/Maps/TwinStickExampleMap.TwinStickExampleMap:PersistentLevel' has LevelScriptBlueprint '/Game/TwinStickCPP/Maps/TwinStickExampleMap.TwinStickExampleMap:PersistentLevel.TwinStickExampleMap' with GeneratedClass '/Game/TwinStickCPP/Maps/TwinStickExampleMap.TwinStickExampleMap_C' with ClassGeneratedBy '/Game/TwinStickCPP/Maps/TwinStickExampleMap.TwinStickExampleMap:PersistentLevel.TwinStickExampleMap'
[2017.04.09-11.16.16:897][749]LogSavePackage: Save=131.43ms
[2017.04.09-11.16.16:897][749]LogSavePackage: Moving '../../../../../../Users/out_n/Documents/Unreal Projects/Faun/Saved/TwinStickExampleMap_Auto1CF3DE8BC45D905950422A8A3679AE1F5.tmp' to '../../../../../../Users/out_n/Documents/Unreal Projects/Faun/Saved/Autosaves/Game/TwinStickCPP/Maps/TwinStickExampleMap_Auto1.umap'
[2017.04.09-11.16.16:898][749]LogSavePackage:Display: Finished SavePackage ../../../../../../Users/out_n/Documents/Unreal Projects/Faun/Saved/Autosaves/Game/TwinStickCPP/Maps/TwinStickExampleMap_Auto1.umap
[2017.04.09-11.16.16:904][749]LogFileHelpers: Editor autosave (incl. sublevels) for '/Game/TwinStickCPP/Maps/TwinStickExampleMap' took 0.178
[2017.04.09-11.16.16:904][749]LogFileHelpers: Editor autosave (incl. sublevels) for all levels took 0.178
[2017.04.09-11.16.16:906][749]OBJ SavePackage: Generating thumbnails for [1] asset(s) in package [/Game/Tower/Tower] ([1] browsable assets)...
[2017.04.09-11.16.16:931][749]OBJ SavePackage:     Rendered thumbnail for [Blueprint /Game/Tower/Tower.Tower]
[2017.04.09-11.16.16:931][749]OBJ SavePackage: Finished generating thumbnails for package [/Game/Tower/Tower]
[2017.04.09-11.16.16:931][749]Cmd: OBJ SAVEPACKAGE PACKAGE="/Game/Tower/Tower" FILE="../../../../../../Users/out_n/Documents/Unreal Projects/Faun/Saved/Autosaves/Game/Tower/Tower_Auto1.uasset" SILENT=false AUTOSAVING=true
[2017.04.09-11.16.16:987][749]LogSavePackage: Save=46.47ms
[2017.04.09-11.16.16:987][749]LogSavePackage: Moving '../../../../../../Users/out_n/Documents/Unreal Projects/Faun/Saved/Tower_Auto155F9A46748197DC0B04BF994D7B41813.tmp' to '../../../../../../Users/out_n/Documents/Unreal Projects/Faun/Saved/Autosaves/Game/Tower/Tower_Auto1.uasset'
[2017.04.09-11.16.16:988][749]LogSavePackage:Display: Finished SavePackage ../../../../../../Users/out_n/Documents/Unreal Projects/Faun/Saved/Autosaves/Game/Tower/Tower_Auto1.uasset
[2017.04.09-11.16.16:988][749]LogFileHelpers: Auto-saving content packages took 0.083
[2017.04.09-11.17.26:192][180]Cmd: OBJ SAVEPACKAGE PACKAGE="/Game/Tower/Tower" FILE="../../../../../../Users/out_n/Documents/Unreal Projects/Faun/Content/Tower/Tower.uasset" SILENT=true
[2017.04.09-11.17.26:233][180]LogSavePackage: Save=31.68ms
[2017.04.09-11.17.26:233][180]LogSavePackage: Moving '../../../../../../Users/out_n/Documents/Unreal Projects/Faun/Saved/TowerAA420B8A41088772F0A2F385DF92E98B.tmp' to '../../../../../../Users/out_n/Documents/Unreal Projects/Faun/Content/Tower/Tower.uasset'
[2017.04.09-11.17.26:241][180]LogSavePackage:Display: Finished SavePackage ../../../../../../Users/out_n/Documents/Unreal Projects/Faun/Content/Tower/Tower.uasset
[2017.04.09-11.17.27:633][180]LogSavePackage: Save=117.84ms
[2017.04.09-11.17.27:633][180]LogSavePackage: Moving '../../../../../../Users/out_n/Documents/Unreal Projects/Faun/Saved/TwinStickExampleMapE2B3ADAE451ECE5CBFB93FADA47644A2.tmp' to '../../../../../../Users/out_n/Documents/Unreal Projects/Faun/Content/TwinStickCPP/Maps/TwinStickExampleMap.umap'
[2017.04.09-11.17.27:641][180]LogSavePackage:Display: Finished SavePackage ../../../../../../Users/out_n/Documents/Unreal Projects/Faun/Content/TwinStickCPP/Maps/TwinStickExampleMap.umap
[2017.04.09-11.17.27:675][180]LogFileHelpers: Saving map 'TwinStickExampleMap' took 1.430
[2017.04.09-11.17.27:834][180]LogWindowsTextInputMethodSystem:Display: IME system now deactivated.
[2017.04.09-11.17.28:063][181]Cmd: QUIT_EDITOR
[2017.04.09-11.17.28:392][181]LogExit: Preparing to exit.
[2017.04.09-11.17.29:234][181]LogDirectoryWatcher: A directory notification for 'C:/Users/out_n/Documents/Unreal Projects/Faun/Content/' was aborted.
[2017.04.09-11.17.29:273][181]LogExit: Editor shut down
[2017.04.09-11.17.29:273][181]LogExit: Transaction tracking system shut down
[2017.04.09-11.17.29:369][181]LogObj: Freed 0b from 0 cluster array pools.
[2017.04.09-11.17.29:369][181]LogExit: Object subsystem successfully closed.
[2017.04.09-11.17.29:384][181]LogD3D11RHI: Shutdown
[2017.04.09-11.17.29:384][181]LogD3D11RHI: CleanupD3DDevice
[2017.04.09-11.17.29:568][181]LogD3D11RHI: ~FD3D11DynamicRHI
[2017.04.09-11.17.29:582][181]LogHttp:Display: Http module shutting down, but needs to wait on 1 outstanding Http requests:
[2017.04.09-11.17.29:582][181]LogHttp:Display: 	verb=[POST] url=[https://datarouter.ol.epicgames.com/datarouter/api/v1/public/data?SessionID=%7B57C445DF-4414-CC52-BE67-EAA6F623E733%7D&AppID=UEEditor.Rocket.Release&AppVersion=4.14.3-3249277%2B%2B%2BUE4%2BRelease-4.14&UserID=c58f57494d8f21dfc836d8830b66cd0b%7Cf0bb32c1c77844009b29b82c10de4041%7C1fd1d773-6ea4-4b93-bb78-620e88c975cd&AppEnvironment=datacollector-binary&UploadType=eteventstream] status=Processing
[2017.04.09-11.17.29:605][181]LogModuleManager: Shutting down and abandoning module MovieSceneCapture (245)
[2017.04.09-11.17.29:605][181]LogModuleManager: Shutting down and abandoning module BlueprintGraph (244)
[2017.04.09-11.17.29:605][181]LogModuleManager: Shutting down and abandoning module BlueprintProfiler (243)
[2017.04.09-11.17.29:606][181]LogModuleManager: Shutting down and abandoning module HierarchicalLODOutliner (242)
[2017.04.09-11.17.29:606][181]LogModuleManager: Shutting down and abandoning module CrashTracker (241)
[2017.04.09-11.17.29:606][181]LogModuleManager: Shutting down and abandoning module SceneOutliner (240)
[2017.04.09-11.17.29:606][181]LogModuleManager: Shutting down and abandoning module WidgetCarousel (239)
[2017.04.09-11.17.29:606][181]LogModuleManager: Shutting down and abandoning module AddContentDialog (238)
[2017.04.09-11.17.29:606][181]LogDirectoryWatcher: A directory notification for 'C:/Program Files (x86)/Epic Games/4.14/FeaturePacks/' was aborted.
[2017.04.09-11.17.29:607][181]LogModuleManager: Shutting down and abandoning module GameplayTags (237)
[2017.04.09-11.17.29:607][181]LogModuleManager: Shutting down and abandoning module EditorWidgets (236)
[2017.04.09-11.17.29:607][181]LogModuleManager: Shutting down and abandoning module CollectionManager (235)
[2017.04.09-11.17.29:607][181]LogDirectoryWatcher: A directory notification for 'C:/Users/out_n/Documents/Unreal Projects/Faun/Content/Collections/' was aborted.
[2017.04.09-11.17.29:607][181]LogDirectoryWatcher: A directory notification for 'C:/Users/out_n/Documents/Unreal Projects/Faun/Content/Developers/outn/Collections/' was aborted.
[2017.04.09-11.17.29:607][181]LogDirectoryWatcher: A directory notification for 'C:/Users/out_n/Documents/Unreal Projects/Faun/Saved/Collections/' was aborted.
[2017.04.09-11.17.29:608][181]LogModuleManager: Shutting down and abandoning module StatsViewer (234)
[2017.04.09-11.17.29:608][181]LogModuleManager: Shutting down and abandoning module FoliageEdit (233)
[2017.04.09-11.17.29:608][181]LogModuleManager: Shutting down and abandoning module LandscapeEditor (232)
[2017.04.09-11.17.29:608][181]LogModuleManager: Shutting down and abandoning module SceneDepthPickerMode (231)
[2017.04.09-11.17.29:608][181]LogModuleManager: Shutting down and abandoning module ActorPickerMode (230)
[2017.04.09-11.17.29:608][181]LogModuleManager: Shutting down and abandoning module GeometryMode (229)
[2017.04.09-11.17.29:608][181]LogModuleManager: Shutting down and abandoning module TextureAlignMode (228)
[2017.04.09-11.17.29:608][181]LogModuleManager: Shutting down and abandoning module BspMode (227)
[2017.04.09-11.17.29:608][181]LogModuleManager: Shutting down and abandoning module HardwareSurvey (226)
[2017.04.09-11.17.29:608][181]LogModuleManager: Shutting down and abandoning module SequenceRecorderSections (225)
[2017.04.09-11.17.29:608][181]LogModuleManager: Shutting down and abandoning module AutomationWorker (224)
[2017.04.09-11.17.29:608][181]LogModuleManager: Shutting down and abandoning module MatineeToLevelSequence (223)
[2017.04.09-11.17.29:608][181]LogModuleManager: Shutting down and abandoning module PlacementMode (222)
[2017.04.09-11.17.29:608][181]LogModuleManager: Shutting down and abandoning module LevelSequenceEditor (221)
[2017.04.09-11.17.29:608][181]LogModuleManager: Shutting down and abandoning module WmfMediaFactory (220)
[2017.04.09-11.17.29:608][181]LogModuleManager: Shutting down and abandoning module WmfMediaEditor (219)
[2017.04.09-11.17.29:608][181]LogModuleManager: Shutting down and abandoning module AvfMediaFactory (218)
[2017.04.09-11.17.29:608][181]LogModuleManager: Shutting down and abandoning module AvfMediaEditor (217)
[2017.04.09-11.17.29:608][181]LogModuleManager: Shutting down and abandoning module Media (216)
[2017.04.09-11.17.29:608][181]LogModuleManager: Shutting down and abandoning module AndroidMediaFactory (215)
[2017.04.09-11.17.29:608][181]LogModuleManager: Shutting down and abandoning module AndroidMediaEditor (214)
[2017.04.09-11.17.29:608][181]LogModuleManager: Shutting down and abandoning module CharacterAI (213)
[2017.04.09-11.17.29:608][181]LogModuleManager: Shutting down and abandoning module SequenceRecorder (212)
[2017.04.09-11.17.29:608][181]LogModuleManager: Shutting down and abandoning module AudioCapture (211)
[2017.04.09-11.17.29:608][181]LogModuleManager: Shutting down and abandoning module SmartSnapping (210)
[2017.04.09-11.17.29:608][181]LogModuleManager: Shutting down and abandoning module SessionServices (209)
[2017.04.09-11.17.29:608][181]LogModuleManager: Shutting down and abandoning module ViewportSnapping (208)
[2017.04.09-11.17.29:608][181]LogModuleManager: Shutting down and abandoning module ViewportInteraction (207)
[2017.04.09-11.17.29:608][181]LogModuleManager: Shutting down and abandoning module LogVisualizer (206)
[2017.04.09-11.17.29:608][181]LogModuleManager: Shutting down and abandoning module GameProjectGeneration (205)
[2017.04.09-11.17.29:608][181]LogModuleManager: Shutting down and abandoning module IntroTutorials (204)
[2017.04.09-11.17.29:608][181]LogModuleManager: Shutting down and abandoning module EditorLiveStreaming (203)
[2017.04.09-11.17.29:608][181]LogModuleManager: Shutting down and abandoning module IOSPlatformEditor (202)
[2017.04.09-11.17.29:608][181]LogModuleManager: Shutting down and abandoning module HTML5PlatformEditor (201)
[2017.04.09-11.17.29:608][181]LogModuleManager: Shutting down and abandoning module AndroidDeviceDetection (200)
[2017.04.09-11.17.30:530][181]LogModuleManager: Shutting down and abandoning module AndroidPlatformEditor (199)
[2017.04.09-11.17.30:530][181]LogModuleManager: Shutting down and abandoning module IOSRuntimeSettings (198)
[2017.04.09-11.17.30:530][181]LogModuleManager: Shutting down and abandoning module AndroidRuntimeSettings (197)
[2017.04.09-11.17.30:530][181]LogModuleManager: Shutting down and abandoning module InputBindingEditor (196)
[2017.04.09-11.17.30:530][181]LogModuleManager: Shutting down and abandoning module NiagaraEditor (195)
[2017.04.09-11.17.30:530][181]LogModuleManager: Shutting down and abandoning module MergeActors (194)
[2017.04.09-11.17.30:530][181]LogModuleManager: Shutting down and abandoning module SizeMap (193)
[2017.04.09-11.17.30:530][181]LogModuleManager: Shutting down and abandoning module TreeMap (192)
[2017.04.09-11.17.30:530][181]LogModuleManager: Shutting down and abandoning module ReferenceViewer (191)
[2017.04.09-11.17.30:530][181]LogModuleManager: Shutting down and abandoning module LocalizationService (190)
[2017.04.09-11.17.30:530][181]LogModuleManager: Shutting down and abandoning module LocalizationDashboard (189)
[2017.04.09-11.17.30:530][181]LogModuleManager: Shutting down and abandoning module HardwareTargeting (188)
[2017.04.09-11.17.30:530][181]LogModuleManager: Shutting down and abandoning module DeviceProfileEditor (187)
[2017.04.09-11.17.30:530][181]LogModuleManager: Shutting down and abandoning module UndoHistory (186)
[2017.04.09-11.17.30:530][181]LogModuleManager: Shutting down and abandoning module UserFeedback (185)
[2017.04.09-11.17.30:530][181]LogModuleManager: Shutting down and abandoning module XmlParser (184)
[2017.04.09-11.17.30:530][181]LogModuleManager: Shutting down and abandoning module Blutility (183)
[2017.04.09-11.17.30:530][181]LogModuleManager: Shutting down and abandoning module ProjectTargetPlatformEditor (182)
[2017.04.09-11.17.30:530][181]LogModuleManager: Shutting down and abandoning module ProjectSettingsViewer (181)
[2017.04.09-11.17.30:530][181]LogModuleManager: Shutting down and abandoning module EditorSettingsViewer (180)
[2017.04.09-11.17.30:530][181]LogModuleManager: Shutting down and abandoning module SettingsEditor (179)
[2017.04.09-11.17.30:530][181]LogModuleManager: Shutting down and abandoning module ProjectLauncher (178)
[2017.04.09-11.17.30:530][181]LogModuleManager: Shutting down and abandoning module SessionFrontend (177)
[2017.04.09-11.17.30:530][181]LogModuleManager: Shutting down and abandoning module ProfilerClient (176)
[2017.04.09-11.17.30:530][181]LogModuleManager: Shutting down and abandoning module TargetDeviceServices (175)
[2017.04.09-11.17.30:530][181]LogModuleManager: Shutting down and abandoning module DeviceManager (174)
[2017.04.09-11.17.30:584][181]LogModuleManager: Shutting down and abandoning module AutomationController (173)
[2017.04.09-11.17.30:584][181]LogModuleManager: Shutting down and abandoning module AutomationWindow (172)
[2017.04.09-11.17.30:584][181]LogModuleManager: Shutting down and abandoning module Layers (171)
[2017.04.09-11.17.30:584][181]LogModuleManager: Shutting down and abandoning module ComponentVisualizers (170)
[2017.04.09-11.17.30:584][181]LogModuleManager: Shutting down and abandoning module DetailCustomizations (169)
[2017.04.09-11.17.30:584][181]LogModuleManager: Shutting down and abandoning module PackagesDialog (168)
[2017.04.09-11.17.30:584][181]LogModuleManager: Shutting down and abandoning module AnimGraph (167)
[2017.04.09-11.17.30:584][181]LogModuleManager: Shutting down and abandoning module Persona (166)
[2017.04.09-11.17.30:584][181]LogModuleManager: Shutting down and abandoning module Kismet (165)
[2017.04.09-11.17.30:590][181]LogModuleManager: Shutting down and abandoning module GraphEditor (164)
[2017.04.09-11.17.30:590][181]LogModuleManager: Shutting down and abandoning module ClassViewer (163)
[2017.04.09-11.17.30:590][181]LogModuleManager: Shutting down and abandoning module Toolbox (162)
[2017.04.09-11.17.30:590][181]LogModuleManager: Shutting down and abandoning module ModuleUI (161)
[2017.04.09-11.17.30:590][181]LogModuleManager: Shutting down and abandoning module MovieSceneTools (160)
[2017.04.09-11.17.30:590][181]LogModuleManager: Shutting down and abandoning module OutputLog (159)
[2017.04.09-11.17.30:590][181]LogModuleManager: Shutting down and abandoning module GammaUI (158)
[2017.04.09-11.17.30:590][181]LogModuleManager: Shutting down and abandoning module Documentation (157)
[2017.04.09-11.17.30:590][181]LogModuleManager: Shutting down and abandoning module Niagara (156)
[2017.04.09-11.17.30:590][181]LogModuleManager: Shutting down and abandoning module StreamingPauseRendering (155)
[2017.04.09-11.17.30:590][181]LogModuleManager: Shutting down and abandoning module AnalyticsET (154)
[2017.04.09-11.17.30:590][181]LogModuleManager: Shutting down and abandoning module PortalServices (153)
[2017.04.09-11.17.30:590][181]LogModuleManager: Shutting down and abandoning module PortalRpc (152)
[2017.04.09-11.17.30:590][181]LogModuleManager: Shutting down and abandoning module MessagingRpc (151)
[2017.04.09-11.17.30:590][181]LogModuleManager: Shutting down and abandoning module GameplayDebugger (150)
[2017.04.09-11.17.30:590][181]LogModuleManager: Shutting down and abandoning module AITestSuite (149)
[2017.04.09-11.17.30:590][181]LogModuleManager: Shutting down and abandoning module AIModule (148)
[2017.04.09-11.17.30:590][181]LogModuleManager: Shutting down and abandoning module ProfilerService (147)
[2017.04.09-11.17.30:818][181]LogModuleManager: Shutting down and abandoning module TaskGraph (146)
[2017.04.09-11.17.30:818][181]LogModuleManager: Shutting down and abandoning module SlateRemote (145)
[2017.04.09-11.17.30:818][181]LogModuleManager: Shutting down and abandoning module SteamVRController (144)
[2017.04.09-11.17.30:818][181]LogModuleManager: Shutting down and abandoning module SteamVR (143)
[2017.04.09-11.17.30:818][181]LogModuleManager: Shutting down and abandoning module ProceduralMeshComponentEditor (142)
[2017.04.09-11.17.30:818][181]LogModuleManager: Shutting down and abandoning module ProceduralMeshComponent (141)
[2017.04.09-11.17.30:818][181]LogModuleManager: Shutting down and abandoning module OculusLibrary (140)
[2017.04.09-11.17.30:818][181]LogModuleManager: Shutting down and abandoning module OculusInput (139)
[2017.04.09-11.17.30:818][181]LogModuleManager: Shutting down and abandoning module MobilePatchingUtils (138)
[2017.04.09-11.17.30:818][181]LogModuleManager: Shutting down and abandoning module CustomMeshComponent (137)
[2017.04.09-11.17.30:818][181]LogModuleManager: Shutting down and abandoning module CableComponent (136)
[2017.04.09-11.17.30:818][181]LogModuleManager: Shutting down and abandoning module ArchVisCharacter (135)
[2017.04.09-11.17.30:818][181]LogModuleManager: Shutting down and abandoning module MediaPlayerEditor (133)
[2017.04.09-11.17.30:818][181]LogModuleManager: Shutting down and abandoning module HTML5Networking (132)
[2017.04.09-11.17.30:818][181]LogModuleManager: Shutting down and abandoning module GeometryCacheEd (131)
[2017.04.09-11.17.30:818][181]LogModuleManager: Shutting down and abandoning module GeometryCache (130)
[2017.04.09-11.17.30:818][181]LogModuleManager: Shutting down and abandoning module AlembicLibrary (129)
[2017.04.09-11.17.30:818][181]LogModuleManager: Shutting down and abandoning module AlembicImporter (128)
[2017.04.09-11.17.30:818][181]LogModuleManager: Shutting down and abandoning module SuperSearch (127)
[2017.04.09-11.17.30:818][181]LogModuleManager: Shutting down and abandoning module SuperSearchEditor (126)
[2017.04.09-11.17.30:818][181]LogModuleManager: Shutting down and abandoning module SpeedTreeImporter (125)
[2017.04.09-11.17.30:818][181]LogModuleManager: Shutting down and abandoning module PluginBrowser (124)
[2017.04.09-11.17.30:818][181]LogModuleManager: Shutting down and abandoning module MobileLauncherProfileWizard (123)
[2017.04.09-11.17.30:818][181]LogModuleManager: Shutting down and abandoning module EpicSurvey (122)
[2017.04.09-11.17.30:818][181]LogModuleManager: Shutting down and abandoning module DesktopPlatform (121)
[2017.04.09-11.17.30:818][181]LogModuleManager: Shutting down and abandoning module VisualStudioSourceCodeAccess (120)
[2017.04.09-11.17.30:818][181]LogModuleManager: Shutting down and abandoning module UObjectPlugin (119)
[2017.04.09-11.17.30:818][181]LogModuleManager: Shutting down and abandoning module SubversionSourceControl (118)
[2017.04.09-11.17.30:819][181]LogModuleManager: Shutting down and abandoning module PerforceSourceControl (117)
[2017.04.09-11.17.30:819][181]LogModuleManager: Shutting down and abandoning module SourceControl (116)
[2017.04.09-11.17.30:819][181]LogModuleManager: Shutting down and abandoning module GitSourceControl (115)
[2017.04.09-11.17.30:819][181]LogModuleManager: Shutting down and abandoning module LightPropagationVolumeEditor (114)
[2017.04.09-11.17.30:819][181]LogModuleManager: Shutting down and abandoning module PaperTiledImporter (113)
[2017.04.09-11.17.30:819][181]LogModuleManager: Shutting down and abandoning module PaperSpriteSheetImporter (112)
[2017.04.09-11.17.30:819][181]LogModuleManager: Shutting down and abandoning module MeshPaint (111)
[2017.04.09-11.17.30:819][181]LogModuleManager: Shutting down and abandoning module PixelInspectorModule (110)
[2017.04.09-11.17.30:819][181]LogModuleManager: Shutting down and abandoning module HotReload (109)
[2017.04.09-11.17.30:819][181]LogDirectoryWatcher: A directory notification for 'C:/Users/out_n/Documents/Unreal Projects/Faun/Binaries/Win64' was aborted.
[2017.04.09-11.17.30:819][181]LogModuleManager: Shutting down and abandoning module MainFrame (108)
[2017.04.09-11.17.30:819][181]LogModuleManager: Shutting down and abandoning module LevelEditor (107)
[2017.04.09-11.17.30:820][181]LogModuleManager: Shutting down and abandoning module ContentBrowser (106)
[2017.04.09-11.17.30:821][181]LogModuleManager: Shutting down and abandoning module Paper2DEditor (105)
[2017.04.09-11.17.30:821][181]LogModuleManager: Shutting down and abandoning module Game (104)
[2017.04.09-11.17.30:821][181]LogModuleManager: Shutting down and abandoning module UdpMessaging (103)
[2017.04.09-11.17.30:922][181]LogModuleManager: Shutting down and abandoning module TcpMessaging (102)
[2017.04.09-11.17.31:022][181]LogModuleManager: Shutting down and abandoning module LightPropagationVolumeRuntime (101)
[2017.04.09-11.17.31:022][181]LogModuleManager: Shutting down and abandoning module Paper2D (100)
[2017.04.09-11.17.31:022][181]LogModuleManager: Shutting down and abandoning module WindowsMoviePlayer (99)
[2017.04.09-11.17.31:022][181]LogModuleManager: Shutting down and abandoning module WmfMedia (98)
[2017.04.09-11.17.31:022][181]LogModuleManager: Shutting down and abandoning module MediaAssets (97)
[2017.04.09-11.17.31:022][181]LogModuleManager: Shutting down and abandoning module GameLiveStreaming (96)
[2017.04.09-11.17.31:022][181]LogModuleManager: Shutting down and abandoning module GameplayTagsEditor (95)
[2017.04.09-11.17.31:022][181]LogModuleManager: Shutting down and abandoning module VREditor (94)
[2017.04.09-11.17.31:022][181]LogModuleManager: Shutting down and abandoning module GameplayTasksEditor (93)
[2017.04.09-11.17.31:022][181]LogModuleManager: Shutting down and abandoning module BehaviorTreeEditor (92)
[2017.04.09-11.17.31:022][181]LogModuleManager: Shutting down and abandoning module FunctionalTesting (91)
[2017.04.09-11.17.31:022][181]LogModuleManager: Shutting down and abandoning module CollisionAnalyzer (90)
[2017.04.09-11.17.31:022][181]LogModuleManager: Shutting down and abandoning module Sequencer (89)
[2017.04.09-11.17.31:022][181]LogModuleManager: Shutting down and abandoning module WorkspaceMenuStructure (88)
[2017.04.09-11.17.31:022][181]LogModuleManager: Shutting down and abandoning module MessageLog (87)
[2017.04.09-11.17.31:022][181]LogModuleManager: Shutting down and abandoning module AssetTools (86)
[2017.04.09-11.17.31:022][181]LogModuleManager: Shutting down and abandoning module UMGEditor (85)
[2017.04.09-11.17.31:022][181]LogModuleManager: Shutting down and abandoning module UMG (84)
[2017.04.09-11.17.31:022][181]LogModuleManager: Shutting down and abandoning module SlateReflector (83)
[2017.04.09-11.17.31:022][181]LogModuleManager: Shutting down and abandoning module Slate (82)
[2017.04.09-11.17.31:022][181]LogModuleManager: Shutting down and abandoning module EditorStyle (81)
[2017.04.09-11.17.31:025][181]LogModuleManager: Shutting down and abandoning module SourceCodeAccess (80)
[2017.04.09-11.17.31:025][181]LogModuleManager: Shutting down and abandoning module HeadMountedDisplay (79)
[2017.04.09-11.17.31:025][181]LogModuleManager: Shutting down and abandoning module XAudio2 (78)
[2017.04.09-11.17.31:025][181]LogModuleManager: Shutting down and abandoning module Networking (76)
[2017.04.09-11.17.31:025][181]LogModuleManager: Shutting down and abandoning module Core (75)
[2017.04.09-11.17.31:025][181]LogModuleManager: Shutting down and abandoning module DirectoryWatcher (74)
[2017.04.09-11.17.31:025][181]LogDirectoryWatcher: A directory notification for '../../../Engine/Content/' was aborted.
[2017.04.09-11.17.31:025][181]LogDirectoryWatcher: A directory notification for '../../../../../../Users/out_n/Documents/Unreal Projects/Faun/Content/' was aborted.
[2017.04.09-11.17.31:025][181]LogDirectoryWatcher: A directory notification for '../../../Engine/Plugins/2D/Paper2D/Content/' was aborted.
[2017.04.09-11.17.31:025][181]LogModuleManager: Shutting down and abandoning module AssetRegistry (73)
[2017.04.09-11.17.31:054][181]LogModuleManager: Shutting down and abandoning module KismetCompiler (72)
[2017.04.09-11.17.31:054][181]LogModuleManager: Shutting down and abandoning module PhysXFormats (71)
[2017.04.09-11.17.31:054][181]LogModuleManager: Shutting down and abandoning module SimplygonSwarm (70)
[2017.04.09-11.17.31:054][181]LogModuleManager: Shutting down and abandoning module SimplygonMeshReduction (69)
[2017.04.09-11.17.31:054][181]LogModuleManager: Shutting down and abandoning module QuadricMeshReduction (68)
[2017.04.09-11.17.31:054][181]LogModuleManager: Shutting down and abandoning module PropertyEditor (67)
[2017.04.09-11.17.31:054][181]LogModuleManager: Shutting down and abandoning module MeshUtilities (66)
[2017.04.09-11.17.31:054][181]LogModuleManager: Shutting down and abandoning module DerivedDataCache (65)
[2017.04.09-11.17.31:143][181]LogDerivedDataCache: Shutdown
[2017.04.09-11.17.31:143][181]LogModuleManager: Shutting down and abandoning module VulkanShaderFormat (64)
[2017.04.09-11.17.31:143][181]LogModuleManager: Shutting down and abandoning module ShaderFormatOpenGL (63)
[2017.04.09-11.17.31:143][181]LogModuleManager: Shutting down and abandoning module ShaderFormatD3D (62)
[2017.04.09-11.17.31:143][181]LogModuleManager: Shutting down and abandoning module MetalShaderFormat (61)
[2017.04.09-11.17.31:143][181]LogModuleManager: Shutting down and abandoning module TextureFormatUncompressed (60)
[2017.04.09-11.17.31:143][181]LogModuleManager: Shutting down and abandoning module TextureFormatPVR (59)
[2017.04.09-11.17.31:143][181]LogModuleManager: Shutting down and abandoning module TextureFormatDXT (58)
[2017.04.09-11.17.31:143][181]LogModuleManager: Shutting down and abandoning module TextureFormatIntelISPCTexComp (57)
[2017.04.09-11.17.31:143][181]LogModuleManager: Shutting down and abandoning module ImageWrapper (56)
[2017.04.09-11.17.31:143][181]LogModuleManager: Shutting down and abandoning module TextureFormatASTC (55)
[2017.04.09-11.17.31:143][181]LogModuleManager: Shutting down and abandoning module TextureFormatAndroid (54)
[2017.04.09-11.17.31:143][181]LogModuleManager: Shutting down and abandoning module AudioFormatOpus (53)
[2017.04.09-11.17.31:143][181]LogModuleManager: Shutting down and abandoning module AudioFormatOgg (52)
[2017.04.09-11.17.31:143][181]LogModuleManager: Shutting down and abandoning module AudioFormatADPCM (51)
[2017.04.09-11.17.31:143][181]LogModuleManager: Shutting down and abandoning module LinuxTargetPlatform (50)
[2017.04.09-11.17.31:143][181]LogModuleManager: Shutting down and abandoning module LinuxServerTargetPlatform (49)
[2017.04.09-11.17.31:143][181]LogModuleManager: Shutting down and abandoning module LinuxNoEditorTargetPlatform (48)
[2017.04.09-11.17.31:143][181]LogModuleManager: Shutting down and abandoning module LinuxClientTargetPlatform (47)
[2017.04.09-11.17.31:143][181]LogModuleManager: Shutting down and abandoning module TVOSTargetPlatform (46)
[2017.04.09-11.17.31:143][181]LogModuleManager: Shutting down and abandoning module Messaging (45)
[2017.04.09-11.17.31:143][181]LogModuleManager: Shutting down and abandoning module IOSTargetPlatform (44)
[2017.04.09-11.17.31:143][181]LogModuleManager: Shutting down and abandoning module HTML5TargetPlatform (43)
[2017.04.09-11.17.31:143][181]LogModuleManager: Shutting down and abandoning module Android_PVRTCTargetPlatform (42)
[2017.04.09-11.17.31:143][181]LogModuleManager: Shutting down and abandoning module Android_MultiTargetPlatform (41)
[2017.04.09-11.17.31:143][181]LogModuleManager: Shutting down and abandoning module Android_ETC2TargetPlatform (40)
[2017.04.09-11.17.31:143][181]LogModuleManager: Shutting down and abandoning module Android_ETC1TargetPlatform (39)
[2017.04.09-11.17.31:143][181]LogModuleManager: Shutting down and abandoning module Android_DXTTargetPlatform (38)
[2017.04.09-11.17.31:143][181]LogModuleManager: Shutting down and abandoning module Android_ATCTargetPlatform (37)
[2017.04.09-11.17.31:143][181]LogModuleManager: Shutting down and abandoning module Android_ASTCTargetPlatform (36)
[2017.04.09-11.17.31:143][181]LogModuleManager: Shutting down and abandoning module AndroidTargetPlatform (35)
[2017.04.09-11.17.31:143][181]LogModuleManager: Shutting down and abandoning module WindowsTargetPlatform (34)
[2017.04.09-11.17.31:143][181]LogModuleManager: Shutting down and abandoning module WindowsServerTargetPlatform (33)
[2017.04.09-11.17.31:143][181]LogModuleManager: Shutting down and abandoning module WindowsNoEditorTargetPlatform (32)
[2017.04.09-11.17.31:143][181]LogModuleManager: Shutting down and abandoning module WindowsClientTargetPlatform (31)
[2017.04.09-11.17.31:143][181]LogModuleManager: Shutting down and abandoning module MacTargetPlatform (30)
[2017.04.09-11.17.31:144][181]LogModuleManager: Shutting down and abandoning module MacServerTargetPlatform (29)
[2017.04.09-11.17.31:144][181]LogModuleManager: Shutting down and abandoning module MacNoEditorTargetPlatform (28)
[2017.04.09-11.17.31:144][181]LogModuleManager: Shutting down and abandoning module MacClientTargetPlatform (27)
[2017.04.09-11.17.31:144][181]LogModuleManager: Shutting down and abandoning module AllDesktopTargetPlatform (26)
[2017.04.09-11.17.31:144][181]LogModuleManager: Shutting down and abandoning module TargetPlatform (25)
[2017.04.09-11.17.31:144][181]LogModuleManager: Shutting down and abandoning module InputCore (24)
[2017.04.09-11.17.31:144][181]LogModuleManager: Shutting down and abandoning module Settings (23)
[2017.04.09-11.17.31:144][181]LogModuleManager: Shutting down and abandoning module OculusRift (22)
[2017.04.09-11.17.31:144][181]LogModuleManager: Shutting down and abandoning module ExampleDeviceProfileSelector (21)
[2017.04.09-11.17.31:144][181]LogModuleManager: Shutting down and abandoning module OnlineBlueprintSupport (20)
[2017.04.09-11.17.31:144][181]LogModuleManager: Shutting down and abandoning module OnlineSubsystem (18)
[2017.04.09-11.17.31:144][181]LogOnline:Display: Unloading online subsystem: NULL
[2017.04.09-11.17.31:144][181]LogModuleManager: Shutting down and abandoning module SSL (17)
[2017.04.09-11.17.31:145][181]LogModuleManager: Shutting down and abandoning module HTTP (16)
[2017.04.09-11.17.31:145][181]LogModuleManager: Shutting down and abandoning module XMPP (15)
[2017.04.09-11.17.31:145][181]LogModuleManager: Shutting down and abandoning module TextureCompressor (14)
[2017.04.09-11.17.31:145][181]LogModuleManager: Shutting down and abandoning module ShaderCore (13)
[2017.04.09-11.17.31:145][181]LogModuleManager: Shutting down and abandoning module Landscape (12)
[2017.04.09-11.17.31:145][181]LogModuleManager: Shutting down and abandoning module SlateRHIRenderer (11)
[2017.04.09-11.17.31:147][181]LogModuleManager: Shutting down and abandoning module OpenGLDrv (10)
[2017.04.09-11.17.31:147][181]LogModuleManager: Shutting down and abandoning module D3D11RHI (9)
[2017.04.09-11.17.31:147][181]LogModuleManager: Shutting down and abandoning module AnimGraphRuntime (8)
[2017.04.09-11.17.31:147][181]LogModuleManager: Shutting down and abandoning module Renderer (7)
[2017.04.09-11.17.31:147][181]LogModuleManager: Shutting down and abandoning module Engine (6)
[2017.04.09-11.17.31:147][181]LogModuleManager: Shutting down and abandoning module CoreUObject (5)
[2017.04.09-11.17.31:147][181]LogModuleManager: Shutting down and abandoning module NetworkFile (4)
[2017.04.09-11.17.31:147][181]LogModuleManager: Shutting down and abandoning module StreamingFile (3)
[2017.04.09-11.17.31:147][181]LogModuleManager: Shutting down and abandoning module SandboxFile (2)
[2017.04.09-11.17.31:147][181]LogModuleManager: Shutting down and abandoning module PakFile (1)
[2017.04.09-11.17.31:149][181]LogExit: Exiting.
[2017.04.09-11.17.31:151][181]Log file closed, 04/09/17 13:17:31
